CRITICAL - 2022-09-21 09:01:06 --> Undefined index: extra_id
in APPPATH\Controllers\Carrinho.php on line 62.
 1 APPPATH\Controllers\Carrinho.php(62): CodeIgniter\Debug\Exceptions->errorHandler(8, 'Undefined index: extra_id', 'APPPATH\\Controllers\\Carrinho.php', 62, [...])
 2 SYSTEMPATH\CodeIgniter.php(898): App\Controllers\Carrinho->adicionar()
 3 SYSTEMPATH\CodeIgniter.php(457): CodeIgniter\CodeIgniter->runController(Object(App\Controllers\Carrinho))
 4 SYSTEMPATH\CodeIgniter.php(340): CodeIgniter\CodeIgniter->handleRequest(null, Object(Config\Cache), false)
 5 FCPATH\index.php(67): CodeIgniter\CodeIgniter->run()
 6 SYSTEMPATH\Commands\Server\rewrite.php(43): require_once('FCPATH\\index.php')
CRITICAL - 2022-09-21 09:02:18 --> Undefined variable: extra
in APPPATH\Controllers\Carrinho.php on line 73.
 1 APPPATH\Controllers\Carrinho.php(73): CodeIgniter\Debug\Exceptions->errorHandler(8, 'Undefined variable: extra', 'APPPATH\\Controllers\\Carrinho.php', 73, [...])
 2 SYSTEMPATH\CodeIgniter.php(898): App\Controllers\Carrinho->adicionar()
 3 SYSTEMPATH\CodeIgniter.php(457): CodeIgniter\CodeIgniter->runController(Object(App\Controllers\Carrinho))
 4 SYSTEMPATH\CodeIgniter.php(340): CodeIgniter\CodeIgniter->handleRequest(null, Object(Config\Cache), false)
 5 FCPATH\index.php(67): CodeIgniter\CodeIgniter->run()
 6 SYSTEMPATH\Commands\Server\rewrite.php(43): require_once('FCPATH\\index.php')
ERROR - 2022-09-21 11:47:12 --> mysqli_sql_exception: Unknown column 'extras.extra_id' in 'field list' in C:\xampp\htdocs\food\system\Database\MySQLi\Connection.php:292
Stack trace:
#0 C:\xampp\htdocs\food\system\Database\MySQLi\Connection.php(292): mysqli->query('SELECT `extras`...', 0)
#1 C:\xampp\htdocs\food\system\Database\BaseConnection.php(693): CodeIgniter\Database\MySQLi\Connection->execute('SELECT `extras`...')
#2 C:\xampp\htdocs\food\system\Database\BaseConnection.php(620): CodeIgniter\Database\BaseConnection->simpleQuery('SELECT `extras`...')
#3 C:\xampp\htdocs\food\system\Database\BaseBuilder.php(1585): CodeIgniter\Database\BaseConnection->query('SELECT `extras`...', Array, false)
#4 C:\xampp\htdocs\food\system\Model.php(222): CodeIgniter\Database\BaseBuilder->get()
#5 C:\xampp\htdocs\food\system\BaseModel.php(584): CodeIgniter\Model->doFindAll(0, 0)
#6 C:\xampp\htdocs\food\app\Models\ProdutoExtraModel.php(42): CodeIgniter\BaseModel->findAll()
#7 C:\xampp\htdocs\food\app\Controllers\Produto.php(36): App\Models\ProdutoExtraModel->buscaExtrasDoProdutoDetalhes(9)
#8 C:\xampp\htdocs\food\system\CodeIgniter.php(898): App\Controllers\Produto->detalhes('pizza-calabresa')
#9 C:\xampp\htdocs\food\system\CodeIgniter.php(457): CodeIgniter\CodeIgniter->runController(Object(App\Controllers\Produto))
#10 C:\xampp\htdocs\food\system\CodeIgniter.php(340): CodeIgniter\CodeIgniter->handleRequest(NULL, Object(Config\Cache), false)
#11 C:\xampp\htdocs\food\public\index.php(67): CodeIgniter\CodeIgniter->run()
#12 C:\xampp\htdocs\food\system\Commands\Server\rewrite.php(43): require_once('C:\\xampp\\htdocs...')
#13 {main}
CRITICAL - 2022-09-21 11:47:12 --> Unknown column 'extras.extra_id' in 'field list'
in SYSTEMPATH\Database\MySQLi\Connection.php on line 292.
 1 SYSTEMPATH\Database\MySQLi\Connection.php(292): mysqli->query('SELECT `extras`.`extra_id`, `extras`.`nome`, `extras`.`preco`, `produtos_extras`.`id` AS `id_principal`
FROM `produtos_extras`
JOIN `extras` ON `extras`.`id` = `produtos_extras`.`extra_id`
JOIN `produtos` ON `produtos`.`id` = `produtos_extras`.`produto_id`
WHERE `produtos_extras`.`produto_id` = 9', 0)
 2 SYSTEMPATH\Database\BaseConnection.php(693): CodeIgniter\Database\MySQLi\Connection->execute('SELECT `extras`.`extra_id`, `extras`.`nome`, `extras`.`preco`, `produtos_extras`.`id` AS `id_principal`
FROM `produtos_extras`
JOIN `extras` ON `extras`.`id` = `produtos_extras`.`extra_id`
JOIN `produtos` ON `produtos`.`id` = `produtos_extras`.`produto_id`
WHERE `produtos_extras`.`produto_id` = 9')
 3 SYSTEMPATH\Database\BaseConnection.php(620): CodeIgniter\Database\BaseConnection->simpleQuery('SELECT `extras`.`extra_id`, `extras`.`nome`, `extras`.`preco`, `produtos_extras`.`id` AS `id_principal`
FROM `produtos_extras`
JOIN `extras` ON `extras`.`id` = `produtos_extras`.`extra_id`
JOIN `produtos` ON `produtos`.`id` = `produtos_extras`.`produto_id`
WHERE `produtos_extras`.`produto_id` = 9')
 4 SYSTEMPATH\Database\BaseBuilder.php(1585): CodeIgniter\Database\BaseConnection->query('SELECT `extras`.`extra_id`, `extras`.`nome`, `extras`.`preco`, `produtos_extras`.`id` AS `id_principal`
FROM `produtos_extras`
JOIN `extras` ON `extras`.`id` = `produtos_extras`.`extra_id`
JOIN `produtos` ON `produtos`.`id` = `produtos_extras`.`produto_id`
WHERE `produtos_extras`.`produto_id` = :produtos_extras.produto_id:', [...], false)
 5 SYSTEMPATH\Model.php(222): CodeIgniter\Database\BaseBuilder->get()
 6 SYSTEMPATH\BaseModel.php(584): CodeIgniter\Model->doFindAll(0, 0)
 7 APPPATH\Models\ProdutoExtraModel.php(42): CodeIgniter\BaseModel->findAll()
 8 APPPATH\Controllers\Produto.php(36): App\Models\ProdutoExtraModel->buscaExtrasDoProdutoDetalhes(9)
 9 SYSTEMPATH\CodeIgniter.php(898): App\Controllers\Produto->detalhes('pizza-calabresa')
10 SYSTEMPATH\CodeIgniter.php(457): CodeIgniter\CodeIgniter->runController(Object(App\Controllers\Produto))
11 SYSTEMPATH\CodeIgniter.php(340): CodeIgniter\CodeIgniter->handleRequest(null, Object(Config\Cache), false)
12 FCPATH\index.php(67): CodeIgniter\CodeIgniter->run()
13 SYSTEMPATH\Commands\Server\rewrite.php(43): require_once('FCPATH\\index.php')
ERROR - 2022-09-21 11:47:13 --> mysqli_sql_exception: Unknown column 'extras.extra_id' in 'field list' in C:\xampp\htdocs\food\system\Database\MySQLi\Connection.php:292
Stack trace:
#0 C:\xampp\htdocs\food\system\Database\MySQLi\Connection.php(292): mysqli->query('SELECT `extras`...', 0)
#1 C:\xampp\htdocs\food\system\Database\BaseConnection.php(693): CodeIgniter\Database\MySQLi\Connection->execute('SELECT `extras`...')
#2 C:\xampp\htdocs\food\system\Database\BaseConnection.php(620): CodeIgniter\Database\BaseConnection->simpleQuery('SELECT `extras`...')
#3 C:\xampp\htdocs\food\system\Database\BaseBuilder.php(1585): CodeIgniter\Database\BaseConnection->query('SELECT `extras`...', Array, false)
#4 C:\xampp\htdocs\food\system\Model.php(222): CodeIgniter\Database\BaseBuilder->get()
#5 C:\xampp\htdocs\food\system\BaseModel.php(584): CodeIgniter\Model->doFindAll(0, 0)
#6 C:\xampp\htdocs\food\app\Models\ProdutoExtraModel.php(42): CodeIgniter\BaseModel->findAll()
#7 C:\xampp\htdocs\food\app\Controllers\Produto.php(36): App\Models\ProdutoExtraModel->buscaExtrasDoProdutoDetalhes(9)
#8 C:\xampp\htdocs\food\system\CodeIgniter.php(898): App\Controllers\Produto->detalhes('pizza-calabresa')
#9 C:\xampp\htdocs\food\system\CodeIgniter.php(457): CodeIgniter\CodeIgniter->runController(Object(App\Controllers\Produto))
#10 C:\xampp\htdocs\food\system\CodeIgniter.php(340): CodeIgniter\CodeIgniter->handleRequest(NULL, Object(Config\Cache), false)
#11 C:\xampp\htdocs\food\public\index.php(67): CodeIgniter\CodeIgniter->run()
#12 C:\xampp\htdocs\food\system\Commands\Server\rewrite.php(43): require_once('C:\\xampp\\htdocs...')
#13 {main}
CRITICAL - 2022-09-21 11:47:13 --> Unknown column 'extras.extra_id' in 'field list'
in SYSTEMPATH\Database\MySQLi\Connection.php on line 292.
 1 SYSTEMPATH\Database\MySQLi\Connection.php(292): mysqli->query('SELECT `extras`.`extra_id`, `extras`.`nome`, `extras`.`preco`, `produtos_extras`.`id` AS `id_principal`
FROM `produtos_extras`
JOIN `extras` ON `extras`.`id` = `produtos_extras`.`extra_id`
JOIN `produtos` ON `produtos`.`id` = `produtos_extras`.`produto_id`
WHERE `produtos_extras`.`produto_id` = 9', 0)
 2 SYSTEMPATH\Database\BaseConnection.php(693): CodeIgniter\Database\MySQLi\Connection->execute('SELECT `extras`.`extra_id`, `extras`.`nome`, `extras`.`preco`, `produtos_extras`.`id` AS `id_principal`
FROM `produtos_extras`
JOIN `extras` ON `extras`.`id` = `produtos_extras`.`extra_id`
JOIN `produtos` ON `produtos`.`id` = `produtos_extras`.`produto_id`
WHERE `produtos_extras`.`produto_id` = 9')
 3 SYSTEMPATH\Database\BaseConnection.php(620): CodeIgniter\Database\BaseConnection->simpleQuery('SELECT `extras`.`extra_id`, `extras`.`nome`, `extras`.`preco`, `produtos_extras`.`id` AS `id_principal`
FROM `produtos_extras`
JOIN `extras` ON `extras`.`id` = `produtos_extras`.`extra_id`
JOIN `produtos` ON `produtos`.`id` = `produtos_extras`.`produto_id`
WHERE `produtos_extras`.`produto_id` = 9')
 4 SYSTEMPATH\Database\BaseBuilder.php(1585): CodeIgniter\Database\BaseConnection->query('SELECT `extras`.`extra_id`, `extras`.`nome`, `extras`.`preco`, `produtos_extras`.`id` AS `id_principal`
FROM `produtos_extras`
JOIN `extras` ON `extras`.`id` = `produtos_extras`.`extra_id`
JOIN `produtos` ON `produtos`.`id` = `produtos_extras`.`produto_id`
WHERE `produtos_extras`.`produto_id` = :produtos_extras.produto_id:', [...], false)
 5 SYSTEMPATH\Model.php(222): CodeIgniter\Database\BaseBuilder->get()
 6 SYSTEMPATH\BaseModel.php(584): CodeIgniter\Model->doFindAll(0, 0)
 7 APPPATH\Models\ProdutoExtraModel.php(42): CodeIgniter\BaseModel->findAll()
 8 APPPATH\Controllers\Produto.php(36): App\Models\ProdutoExtraModel->buscaExtrasDoProdutoDetalhes(9)
 9 SYSTEMPATH\CodeIgniter.php(898): App\Controllers\Produto->detalhes('pizza-calabresa')
10 SYSTEMPATH\CodeIgniter.php(457): CodeIgniter\CodeIgniter->runController(Object(App\Controllers\Produto))
11 SYSTEMPATH\CodeIgniter.php(340): CodeIgniter\CodeIgniter->handleRequest(null, Object(Config\Cache), false)
12 FCPATH\index.php(67): CodeIgniter\CodeIgniter->run()
13 SYSTEMPATH\Commands\Server\rewrite.php(43): require_once('FCPATH\\index.php')
CRITICAL - 2022-09-21 12:09:06 --> syntax error, unexpected '}', expecting ';'
in APPPATH\Models\ProdutoExtraModel.php on line 40.
 1 SYSTEMPATH\Autoloader\Autoloader.php(259): CodeIgniter\Autoloader\Autoloader->includeFile('APPPATH\\Models\\ProdutoExtraModel.php')
 2 SYSTEMPATH\Autoloader\Autoloader.php(237): CodeIgniter\Autoloader\Autoloader->loadInNamespace('App\\Models\\ProdutoExtraModel')
 3 [internal function]: CodeIgniter\Autoloader\Autoloader->loadClass('App\\Models\\ProdutoExtraModel')
 4 APPPATH\Controllers\Produto.php(17): spl_autoload_call('App\\Models\\ProdutoExtraModel')
 5 SYSTEMPATH\CodeIgniter.php(860): App\Controllers\Produto->__construct()
 6 SYSTEMPATH\CodeIgniter.php(448): CodeIgniter\CodeIgniter->createController()
 7 SYSTEMPATH\CodeIgniter.php(340): CodeIgniter\CodeIgniter->handleRequest(null, Object(Config\Cache), false)
 8 FCPATH\index.php(67): CodeIgniter\CodeIgniter->run()
 9 SYSTEMPATH\Commands\Server\rewrite.php(43): require_once('FCPATH\\index.php')
ERROR - 2022-09-21 12:16:15 --> mysqli_sql_exception: Unknown column 'produtos_extras' in 'field list' in C:\xampp\htdocs\food\system\Database\MySQLi\Connection.php:292
Stack trace:
#0 C:\xampp\htdocs\food\system\Database\MySQLi\Connection.php(292): mysqli->query('SELECT `extras`...', 0)
#1 C:\xampp\htdocs\food\system\Database\BaseConnection.php(693): CodeIgniter\Database\MySQLi\Connection->execute('SELECT `extras`...')
#2 C:\xampp\htdocs\food\system\Database\BaseConnection.php(620): CodeIgniter\Database\BaseConnection->simpleQuery('SELECT `extras`...')
#3 C:\xampp\htdocs\food\system\Database\BaseBuilder.php(1585): CodeIgniter\Database\BaseConnection->query('SELECT `extras`...', Array, false)
#4 C:\xampp\htdocs\food\system\Model.php(222): CodeIgniter\Database\BaseBuilder->get()
#5 C:\xampp\htdocs\food\system\BaseModel.php(584): CodeIgniter\Model->doFindAll(0, 0)
#6 C:\xampp\htdocs\food\app\Models\ProdutoExtraModel.php(42): CodeIgniter\BaseModel->findAll()
#7 C:\xampp\htdocs\food\app\Controllers\Produto.php(36): App\Models\ProdutoExtraModel->buscaExtrasDoProdutoDetalhes(9)
#8 C:\xampp\htdocs\food\system\CodeIgniter.php(898): App\Controllers\Produto->detalhes('pizza-calabresa')
#9 C:\xampp\htdocs\food\system\CodeIgniter.php(457): CodeIgniter\CodeIgniter->runController(Object(App\Controllers\Produto))
#10 C:\xampp\htdocs\food\system\CodeIgniter.php(340): CodeIgniter\CodeIgniter->handleRequest(NULL, Object(Config\Cache), false)
#11 C:\xampp\htdocs\food\public\index.php(67): CodeIgniter\CodeIgniter->run()
#12 C:\xampp\htdocs\food\system\Commands\Server\rewrite.php(43): require_once('C:\\xampp\\htdocs...')
#13 {main}
CRITICAL - 2022-09-21 12:16:15 --> Unknown column 'produtos_extras' in 'field list'
in SYSTEMPATH\Database\MySQLi\Connection.php on line 292.
 1 SYSTEMPATH\Database\MySQLi\Connection.php(292): mysqli->query('SELECT `extras`.`id`, `extras`.`nome`, `extras`.`preco`, `produtos_extras` AS `id_principal`
FROM `produtos_extras`
JOIN `extras` ON `extras`.`id` = `produtos_extras`.`extra_id`
JOIN `produtos` ON `produtos`.`id` = `produtos_extras`.`produto_id`
WHERE `produtos_extras`.`produto_id` = 9', 0)
 2 SYSTEMPATH\Database\BaseConnection.php(693): CodeIgniter\Database\MySQLi\Connection->execute('SELECT `extras`.`id`, `extras`.`nome`, `extras`.`preco`, `produtos_extras` AS `id_principal`
FROM `produtos_extras`
JOIN `extras` ON `extras`.`id` = `produtos_extras`.`extra_id`
JOIN `produtos` ON `produtos`.`id` = `produtos_extras`.`produto_id`
WHERE `produtos_extras`.`produto_id` = 9')
 3 SYSTEMPATH\Database\BaseConnection.php(620): CodeIgniter\Database\BaseConnection->simpleQuery('SELECT `extras`.`id`, `extras`.`nome`, `extras`.`preco`, `produtos_extras` AS `id_principal`
FROM `produtos_extras`
JOIN `extras` ON `extras`.`id` = `produtos_extras`.`extra_id`
JOIN `produtos` ON `produtos`.`id` = `produtos_extras`.`produto_id`
WHERE `produtos_extras`.`produto_id` = 9')
 4 SYSTEMPATH\Database\BaseBuilder.php(1585): CodeIgniter\Database\BaseConnection->query('SELECT `extras`.`id`, `extras`.`nome`, `extras`.`preco`, `produtos_extras` AS `id_principal`
FROM `produtos_extras`
JOIN `extras` ON `extras`.`id` = `produtos_extras`.`extra_id`
JOIN `produtos` ON `produtos`.`id` = `produtos_extras`.`produto_id`
WHERE `produtos_extras`.`produto_id` = :produtos_extras.produto_id:', [...], false)
 5 SYSTEMPATH\Model.php(222): CodeIgniter\Database\BaseBuilder->get()
 6 SYSTEMPATH\BaseModel.php(584): CodeIgniter\Model->doFindAll(0, 0)
 7 APPPATH\Models\ProdutoExtraModel.php(42): CodeIgniter\BaseModel->findAll()
 8 APPPATH\Controllers\Produto.php(36): App\Models\ProdutoExtraModel->buscaExtrasDoProdutoDetalhes(9)
 9 SYSTEMPATH\CodeIgniter.php(898): App\Controllers\Produto->detalhes('pizza-calabresa')
10 SYSTEMPATH\CodeIgniter.php(457): CodeIgniter\CodeIgniter->runController(Object(App\Controllers\Produto))
11 SYSTEMPATH\CodeIgniter.php(340): CodeIgniter\CodeIgniter->handleRequest(null, Object(Config\Cache), false)
12 FCPATH\index.php(67): CodeIgniter\CodeIgniter->run()
13 SYSTEMPATH\Commands\Server\rewrite.php(43): require_once('FCPATH\\index.php')
ERROR - 2022-09-21 12:16:16 --> mysqli_sql_exception: Unknown column 'produtos_extras' in 'field list' in C:\xampp\htdocs\food\system\Database\MySQLi\Connection.php:292
Stack trace:
#0 C:\xampp\htdocs\food\system\Database\MySQLi\Connection.php(292): mysqli->query('SELECT `extras`...', 0)
#1 C:\xampp\htdocs\food\system\Database\BaseConnection.php(693): CodeIgniter\Database\MySQLi\Connection->execute('SELECT `extras`...')
#2 C:\xampp\htdocs\food\system\Database\BaseConnection.php(620): CodeIgniter\Database\BaseConnection->simpleQuery('SELECT `extras`...')
#3 C:\xampp\htdocs\food\system\Database\BaseBuilder.php(1585): CodeIgniter\Database\BaseConnection->query('SELECT `extras`...', Array, false)
#4 C:\xampp\htdocs\food\system\Model.php(222): CodeIgniter\Database\BaseBuilder->get()
#5 C:\xampp\htdocs\food\system\BaseModel.php(584): CodeIgniter\Model->doFindAll(0, 0)
#6 C:\xampp\htdocs\food\app\Models\ProdutoExtraModel.php(42): CodeIgniter\BaseModel->findAll()
#7 C:\xampp\htdocs\food\app\Controllers\Produto.php(36): App\Models\ProdutoExtraModel->buscaExtrasDoProdutoDetalhes(9)
#8 C:\xampp\htdocs\food\system\CodeIgniter.php(898): App\Controllers\Produto->detalhes('pizza-calabresa')
#9 C:\xampp\htdocs\food\system\CodeIgniter.php(457): CodeIgniter\CodeIgniter->runController(Object(App\Controllers\Produto))
#10 C:\xampp\htdocs\food\system\CodeIgniter.php(340): CodeIgniter\CodeIgniter->handleRequest(NULL, Object(Config\Cache), false)
#11 C:\xampp\htdocs\food\public\index.php(67): CodeIgniter\CodeIgniter->run()
#12 C:\xampp\htdocs\food\system\Commands\Server\rewrite.php(43): require_once('C:\\xampp\\htdocs...')
#13 {main}
CRITICAL - 2022-09-21 12:16:16 --> Unknown column 'produtos_extras' in 'field list'
in SYSTEMPATH\Database\MySQLi\Connection.php on line 292.
 1 SYSTEMPATH\Database\MySQLi\Connection.php(292): mysqli->query('SELECT `extras`.`id`, `extras`.`nome`, `extras`.`preco`, `produtos_extras` AS `id_principal`
FROM `produtos_extras`
JOIN `extras` ON `extras`.`id` = `produtos_extras`.`extra_id`
JOIN `produtos` ON `produtos`.`id` = `produtos_extras`.`produto_id`
WHERE `produtos_extras`.`produto_id` = 9', 0)
 2 SYSTEMPATH\Database\BaseConnection.php(693): CodeIgniter\Database\MySQLi\Connection->execute('SELECT `extras`.`id`, `extras`.`nome`, `extras`.`preco`, `produtos_extras` AS `id_principal`
FROM `produtos_extras`
JOIN `extras` ON `extras`.`id` = `produtos_extras`.`extra_id`
JOIN `produtos` ON `produtos`.`id` = `produtos_extras`.`produto_id`
WHERE `produtos_extras`.`produto_id` = 9')
 3 SYSTEMPATH\Database\BaseConnection.php(620): CodeIgniter\Database\BaseConnection->simpleQuery('SELECT `extras`.`id`, `extras`.`nome`, `extras`.`preco`, `produtos_extras` AS `id_principal`
FROM `produtos_extras`
JOIN `extras` ON `extras`.`id` = `produtos_extras`.`extra_id`
JOIN `produtos` ON `produtos`.`id` = `produtos_extras`.`produto_id`
WHERE `produtos_extras`.`produto_id` = 9')
 4 SYSTEMPATH\Database\BaseBuilder.php(1585): CodeIgniter\Database\BaseConnection->query('SELECT `extras`.`id`, `extras`.`nome`, `extras`.`preco`, `produtos_extras` AS `id_principal`
FROM `produtos_extras`
JOIN `extras` ON `extras`.`id` = `produtos_extras`.`extra_id`
JOIN `produtos` ON `produtos`.`id` = `produtos_extras`.`produto_id`
WHERE `produtos_extras`.`produto_id` = :produtos_extras.produto_id:', [...], false)
 5 SYSTEMPATH\Model.php(222): CodeIgniter\Database\BaseBuilder->get()
 6 SYSTEMPATH\BaseModel.php(584): CodeIgniter\Model->doFindAll(0, 0)
 7 APPPATH\Models\ProdutoExtraModel.php(42): CodeIgniter\BaseModel->findAll()
 8 APPPATH\Controllers\Produto.php(36): App\Models\ProdutoExtraModel->buscaExtrasDoProdutoDetalhes(9)
 9 SYSTEMPATH\CodeIgniter.php(898): App\Controllers\Produto->detalhes('pizza-calabresa')
10 SYSTEMPATH\CodeIgniter.php(457): CodeIgniter\CodeIgniter->runController(Object(App\Controllers\Produto))
11 SYSTEMPATH\CodeIgniter.php(340): CodeIgniter\CodeIgniter->handleRequest(null, Object(Config\Cache), false)
12 FCPATH\index.php(67): CodeIgniter\CodeIgniter->run()
13 SYSTEMPATH\Commands\Server\rewrite.php(43): require_once('FCPATH\\index.php')
ERROR - 2022-09-21 12:16:17 --> mysqli_sql_exception: Unknown column 'produtos_extras' in 'field list' in C:\xampp\htdocs\food\system\Database\MySQLi\Connection.php:292
Stack trace:
#0 C:\xampp\htdocs\food\system\Database\MySQLi\Connection.php(292): mysqli->query('SELECT `extras`...', 0)
#1 C:\xampp\htdocs\food\system\Database\BaseConnection.php(693): CodeIgniter\Database\MySQLi\Connection->execute('SELECT `extras`...')
#2 C:\xampp\htdocs\food\system\Database\BaseConnection.php(620): CodeIgniter\Database\BaseConnection->simpleQuery('SELECT `extras`...')
#3 C:\xampp\htdocs\food\system\Database\BaseBuilder.php(1585): CodeIgniter\Database\BaseConnection->query('SELECT `extras`...', Array, false)
#4 C:\xampp\htdocs\food\system\Model.php(222): CodeIgniter\Database\BaseBuilder->get()
#5 C:\xampp\htdocs\food\system\BaseModel.php(584): CodeIgniter\Model->doFindAll(0, 0)
#6 C:\xampp\htdocs\food\app\Models\ProdutoExtraModel.php(42): CodeIgniter\BaseModel->findAll()
#7 C:\xampp\htdocs\food\app\Controllers\Produto.php(36): App\Models\ProdutoExtraModel->buscaExtrasDoProdutoDetalhes(9)
#8 C:\xampp\htdocs\food\system\CodeIgniter.php(898): App\Controllers\Produto->detalhes('pizza-calabresa')
#9 C:\xampp\htdocs\food\system\CodeIgniter.php(457): CodeIgniter\CodeIgniter->runController(Object(App\Controllers\Produto))
#10 C:\xampp\htdocs\food\system\CodeIgniter.php(340): CodeIgniter\CodeIgniter->handleRequest(NULL, Object(Config\Cache), false)
#11 C:\xampp\htdocs\food\public\index.php(67): CodeIgniter\CodeIgniter->run()
#12 C:\xampp\htdocs\food\system\Commands\Server\rewrite.php(43): require_once('C:\\xampp\\htdocs...')
#13 {main}
CRITICAL - 2022-09-21 12:16:17 --> Unknown column 'produtos_extras' in 'field list'
in SYSTEMPATH\Database\MySQLi\Connection.php on line 292.
 1 SYSTEMPATH\Database\MySQLi\Connection.php(292): mysqli->query('SELECT `extras`.`id`, `extras`.`nome`, `extras`.`preco`, `produtos_extras` AS `id_principal`
FROM `produtos_extras`
JOIN `extras` ON `extras`.`id` = `produtos_extras`.`extra_id`
JOIN `produtos` ON `produtos`.`id` = `produtos_extras`.`produto_id`
WHERE `produtos_extras`.`produto_id` = 9', 0)
 2 SYSTEMPATH\Database\BaseConnection.php(693): CodeIgniter\Database\MySQLi\Connection->execute('SELECT `extras`.`id`, `extras`.`nome`, `extras`.`preco`, `produtos_extras` AS `id_principal`
FROM `produtos_extras`
JOIN `extras` ON `extras`.`id` = `produtos_extras`.`extra_id`
JOIN `produtos` ON `produtos`.`id` = `produtos_extras`.`produto_id`
WHERE `produtos_extras`.`produto_id` = 9')
 3 SYSTEMPATH\Database\BaseConnection.php(620): CodeIgniter\Database\BaseConnection->simpleQuery('SELECT `extras`.`id`, `extras`.`nome`, `extras`.`preco`, `produtos_extras` AS `id_principal`
FROM `produtos_extras`
JOIN `extras` ON `extras`.`id` = `produtos_extras`.`extra_id`
JOIN `produtos` ON `produtos`.`id` = `produtos_extras`.`produto_id`
WHERE `produtos_extras`.`produto_id` = 9')
 4 SYSTEMPATH\Database\BaseBuilder.php(1585): CodeIgniter\Database\BaseConnection->query('SELECT `extras`.`id`, `extras`.`nome`, `extras`.`preco`, `produtos_extras` AS `id_principal`
FROM `produtos_extras`
JOIN `extras` ON `extras`.`id` = `produtos_extras`.`extra_id`
JOIN `produtos` ON `produtos`.`id` = `produtos_extras`.`produto_id`
WHERE `produtos_extras`.`produto_id` = :produtos_extras.produto_id:', [...], false)
 5 SYSTEMPATH\Model.php(222): CodeIgniter\Database\BaseBuilder->get()
 6 SYSTEMPATH\BaseModel.php(584): CodeIgniter\Model->doFindAll(0, 0)
 7 APPPATH\Models\ProdutoExtraModel.php(42): CodeIgniter\BaseModel->findAll()
 8 APPPATH\Controllers\Produto.php(36): App\Models\ProdutoExtraModel->buscaExtrasDoProdutoDetalhes(9)
 9 SYSTEMPATH\CodeIgniter.php(898): App\Controllers\Produto->detalhes('pizza-calabresa')
10 SYSTEMPATH\CodeIgniter.php(457): CodeIgniter\CodeIgniter->runController(Object(App\Controllers\Produto))
11 SYSTEMPATH\CodeIgniter.php(340): CodeIgniter\CodeIgniter->handleRequest(null, Object(Config\Cache), false)
12 FCPATH\index.php(67): CodeIgniter\CodeIgniter->run()
13 SYSTEMPATH\Commands\Server\rewrite.php(43): require_once('FCPATH\\index.php')
ERROR - 2022-09-21 12:20:59 --> mysqli_sql_exception: Unknown column 'produtos_extras' in 'field list' in C:\xampp\htdocs\food\system\Database\MySQLi\Connection.php:292
Stack trace:
#0 C:\xampp\htdocs\food\system\Database\MySQLi\Connection.php(292): mysqli->query('SELECT `extras`...', 0)
#1 C:\xampp\htdocs\food\system\Database\BaseConnection.php(693): CodeIgniter\Database\MySQLi\Connection->execute('SELECT `extras`...')
#2 C:\xampp\htdocs\food\system\Database\BaseConnection.php(620): CodeIgniter\Database\BaseConnection->simpleQuery('SELECT `extras`...')
#3 C:\xampp\htdocs\food\system\Database\BaseBuilder.php(1585): CodeIgniter\Database\BaseConnection->query('SELECT `extras`...', Array, false)
#4 C:\xampp\htdocs\food\system\Model.php(222): CodeIgniter\Database\BaseBuilder->get()
#5 C:\xampp\htdocs\food\system\BaseModel.php(584): CodeIgniter\Model->doFindAll(0, 0)
#6 C:\xampp\htdocs\food\app\Models\ProdutoExtraModel.php(42): CodeIgniter\BaseModel->findAll()
#7 C:\xampp\htdocs\food\app\Controllers\Produto.php(36): App\Models\ProdutoExtraModel->buscaExtrasDoProdutoDetalhes(9)
#8 C:\xampp\htdocs\food\system\CodeIgniter.php(898): App\Controllers\Produto->detalhes('pizza-calabresa')
#9 C:\xampp\htdocs\food\system\CodeIgniter.php(457): CodeIgniter\CodeIgniter->runController(Object(App\Controllers\Produto))
#10 C:\xampp\htdocs\food\system\CodeIgniter.php(340): CodeIgniter\CodeIgniter->handleRequest(NULL, Object(Config\Cache), false)
#11 C:\xampp\htdocs\food\public\index.php(67): CodeIgniter\CodeIgniter->run()
#12 C:\xampp\htdocs\food\system\Commands\Server\rewrite.php(43): require_once('C:\\xampp\\htdocs...')
#13 {main}
CRITICAL - 2022-09-21 12:20:59 --> Unknown column 'produtos_extras' in 'field list'
in SYSTEMPATH\Database\MySQLi\Connection.php on line 292.
 1 SYSTEMPATH\Database\MySQLi\Connection.php(292): mysqli->query('SELECT `extras`.`id`, `extras`.`nome`, `extras`.`preco`, `produtos_extras` AS `id_principal`
FROM `produtos_extras`
JOIN `extras` ON `extras`.`id` = `produtos_extras`.`extra_id`
JOIN `produtos` ON `produtos`.`id` = `produtos_extras`.`produto_id`
WHERE `produtos_extras`.`produto_id` = 9', 0)
 2 SYSTEMPATH\Database\BaseConnection.php(693): CodeIgniter\Database\MySQLi\Connection->execute('SELECT `extras`.`id`, `extras`.`nome`, `extras`.`preco`, `produtos_extras` AS `id_principal`
FROM `produtos_extras`
JOIN `extras` ON `extras`.`id` = `produtos_extras`.`extra_id`
JOIN `produtos` ON `produtos`.`id` = `produtos_extras`.`produto_id`
WHERE `produtos_extras`.`produto_id` = 9')
 3 SYSTEMPATH\Database\BaseConnection.php(620): CodeIgniter\Database\BaseConnection->simpleQuery('SELECT `extras`.`id`, `extras`.`nome`, `extras`.`preco`, `produtos_extras` AS `id_principal`
FROM `produtos_extras`
JOIN `extras` ON `extras`.`id` = `produtos_extras`.`extra_id`
JOIN `produtos` ON `produtos`.`id` = `produtos_extras`.`produto_id`
WHERE `produtos_extras`.`produto_id` = 9')
 4 SYSTEMPATH\Database\BaseBuilder.php(1585): CodeIgniter\Database\BaseConnection->query('SELECT `extras`.`id`, `extras`.`nome`, `extras`.`preco`, `produtos_extras` AS `id_principal`
FROM `produtos_extras`
JOIN `extras` ON `extras`.`id` = `produtos_extras`.`extra_id`
JOIN `produtos` ON `produtos`.`id` = `produtos_extras`.`produto_id`
WHERE `produtos_extras`.`produto_id` = :produtos_extras.produto_id:', [...], false)
 5 SYSTEMPATH\Model.php(222): CodeIgniter\Database\BaseBuilder->get()
 6 SYSTEMPATH\BaseModel.php(584): CodeIgniter\Model->doFindAll(0, 0)
 7 APPPATH\Models\ProdutoExtraModel.php(42): CodeIgniter\BaseModel->findAll()
 8 APPPATH\Controllers\Produto.php(36): App\Models\ProdutoExtraModel->buscaExtrasDoProdutoDetalhes(9)
 9 SYSTEMPATH\CodeIgniter.php(898): App\Controllers\Produto->detalhes('pizza-calabresa')
10 SYSTEMPATH\CodeIgniter.php(457): CodeIgniter\CodeIgniter->runController(Object(App\Controllers\Produto))
11 SYSTEMPATH\CodeIgniter.php(340): CodeIgniter\CodeIgniter->handleRequest(null, Object(Config\Cache), false)
12 FCPATH\index.php(67): CodeIgniter\CodeIgniter->run()
13 SYSTEMPATH\Commands\Server\rewrite.php(43): require_once('FCPATH\\index.php')
ERROR - 2022-09-21 12:20:59 --> mysqli_sql_exception: Unknown column 'produtos_extras' in 'field list' in C:\xampp\htdocs\food\system\Database\MySQLi\Connection.php:292
Stack trace:
#0 C:\xampp\htdocs\food\system\Database\MySQLi\Connection.php(292): mysqli->query('SELECT `extras`...', 0)
#1 C:\xampp\htdocs\food\system\Database\BaseConnection.php(693): CodeIgniter\Database\MySQLi\Connection->execute('SELECT `extras`...')
#2 C:\xampp\htdocs\food\system\Database\BaseConnection.php(620): CodeIgniter\Database\BaseConnection->simpleQuery('SELECT `extras`...')
#3 C:\xampp\htdocs\food\system\Database\BaseBuilder.php(1585): CodeIgniter\Database\BaseConnection->query('SELECT `extras`...', Array, false)
#4 C:\xampp\htdocs\food\system\Model.php(222): CodeIgniter\Database\BaseBuilder->get()
#5 C:\xampp\htdocs\food\system\BaseModel.php(584): CodeIgniter\Model->doFindAll(0, 0)
#6 C:\xampp\htdocs\food\app\Models\ProdutoExtraModel.php(42): CodeIgniter\BaseModel->findAll()
#7 C:\xampp\htdocs\food\app\Controllers\Produto.php(36): App\Models\ProdutoExtraModel->buscaExtrasDoProdutoDetalhes(9)
#8 C:\xampp\htdocs\food\system\CodeIgniter.php(898): App\Controllers\Produto->detalhes('pizza-calabresa')
#9 C:\xampp\htdocs\food\system\CodeIgniter.php(457): CodeIgniter\CodeIgniter->runController(Object(App\Controllers\Produto))
#10 C:\xampp\htdocs\food\system\CodeIgniter.php(340): CodeIgniter\CodeIgniter->handleRequest(NULL, Object(Config\Cache), false)
#11 C:\xampp\htdocs\food\public\index.php(67): CodeIgniter\CodeIgniter->run()
#12 C:\xampp\htdocs\food\system\Commands\Server\rewrite.php(43): require_once('C:\\xampp\\htdocs...')
#13 {main}
CRITICAL - 2022-09-21 12:20:59 --> Unknown column 'produtos_extras' in 'field list'
in SYSTEMPATH\Database\MySQLi\Connection.php on line 292.
 1 SYSTEMPATH\Database\MySQLi\Connection.php(292): mysqli->query('SELECT `extras`.`id`, `extras`.`nome`, `extras`.`preco`, `produtos_extras` AS `id_principal`
FROM `produtos_extras`
JOIN `extras` ON `extras`.`id` = `produtos_extras`.`extra_id`
JOIN `produtos` ON `produtos`.`id` = `produtos_extras`.`produto_id`
WHERE `produtos_extras`.`produto_id` = 9', 0)
 2 SYSTEMPATH\Database\BaseConnection.php(693): CodeIgniter\Database\MySQLi\Connection->execute('SELECT `extras`.`id`, `extras`.`nome`, `extras`.`preco`, `produtos_extras` AS `id_principal`
FROM `produtos_extras`
JOIN `extras` ON `extras`.`id` = `produtos_extras`.`extra_id`
JOIN `produtos` ON `produtos`.`id` = `produtos_extras`.`produto_id`
WHERE `produtos_extras`.`produto_id` = 9')
 3 SYSTEMPATH\Database\BaseConnection.php(620): CodeIgniter\Database\BaseConnection->simpleQuery('SELECT `extras`.`id`, `extras`.`nome`, `extras`.`preco`, `produtos_extras` AS `id_principal`
FROM `produtos_extras`
JOIN `extras` ON `extras`.`id` = `produtos_extras`.`extra_id`
JOIN `produtos` ON `produtos`.`id` = `produtos_extras`.`produto_id`
WHERE `produtos_extras`.`produto_id` = 9')
 4 SYSTEMPATH\Database\BaseBuilder.php(1585): CodeIgniter\Database\BaseConnection->query('SELECT `extras`.`id`, `extras`.`nome`, `extras`.`preco`, `produtos_extras` AS `id_principal`
FROM `produtos_extras`
JOIN `extras` ON `extras`.`id` = `produtos_extras`.`extra_id`
JOIN `produtos` ON `produtos`.`id` = `produtos_extras`.`produto_id`
WHERE `produtos_extras`.`produto_id` = :produtos_extras.produto_id:', [...], false)
 5 SYSTEMPATH\Model.php(222): CodeIgniter\Database\BaseBuilder->get()
 6 SYSTEMPATH\BaseModel.php(584): CodeIgniter\Model->doFindAll(0, 0)
 7 APPPATH\Models\ProdutoExtraModel.php(42): CodeIgniter\BaseModel->findAll()
 8 APPPATH\Controllers\Produto.php(36): App\Models\ProdutoExtraModel->buscaExtrasDoProdutoDetalhes(9)
 9 SYSTEMPATH\CodeIgniter.php(898): App\Controllers\Produto->detalhes('pizza-calabresa')
10 SYSTEMPATH\CodeIgniter.php(457): CodeIgniter\CodeIgniter->runController(Object(App\Controllers\Produto))
11 SYSTEMPATH\CodeIgniter.php(340): CodeIgniter\CodeIgniter->handleRequest(null, Object(Config\Cache), false)
12 FCPATH\index.php(67): CodeIgniter\CodeIgniter->run()
13 SYSTEMPATH\Commands\Server\rewrite.php(43): require_once('FCPATH\\index.php')
ERROR - 2022-09-21 12:20:59 --> mysqli_sql_exception: Unknown column 'produtos_extras' in 'field list' in C:\xampp\htdocs\food\system\Database\MySQLi\Connection.php:292
Stack trace:
#0 C:\xampp\htdocs\food\system\Database\MySQLi\Connection.php(292): mysqli->query('SELECT `extras`...', 0)
#1 C:\xampp\htdocs\food\system\Database\BaseConnection.php(693): CodeIgniter\Database\MySQLi\Connection->execute('SELECT `extras`...')
#2 C:\xampp\htdocs\food\system\Database\BaseConnection.php(620): CodeIgniter\Database\BaseConnection->simpleQuery('SELECT `extras`...')
#3 C:\xampp\htdocs\food\system\Database\BaseBuilder.php(1585): CodeIgniter\Database\BaseConnection->query('SELECT `extras`...', Array, false)
#4 C:\xampp\htdocs\food\system\Model.php(222): CodeIgniter\Database\BaseBuilder->get()
#5 C:\xampp\htdocs\food\system\BaseModel.php(584): CodeIgniter\Model->doFindAll(0, 0)
#6 C:\xampp\htdocs\food\app\Models\ProdutoExtraModel.php(42): CodeIgniter\BaseModel->findAll()
#7 C:\xampp\htdocs\food\app\Controllers\Produto.php(36): App\Models\ProdutoExtraModel->buscaExtrasDoProdutoDetalhes(9)
#8 C:\xampp\htdocs\food\system\CodeIgniter.php(898): App\Controllers\Produto->detalhes('pizza-calabresa')
#9 C:\xampp\htdocs\food\system\CodeIgniter.php(457): CodeIgniter\CodeIgniter->runController(Object(App\Controllers\Produto))
#10 C:\xampp\htdocs\food\system\CodeIgniter.php(340): CodeIgniter\CodeIgniter->handleRequest(NULL, Object(Config\Cache), false)
#11 C:\xampp\htdocs\food\public\index.php(67): CodeIgniter\CodeIgniter->run()
#12 C:\xampp\htdocs\food\system\Commands\Server\rewrite.php(43): require_once('C:\\xampp\\htdocs...')
#13 {main}
CRITICAL - 2022-09-21 12:20:59 --> Unknown column 'produtos_extras' in 'field list'
in SYSTEMPATH\Database\MySQLi\Connection.php on line 292.
 1 SYSTEMPATH\Database\MySQLi\Connection.php(292): mysqli->query('SELECT `extras`.`id`, `extras`.`nome`, `extras`.`preco`, `produtos_extras` AS `id_principal`
FROM `produtos_extras`
JOIN `extras` ON `extras`.`id` = `produtos_extras`.`extra_id`
JOIN `produtos` ON `produtos`.`id` = `produtos_extras`.`produto_id`
WHERE `produtos_extras`.`produto_id` = 9', 0)
 2 SYSTEMPATH\Database\BaseConnection.php(693): CodeIgniter\Database\MySQLi\Connection->execute('SELECT `extras`.`id`, `extras`.`nome`, `extras`.`preco`, `produtos_extras` AS `id_principal`
FROM `produtos_extras`
JOIN `extras` ON `extras`.`id` = `produtos_extras`.`extra_id`
JOIN `produtos` ON `produtos`.`id` = `produtos_extras`.`produto_id`
WHERE `produtos_extras`.`produto_id` = 9')
 3 SYSTEMPATH\Database\BaseConnection.php(620): CodeIgniter\Database\BaseConnection->simpleQuery('SELECT `extras`.`id`, `extras`.`nome`, `extras`.`preco`, `produtos_extras` AS `id_principal`
FROM `produtos_extras`
JOIN `extras` ON `extras`.`id` = `produtos_extras`.`extra_id`
JOIN `produtos` ON `produtos`.`id` = `produtos_extras`.`produto_id`
WHERE `produtos_extras`.`produto_id` = 9')
 4 SYSTEMPATH\Database\BaseBuilder.php(1585): CodeIgniter\Database\BaseConnection->query('SELECT `extras`.`id`, `extras`.`nome`, `extras`.`preco`, `produtos_extras` AS `id_principal`
FROM `produtos_extras`
JOIN `extras` ON `extras`.`id` = `produtos_extras`.`extra_id`
JOIN `produtos` ON `produtos`.`id` = `produtos_extras`.`produto_id`
WHERE `produtos_extras`.`produto_id` = :produtos_extras.produto_id:', [...], false)
 5 SYSTEMPATH\Model.php(222): CodeIgniter\Database\BaseBuilder->get()
 6 SYSTEMPATH\BaseModel.php(584): CodeIgniter\Model->doFindAll(0, 0)
 7 APPPATH\Models\ProdutoExtraModel.php(42): CodeIgniter\BaseModel->findAll()
 8 APPPATH\Controllers\Produto.php(36): App\Models\ProdutoExtraModel->buscaExtrasDoProdutoDetalhes(9)
 9 SYSTEMPATH\CodeIgniter.php(898): App\Controllers\Produto->detalhes('pizza-calabresa')
10 SYSTEMPATH\CodeIgniter.php(457): CodeIgniter\CodeIgniter->runController(Object(App\Controllers\Produto))
11 SYSTEMPATH\CodeIgniter.php(340): CodeIgniter\CodeIgniter->handleRequest(null, Object(Config\Cache), false)
12 FCPATH\index.php(67): CodeIgniter\CodeIgniter->run()
13 SYSTEMPATH\Commands\Server\rewrite.php(43): require_once('FCPATH\\index.php')
ERROR - 2022-09-21 12:21:00 --> mysqli_sql_exception: Unknown column 'produtos_extras' in 'field list' in C:\xampp\htdocs\food\system\Database\MySQLi\Connection.php:292
Stack trace:
#0 C:\xampp\htdocs\food\system\Database\MySQLi\Connection.php(292): mysqli->query('SELECT `extras`...', 0)
#1 C:\xampp\htdocs\food\system\Database\BaseConnection.php(693): CodeIgniter\Database\MySQLi\Connection->execute('SELECT `extras`...')
#2 C:\xampp\htdocs\food\system\Database\BaseConnection.php(620): CodeIgniter\Database\BaseConnection->simpleQuery('SELECT `extras`...')
#3 C:\xampp\htdocs\food\system\Database\BaseBuilder.php(1585): CodeIgniter\Database\BaseConnection->query('SELECT `extras`...', Array, false)
#4 C:\xampp\htdocs\food\system\Model.php(222): CodeIgniter\Database\BaseBuilder->get()
#5 C:\xampp\htdocs\food\system\BaseModel.php(584): CodeIgniter\Model->doFindAll(0, 0)
#6 C:\xampp\htdocs\food\app\Models\ProdutoExtraModel.php(42): CodeIgniter\BaseModel->findAll()
#7 C:\xampp\htdocs\food\app\Controllers\Produto.php(36): App\Models\ProdutoExtraModel->buscaExtrasDoProdutoDetalhes(9)
#8 C:\xampp\htdocs\food\system\CodeIgniter.php(898): App\Controllers\Produto->detalhes('pizza-calabresa')
#9 C:\xampp\htdocs\food\system\CodeIgniter.php(457): CodeIgniter\CodeIgniter->runController(Object(App\Controllers\Produto))
#10 C:\xampp\htdocs\food\system\CodeIgniter.php(340): CodeIgniter\CodeIgniter->handleRequest(NULL, Object(Config\Cache), false)
#11 C:\xampp\htdocs\food\public\index.php(67): CodeIgniter\CodeIgniter->run()
#12 C:\xampp\htdocs\food\system\Commands\Server\rewrite.php(43): require_once('C:\\xampp\\htdocs...')
#13 {main}
CRITICAL - 2022-09-21 12:21:00 --> Unknown column 'produtos_extras' in 'field list'
in SYSTEMPATH\Database\MySQLi\Connection.php on line 292.
 1 SYSTEMPATH\Database\MySQLi\Connection.php(292): mysqli->query('SELECT `extras`.`id`, `extras`.`nome`, `extras`.`preco`, `produtos_extras` AS `id_principal`
FROM `produtos_extras`
JOIN `extras` ON `extras`.`id` = `produtos_extras`.`extra_id`
JOIN `produtos` ON `produtos`.`id` = `produtos_extras`.`produto_id`
WHERE `produtos_extras`.`produto_id` = 9', 0)
 2 SYSTEMPATH\Database\BaseConnection.php(693): CodeIgniter\Database\MySQLi\Connection->execute('SELECT `extras`.`id`, `extras`.`nome`, `extras`.`preco`, `produtos_extras` AS `id_principal`
FROM `produtos_extras`
JOIN `extras` ON `extras`.`id` = `produtos_extras`.`extra_id`
JOIN `produtos` ON `produtos`.`id` = `produtos_extras`.`produto_id`
WHERE `produtos_extras`.`produto_id` = 9')
 3 SYSTEMPATH\Database\BaseConnection.php(620): CodeIgniter\Database\BaseConnection->simpleQuery('SELECT `extras`.`id`, `extras`.`nome`, `extras`.`preco`, `produtos_extras` AS `id_principal`
FROM `produtos_extras`
JOIN `extras` ON `extras`.`id` = `produtos_extras`.`extra_id`
JOIN `produtos` ON `produtos`.`id` = `produtos_extras`.`produto_id`
WHERE `produtos_extras`.`produto_id` = 9')
 4 SYSTEMPATH\Database\BaseBuilder.php(1585): CodeIgniter\Database\BaseConnection->query('SELECT `extras`.`id`, `extras`.`nome`, `extras`.`preco`, `produtos_extras` AS `id_principal`
FROM `produtos_extras`
JOIN `extras` ON `extras`.`id` = `produtos_extras`.`extra_id`
JOIN `produtos` ON `produtos`.`id` = `produtos_extras`.`produto_id`
WHERE `produtos_extras`.`produto_id` = :produtos_extras.produto_id:', [...], false)
 5 SYSTEMPATH\Model.php(222): CodeIgniter\Database\BaseBuilder->get()
 6 SYSTEMPATH\BaseModel.php(584): CodeIgniter\Model->doFindAll(0, 0)
 7 APPPATH\Models\ProdutoExtraModel.php(42): CodeIgniter\BaseModel->findAll()
 8 APPPATH\Controllers\Produto.php(36): App\Models\ProdutoExtraModel->buscaExtrasDoProdutoDetalhes(9)
 9 SYSTEMPATH\CodeIgniter.php(898): App\Controllers\Produto->detalhes('pizza-calabresa')
10 SYSTEMPATH\CodeIgniter.php(457): CodeIgniter\CodeIgniter->runController(Object(App\Controllers\Produto))
11 SYSTEMPATH\CodeIgniter.php(340): CodeIgniter\CodeIgniter->handleRequest(null, Object(Config\Cache), false)
12 FCPATH\index.php(67): CodeIgniter\CodeIgniter->run()
13 SYSTEMPATH\Commands\Server\rewrite.php(43): require_once('FCPATH\\index.php')
ERROR - 2022-09-21 12:21:07 --> mysqli_sql_exception: Unknown column 'produtos_extras' in 'field list' in C:\xampp\htdocs\food\system\Database\MySQLi\Connection.php:292
Stack trace:
#0 C:\xampp\htdocs\food\system\Database\MySQLi\Connection.php(292): mysqli->query('SELECT `extras`...', 0)
#1 C:\xampp\htdocs\food\system\Database\BaseConnection.php(693): CodeIgniter\Database\MySQLi\Connection->execute('SELECT `extras`...')
#2 C:\xampp\htdocs\food\system\Database\BaseConnection.php(620): CodeIgniter\Database\BaseConnection->simpleQuery('SELECT `extras`...')
#3 C:\xampp\htdocs\food\system\Database\BaseBuilder.php(1585): CodeIgniter\Database\BaseConnection->query('SELECT `extras`...', Array, false)
#4 C:\xampp\htdocs\food\system\Model.php(222): CodeIgniter\Database\BaseBuilder->get()
#5 C:\xampp\htdocs\food\system\BaseModel.php(584): CodeIgniter\Model->doFindAll(0, 0)
#6 C:\xampp\htdocs\food\app\Models\ProdutoExtraModel.php(42): CodeIgniter\BaseModel->findAll()
#7 C:\xampp\htdocs\food\app\Controllers\Produto.php(36): App\Models\ProdutoExtraModel->buscaExtrasDoProdutoDetalhes(9)
#8 C:\xampp\htdocs\food\system\CodeIgniter.php(898): App\Controllers\Produto->detalhes('pizza-calabresa')
#9 C:\xampp\htdocs\food\system\CodeIgniter.php(457): CodeIgniter\CodeIgniter->runController(Object(App\Controllers\Produto))
#10 C:\xampp\htdocs\food\system\CodeIgniter.php(340): CodeIgniter\CodeIgniter->handleRequest(NULL, Object(Config\Cache), false)
#11 C:\xampp\htdocs\food\public\index.php(67): CodeIgniter\CodeIgniter->run()
#12 C:\xampp\htdocs\food\system\Commands\Server\rewrite.php(43): require_once('C:\\xampp\\htdocs...')
#13 {main}
CRITICAL - 2022-09-21 12:21:07 --> Unknown column 'produtos_extras' in 'field list'
in SYSTEMPATH\Database\MySQLi\Connection.php on line 292.
 1 SYSTEMPATH\Database\MySQLi\Connection.php(292): mysqli->query('SELECT `extras`.`id`, `extras`.`nome`, `extras`.`preco`, `produtos_extras` AS `id_principal`
FROM `produtos_extras`
JOIN `extras` ON `extras`.`id` = `produtos_extras`.`extra_id`
JOIN `produtos` ON `produtos`.`id` = `produtos_extras`.`produto_id`
WHERE `produtos_extras`.`produto_id` = 9', 0)
 2 SYSTEMPATH\Database\BaseConnection.php(693): CodeIgniter\Database\MySQLi\Connection->execute('SELECT `extras`.`id`, `extras`.`nome`, `extras`.`preco`, `produtos_extras` AS `id_principal`
FROM `produtos_extras`
JOIN `extras` ON `extras`.`id` = `produtos_extras`.`extra_id`
JOIN `produtos` ON `produtos`.`id` = `produtos_extras`.`produto_id`
WHERE `produtos_extras`.`produto_id` = 9')
 3 SYSTEMPATH\Database\BaseConnection.php(620): CodeIgniter\Database\BaseConnection->simpleQuery('SELECT `extras`.`id`, `extras`.`nome`, `extras`.`preco`, `produtos_extras` AS `id_principal`
FROM `produtos_extras`
JOIN `extras` ON `extras`.`id` = `produtos_extras`.`extra_id`
JOIN `produtos` ON `produtos`.`id` = `produtos_extras`.`produto_id`
WHERE `produtos_extras`.`produto_id` = 9')
 4 SYSTEMPATH\Database\BaseBuilder.php(1585): CodeIgniter\Database\BaseConnection->query('SELECT `extras`.`id`, `extras`.`nome`, `extras`.`preco`, `produtos_extras` AS `id_principal`
FROM `produtos_extras`
JOIN `extras` ON `extras`.`id` = `produtos_extras`.`extra_id`
JOIN `produtos` ON `produtos`.`id` = `produtos_extras`.`produto_id`
WHERE `produtos_extras`.`produto_id` = :produtos_extras.produto_id:', [...], false)
 5 SYSTEMPATH\Model.php(222): CodeIgniter\Database\BaseBuilder->get()
 6 SYSTEMPATH\BaseModel.php(584): CodeIgniter\Model->doFindAll(0, 0)
 7 APPPATH\Models\ProdutoExtraModel.php(42): CodeIgniter\BaseModel->findAll()
 8 APPPATH\Controllers\Produto.php(36): App\Models\ProdutoExtraModel->buscaExtrasDoProdutoDetalhes(9)
 9 SYSTEMPATH\CodeIgniter.php(898): App\Controllers\Produto->detalhes('pizza-calabresa')
10 SYSTEMPATH\CodeIgniter.php(457): CodeIgniter\CodeIgniter->runController(Object(App\Controllers\Produto))
11 SYSTEMPATH\CodeIgniter.php(340): CodeIgniter\CodeIgniter->handleRequest(null, Object(Config\Cache), false)
12 FCPATH\index.php(67): CodeIgniter\CodeIgniter->run()
13 SYSTEMPATH\Commands\Server\rewrite.php(43): require_once('FCPATH\\index.php')
ERROR - 2022-09-21 12:22:44 --> mysqli_sql_exception: Unknown column 'produtos_extras' in 'field list' in C:\xampp\htdocs\food\system\Database\MySQLi\Connection.php:292
Stack trace:
#0 C:\xampp\htdocs\food\system\Database\MySQLi\Connection.php(292): mysqli->query('SELECT `extras`...', 0)
#1 C:\xampp\htdocs\food\system\Database\BaseConnection.php(693): CodeIgniter\Database\MySQLi\Connection->execute('SELECT `extras`...')
#2 C:\xampp\htdocs\food\system\Database\BaseConnection.php(620): CodeIgniter\Database\BaseConnection->simpleQuery('SELECT `extras`...')
#3 C:\xampp\htdocs\food\system\Database\BaseBuilder.php(1585): CodeIgniter\Database\BaseConnection->query('SELECT `extras`...', Array, false)
#4 C:\xampp\htdocs\food\system\Model.php(222): CodeIgniter\Database\BaseBuilder->get()
#5 C:\xampp\htdocs\food\system\BaseModel.php(584): CodeIgniter\Model->doFindAll(0, 0)
#6 C:\xampp\htdocs\food\app\Models\ProdutoExtraModel.php(42): CodeIgniter\BaseModel->findAll()
#7 C:\xampp\htdocs\food\app\Controllers\Produto.php(36): App\Models\ProdutoExtraModel->buscaExtrasDoProdutoDetalhes(9)
#8 C:\xampp\htdocs\food\system\CodeIgniter.php(898): App\Controllers\Produto->detalhes('pizza-calabresa')
#9 C:\xampp\htdocs\food\system\CodeIgniter.php(457): CodeIgniter\CodeIgniter->runController(Object(App\Controllers\Produto))
#10 C:\xampp\htdocs\food\system\CodeIgniter.php(340): CodeIgniter\CodeIgniter->handleRequest(NULL, Object(Config\Cache), false)
#11 C:\xampp\htdocs\food\public\index.php(67): CodeIgniter\CodeIgniter->run()
#12 C:\xampp\htdocs\food\system\Commands\Server\rewrite.php(43): require_once('C:\\xampp\\htdocs...')
#13 {main}
CRITICAL - 2022-09-21 12:22:44 --> Unknown column 'produtos_extras' in 'field list'
in SYSTEMPATH\Database\MySQLi\Connection.php on line 292.
 1 SYSTEMPATH\Database\MySQLi\Connection.php(292): mysqli->query('SELECT `extras`.`id`, `extras`.`nome`, `extras`.`preco`, `produtos_extras` AS `id_principal`
FROM `produtos_extras`
JOIN `extras` ON `extras`.`id` = `produtos_extras`.`extra_id`
JOIN `produtos` ON `produtos`.`id` = `produtos_extras`.`produto_id`
WHERE `produtos_extras`.`produto_id` = 9', 0)
 2 SYSTEMPATH\Database\BaseConnection.php(693): CodeIgniter\Database\MySQLi\Connection->execute('SELECT `extras`.`id`, `extras`.`nome`, `extras`.`preco`, `produtos_extras` AS `id_principal`
FROM `produtos_extras`
JOIN `extras` ON `extras`.`id` = `produtos_extras`.`extra_id`
JOIN `produtos` ON `produtos`.`id` = `produtos_extras`.`produto_id`
WHERE `produtos_extras`.`produto_id` = 9')
 3 SYSTEMPATH\Database\BaseConnection.php(620): CodeIgniter\Database\BaseConnection->simpleQuery('SELECT `extras`.`id`, `extras`.`nome`, `extras`.`preco`, `produtos_extras` AS `id_principal`
FROM `produtos_extras`
JOIN `extras` ON `extras`.`id` = `produtos_extras`.`extra_id`
JOIN `produtos` ON `produtos`.`id` = `produtos_extras`.`produto_id`
WHERE `produtos_extras`.`produto_id` = 9')
 4 SYSTEMPATH\Database\BaseBuilder.php(1585): CodeIgniter\Database\BaseConnection->query('SELECT `extras`.`id`, `extras`.`nome`, `extras`.`preco`, `produtos_extras` AS `id_principal`
FROM `produtos_extras`
JOIN `extras` ON `extras`.`id` = `produtos_extras`.`extra_id`
JOIN `produtos` ON `produtos`.`id` = `produtos_extras`.`produto_id`
WHERE `produtos_extras`.`produto_id` = :produtos_extras.produto_id:', [...], false)
 5 SYSTEMPATH\Model.php(222): CodeIgniter\Database\BaseBuilder->get()
 6 SYSTEMPATH\BaseModel.php(584): CodeIgniter\Model->doFindAll(0, 0)
 7 APPPATH\Models\ProdutoExtraModel.php(42): CodeIgniter\BaseModel->findAll()
 8 APPPATH\Controllers\Produto.php(36): App\Models\ProdutoExtraModel->buscaExtrasDoProdutoDetalhes(9)
 9 SYSTEMPATH\CodeIgniter.php(898): App\Controllers\Produto->detalhes('pizza-calabresa')
10 SYSTEMPATH\CodeIgniter.php(457): CodeIgniter\CodeIgniter->runController(Object(App\Controllers\Produto))
11 SYSTEMPATH\CodeIgniter.php(340): CodeIgniter\CodeIgniter->handleRequest(null, Object(Config\Cache), false)
12 FCPATH\index.php(67): CodeIgniter\CodeIgniter->run()
13 SYSTEMPATH\Commands\Server\rewrite.php(43): require_once('FCPATH\\index.php')
ERROR - 2022-09-21 12:22:45 --> mysqli_sql_exception: Unknown column 'produtos_extras' in 'field list' in C:\xampp\htdocs\food\system\Database\MySQLi\Connection.php:292
Stack trace:
#0 C:\xampp\htdocs\food\system\Database\MySQLi\Connection.php(292): mysqli->query('SELECT `extras`...', 0)
#1 C:\xampp\htdocs\food\system\Database\BaseConnection.php(693): CodeIgniter\Database\MySQLi\Connection->execute('SELECT `extras`...')
#2 C:\xampp\htdocs\food\system\Database\BaseConnection.php(620): CodeIgniter\Database\BaseConnection->simpleQuery('SELECT `extras`...')
#3 C:\xampp\htdocs\food\system\Database\BaseBuilder.php(1585): CodeIgniter\Database\BaseConnection->query('SELECT `extras`...', Array, false)
#4 C:\xampp\htdocs\food\system\Model.php(222): CodeIgniter\Database\BaseBuilder->get()
#5 C:\xampp\htdocs\food\system\BaseModel.php(584): CodeIgniter\Model->doFindAll(0, 0)
#6 C:\xampp\htdocs\food\app\Models\ProdutoExtraModel.php(42): CodeIgniter\BaseModel->findAll()
#7 C:\xampp\htdocs\food\app\Controllers\Produto.php(36): App\Models\ProdutoExtraModel->buscaExtrasDoProdutoDetalhes(9)
#8 C:\xampp\htdocs\food\system\CodeIgniter.php(898): App\Controllers\Produto->detalhes('pizza-calabresa')
#9 C:\xampp\htdocs\food\system\CodeIgniter.php(457): CodeIgniter\CodeIgniter->runController(Object(App\Controllers\Produto))
#10 C:\xampp\htdocs\food\system\CodeIgniter.php(340): CodeIgniter\CodeIgniter->handleRequest(NULL, Object(Config\Cache), false)
#11 C:\xampp\htdocs\food\public\index.php(67): CodeIgniter\CodeIgniter->run()
#12 C:\xampp\htdocs\food\system\Commands\Server\rewrite.php(43): require_once('C:\\xampp\\htdocs...')
#13 {main}
CRITICAL - 2022-09-21 12:22:45 --> Unknown column 'produtos_extras' in 'field list'
in SYSTEMPATH\Database\MySQLi\Connection.php on line 292.
 1 SYSTEMPATH\Database\MySQLi\Connection.php(292): mysqli->query('SELECT `extras`.`id`, `extras`.`nome`, `extras`.`preco`, `produtos_extras` AS `id_principal`
FROM `produtos_extras`
JOIN `extras` ON `extras`.`id` = `produtos_extras`.`extra_id`
JOIN `produtos` ON `produtos`.`id` = `produtos_extras`.`produto_id`
WHERE `produtos_extras`.`produto_id` = 9', 0)
 2 SYSTEMPATH\Database\BaseConnection.php(693): CodeIgniter\Database\MySQLi\Connection->execute('SELECT `extras`.`id`, `extras`.`nome`, `extras`.`preco`, `produtos_extras` AS `id_principal`
FROM `produtos_extras`
JOIN `extras` ON `extras`.`id` = `produtos_extras`.`extra_id`
JOIN `produtos` ON `produtos`.`id` = `produtos_extras`.`produto_id`
WHERE `produtos_extras`.`produto_id` = 9')
 3 SYSTEMPATH\Database\BaseConnection.php(620): CodeIgniter\Database\BaseConnection->simpleQuery('SELECT `extras`.`id`, `extras`.`nome`, `extras`.`preco`, `produtos_extras` AS `id_principal`
FROM `produtos_extras`
JOIN `extras` ON `extras`.`id` = `produtos_extras`.`extra_id`
JOIN `produtos` ON `produtos`.`id` = `produtos_extras`.`produto_id`
WHERE `produtos_extras`.`produto_id` = 9')
 4 SYSTEMPATH\Database\BaseBuilder.php(1585): CodeIgniter\Database\BaseConnection->query('SELECT `extras`.`id`, `extras`.`nome`, `extras`.`preco`, `produtos_extras` AS `id_principal`
FROM `produtos_extras`
JOIN `extras` ON `extras`.`id` = `produtos_extras`.`extra_id`
JOIN `produtos` ON `produtos`.`id` = `produtos_extras`.`produto_id`
WHERE `produtos_extras`.`produto_id` = :produtos_extras.produto_id:', [...], false)
 5 SYSTEMPATH\Model.php(222): CodeIgniter\Database\BaseBuilder->get()
 6 SYSTEMPATH\BaseModel.php(584): CodeIgniter\Model->doFindAll(0, 0)
 7 APPPATH\Models\ProdutoExtraModel.php(42): CodeIgniter\BaseModel->findAll()
 8 APPPATH\Controllers\Produto.php(36): App\Models\ProdutoExtraModel->buscaExtrasDoProdutoDetalhes(9)
 9 SYSTEMPATH\CodeIgniter.php(898): App\Controllers\Produto->detalhes('pizza-calabresa')
10 SYSTEMPATH\CodeIgniter.php(457): CodeIgniter\CodeIgniter->runController(Object(App\Controllers\Produto))
11 SYSTEMPATH\CodeIgniter.php(340): CodeIgniter\CodeIgniter->handleRequest(null, Object(Config\Cache), false)
12 FCPATH\index.php(67): CodeIgniter\CodeIgniter->run()
13 SYSTEMPATH\Commands\Server\rewrite.php(43): require_once('FCPATH\\index.php')
ERROR - 2022-09-21 12:22:46 --> mysqli_sql_exception: Unknown column 'produtos_extras' in 'field list' in C:\xampp\htdocs\food\system\Database\MySQLi\Connection.php:292
Stack trace:
#0 C:\xampp\htdocs\food\system\Database\MySQLi\Connection.php(292): mysqli->query('SELECT `extras`...', 0)
#1 C:\xampp\htdocs\food\system\Database\BaseConnection.php(693): CodeIgniter\Database\MySQLi\Connection->execute('SELECT `extras`...')
#2 C:\xampp\htdocs\food\system\Database\BaseConnection.php(620): CodeIgniter\Database\BaseConnection->simpleQuery('SELECT `extras`...')
#3 C:\xampp\htdocs\food\system\Database\BaseBuilder.php(1585): CodeIgniter\Database\BaseConnection->query('SELECT `extras`...', Array, false)
#4 C:\xampp\htdocs\food\system\Model.php(222): CodeIgniter\Database\BaseBuilder->get()
#5 C:\xampp\htdocs\food\system\BaseModel.php(584): CodeIgniter\Model->doFindAll(0, 0)
#6 C:\xampp\htdocs\food\app\Models\ProdutoExtraModel.php(42): CodeIgniter\BaseModel->findAll()
#7 C:\xampp\htdocs\food\app\Controllers\Produto.php(36): App\Models\ProdutoExtraModel->buscaExtrasDoProdutoDetalhes(9)
#8 C:\xampp\htdocs\food\system\CodeIgniter.php(898): App\Controllers\Produto->detalhes('pizza-calabresa')
#9 C:\xampp\htdocs\food\system\CodeIgniter.php(457): CodeIgniter\CodeIgniter->runController(Object(App\Controllers\Produto))
#10 C:\xampp\htdocs\food\system\CodeIgniter.php(340): CodeIgniter\CodeIgniter->handleRequest(NULL, Object(Config\Cache), false)
#11 C:\xampp\htdocs\food\public\index.php(67): CodeIgniter\CodeIgniter->run()
#12 C:\xampp\htdocs\food\system\Commands\Server\rewrite.php(43): require_once('C:\\xampp\\htdocs...')
#13 {main}
CRITICAL - 2022-09-21 12:22:46 --> Unknown column 'produtos_extras' in 'field list'
in SYSTEMPATH\Database\MySQLi\Connection.php on line 292.
 1 SYSTEMPATH\Database\MySQLi\Connection.php(292): mysqli->query('SELECT `extras`.`id`, `extras`.`nome`, `extras`.`preco`, `produtos_extras` AS `id_principal`
FROM `produtos_extras`
JOIN `extras` ON `extras`.`id` = `produtos_extras`.`extra_id`
JOIN `produtos` ON `produtos`.`id` = `produtos_extras`.`produto_id`
WHERE `produtos_extras`.`produto_id` = 9', 0)
 2 SYSTEMPATH\Database\BaseConnection.php(693): CodeIgniter\Database\MySQLi\Connection->execute('SELECT `extras`.`id`, `extras`.`nome`, `extras`.`preco`, `produtos_extras` AS `id_principal`
FROM `produtos_extras`
JOIN `extras` ON `extras`.`id` = `produtos_extras`.`extra_id`
JOIN `produtos` ON `produtos`.`id` = `produtos_extras`.`produto_id`
WHERE `produtos_extras`.`produto_id` = 9')
 3 SYSTEMPATH\Database\BaseConnection.php(620): CodeIgniter\Database\BaseConnection->simpleQuery('SELECT `extras`.`id`, `extras`.`nome`, `extras`.`preco`, `produtos_extras` AS `id_principal`
FROM `produtos_extras`
JOIN `extras` ON `extras`.`id` = `produtos_extras`.`extra_id`
JOIN `produtos` ON `produtos`.`id` = `produtos_extras`.`produto_id`
WHERE `produtos_extras`.`produto_id` = 9')
 4 SYSTEMPATH\Database\BaseBuilder.php(1585): CodeIgniter\Database\BaseConnection->query('SELECT `extras`.`id`, `extras`.`nome`, `extras`.`preco`, `produtos_extras` AS `id_principal`
FROM `produtos_extras`
JOIN `extras` ON `extras`.`id` = `produtos_extras`.`extra_id`
JOIN `produtos` ON `produtos`.`id` = `produtos_extras`.`produto_id`
WHERE `produtos_extras`.`produto_id` = :produtos_extras.produto_id:', [...], false)
 5 SYSTEMPATH\Model.php(222): CodeIgniter\Database\BaseBuilder->get()
 6 SYSTEMPATH\BaseModel.php(584): CodeIgniter\Model->doFindAll(0, 0)
 7 APPPATH\Models\ProdutoExtraModel.php(42): CodeIgniter\BaseModel->findAll()
 8 APPPATH\Controllers\Produto.php(36): App\Models\ProdutoExtraModel->buscaExtrasDoProdutoDetalhes(9)
 9 SYSTEMPATH\CodeIgniter.php(898): App\Controllers\Produto->detalhes('pizza-calabresa')
10 SYSTEMPATH\CodeIgniter.php(457): CodeIgniter\CodeIgniter->runController(Object(App\Controllers\Produto))
11 SYSTEMPATH\CodeIgniter.php(340): CodeIgniter\CodeIgniter->handleRequest(null, Object(Config\Cache), false)
12 FCPATH\index.php(67): CodeIgniter\CodeIgniter->run()
13 SYSTEMPATH\Commands\Server\rewrite.php(43): require_once('FCPATH\\index.php')
ERROR - 2022-09-21 12:22:46 --> mysqli_sql_exception: Unknown column 'produtos_extras' in 'field list' in C:\xampp\htdocs\food\system\Database\MySQLi\Connection.php:292
Stack trace:
#0 C:\xampp\htdocs\food\system\Database\MySQLi\Connection.php(292): mysqli->query('SELECT `extras`...', 0)
#1 C:\xampp\htdocs\food\system\Database\BaseConnection.php(693): CodeIgniter\Database\MySQLi\Connection->execute('SELECT `extras`...')
#2 C:\xampp\htdocs\food\system\Database\BaseConnection.php(620): CodeIgniter\Database\BaseConnection->simpleQuery('SELECT `extras`...')
#3 C:\xampp\htdocs\food\system\Database\BaseBuilder.php(1585): CodeIgniter\Database\BaseConnection->query('SELECT `extras`...', Array, false)
#4 C:\xampp\htdocs\food\system\Model.php(222): CodeIgniter\Database\BaseBuilder->get()
#5 C:\xampp\htdocs\food\system\BaseModel.php(584): CodeIgniter\Model->doFindAll(0, 0)
#6 C:\xampp\htdocs\food\app\Models\ProdutoExtraModel.php(42): CodeIgniter\BaseModel->findAll()
#7 C:\xampp\htdocs\food\app\Controllers\Produto.php(36): App\Models\ProdutoExtraModel->buscaExtrasDoProdutoDetalhes(9)
#8 C:\xampp\htdocs\food\system\CodeIgniter.php(898): App\Controllers\Produto->detalhes('pizza-calabresa')
#9 C:\xampp\htdocs\food\system\CodeIgniter.php(457): CodeIgniter\CodeIgniter->runController(Object(App\Controllers\Produto))
#10 C:\xampp\htdocs\food\system\CodeIgniter.php(340): CodeIgniter\CodeIgniter->handleRequest(NULL, Object(Config\Cache), false)
#11 C:\xampp\htdocs\food\public\index.php(67): CodeIgniter\CodeIgniter->run()
#12 C:\xampp\htdocs\food\system\Commands\Server\rewrite.php(43): require_once('C:\\xampp\\htdocs...')
#13 {main}
CRITICAL - 2022-09-21 12:22:46 --> Unknown column 'produtos_extras' in 'field list'
in SYSTEMPATH\Database\MySQLi\Connection.php on line 292.
 1 SYSTEMPATH\Database\MySQLi\Connection.php(292): mysqli->query('SELECT `extras`.`id`, `extras`.`nome`, `extras`.`preco`, `produtos_extras` AS `id_principal`
FROM `produtos_extras`
JOIN `extras` ON `extras`.`id` = `produtos_extras`.`extra_id`
JOIN `produtos` ON `produtos`.`id` = `produtos_extras`.`produto_id`
WHERE `produtos_extras`.`produto_id` = 9', 0)
 2 SYSTEMPATH\Database\BaseConnection.php(693): CodeIgniter\Database\MySQLi\Connection->execute('SELECT `extras`.`id`, `extras`.`nome`, `extras`.`preco`, `produtos_extras` AS `id_principal`
FROM `produtos_extras`
JOIN `extras` ON `extras`.`id` = `produtos_extras`.`extra_id`
JOIN `produtos` ON `produtos`.`id` = `produtos_extras`.`produto_id`
WHERE `produtos_extras`.`produto_id` = 9')
 3 SYSTEMPATH\Database\BaseConnection.php(620): CodeIgniter\Database\BaseConnection->simpleQuery('SELECT `extras`.`id`, `extras`.`nome`, `extras`.`preco`, `produtos_extras` AS `id_principal`
FROM `produtos_extras`
JOIN `extras` ON `extras`.`id` = `produtos_extras`.`extra_id`
JOIN `produtos` ON `produtos`.`id` = `produtos_extras`.`produto_id`
WHERE `produtos_extras`.`produto_id` = 9')
 4 SYSTEMPATH\Database\BaseBuilder.php(1585): CodeIgniter\Database\BaseConnection->query('SELECT `extras`.`id`, `extras`.`nome`, `extras`.`preco`, `produtos_extras` AS `id_principal`
FROM `produtos_extras`
JOIN `extras` ON `extras`.`id` = `produtos_extras`.`extra_id`
JOIN `produtos` ON `produtos`.`id` = `produtos_extras`.`produto_id`
WHERE `produtos_extras`.`produto_id` = :produtos_extras.produto_id:', [...], false)
 5 SYSTEMPATH\Model.php(222): CodeIgniter\Database\BaseBuilder->get()
 6 SYSTEMPATH\BaseModel.php(584): CodeIgniter\Model->doFindAll(0, 0)
 7 APPPATH\Models\ProdutoExtraModel.php(42): CodeIgniter\BaseModel->findAll()
 8 APPPATH\Controllers\Produto.php(36): App\Models\ProdutoExtraModel->buscaExtrasDoProdutoDetalhes(9)
 9 SYSTEMPATH\CodeIgniter.php(898): App\Controllers\Produto->detalhes('pizza-calabresa')
10 SYSTEMPATH\CodeIgniter.php(457): CodeIgniter\CodeIgniter->runController(Object(App\Controllers\Produto))
11 SYSTEMPATH\CodeIgniter.php(340): CodeIgniter\CodeIgniter->handleRequest(null, Object(Config\Cache), false)
12 FCPATH\index.php(67): CodeIgniter\CodeIgniter->run()
13 SYSTEMPATH\Commands\Server\rewrite.php(43): require_once('FCPATH\\index.php')
ERROR - 2022-09-21 12:24:09 --> mysqli_sql_exception: Unknown column 'produtos_extras' in 'field list' in C:\xampp\htdocs\food\system\Database\MySQLi\Connection.php:292
Stack trace:
#0 C:\xampp\htdocs\food\system\Database\MySQLi\Connection.php(292): mysqli->query('SELECT `extras`...', 0)
#1 C:\xampp\htdocs\food\system\Database\BaseConnection.php(693): CodeIgniter\Database\MySQLi\Connection->execute('SELECT `extras`...')
#2 C:\xampp\htdocs\food\system\Database\BaseConnection.php(620): CodeIgniter\Database\BaseConnection->simpleQuery('SELECT `extras`...')
#3 C:\xampp\htdocs\food\system\Database\BaseBuilder.php(1585): CodeIgniter\Database\BaseConnection->query('SELECT `extras`...', Array, false)
#4 C:\xampp\htdocs\food\system\Model.php(222): CodeIgniter\Database\BaseBuilder->get()
#5 C:\xampp\htdocs\food\system\BaseModel.php(584): CodeIgniter\Model->doFindAll(0, 0)
#6 C:\xampp\htdocs\food\app\Models\ProdutoExtraModel.php(42): CodeIgniter\BaseModel->findAll()
#7 C:\xampp\htdocs\food\app\Controllers\Produto.php(36): App\Models\ProdutoExtraModel->buscaExtrasDoProdutoDetalhes(9)
#8 C:\xampp\htdocs\food\system\CodeIgniter.php(898): App\Controllers\Produto->detalhes('pizza-calabresa')
#9 C:\xampp\htdocs\food\system\CodeIgniter.php(457): CodeIgniter\CodeIgniter->runController(Object(App\Controllers\Produto))
#10 C:\xampp\htdocs\food\system\CodeIgniter.php(340): CodeIgniter\CodeIgniter->handleRequest(NULL, Object(Config\Cache), false)
#11 C:\xampp\htdocs\food\public\index.php(67): CodeIgniter\CodeIgniter->run()
#12 C:\xampp\htdocs\food\system\Commands\Server\rewrite.php(43): require_once('C:\\xampp\\htdocs...')
#13 {main}
CRITICAL - 2022-09-21 12:24:09 --> Unknown column 'produtos_extras' in 'field list'
in SYSTEMPATH\Database\MySQLi\Connection.php on line 292.
 1 SYSTEMPATH\Database\MySQLi\Connection.php(292): mysqli->query('SELECT `extras`.`id`, `extras`.`nome`, `extras`.`preco`, `produtos_extras` AS `id_principal`
FROM `produtos_extras`
JOIN `extras` ON `extras`.`id` = `produtos_extras`.`extra_id`
JOIN `produtos` ON `produtos`.`id` = `produtos_extras`.`produto_id`
WHERE `produtos_extras`.`produto_id` = 9', 0)
 2 SYSTEMPATH\Database\BaseConnection.php(693): CodeIgniter\Database\MySQLi\Connection->execute('SELECT `extras`.`id`, `extras`.`nome`, `extras`.`preco`, `produtos_extras` AS `id_principal`
FROM `produtos_extras`
JOIN `extras` ON `extras`.`id` = `produtos_extras`.`extra_id`
JOIN `produtos` ON `produtos`.`id` = `produtos_extras`.`produto_id`
WHERE `produtos_extras`.`produto_id` = 9')
 3 SYSTEMPATH\Database\BaseConnection.php(620): CodeIgniter\Database\BaseConnection->simpleQuery('SELECT `extras`.`id`, `extras`.`nome`, `extras`.`preco`, `produtos_extras` AS `id_principal`
FROM `produtos_extras`
JOIN `extras` ON `extras`.`id` = `produtos_extras`.`extra_id`
JOIN `produtos` ON `produtos`.`id` = `produtos_extras`.`produto_id`
WHERE `produtos_extras`.`produto_id` = 9')
 4 SYSTEMPATH\Database\BaseBuilder.php(1585): CodeIgniter\Database\BaseConnection->query('SELECT `extras`.`id`, `extras`.`nome`, `extras`.`preco`, `produtos_extras` AS `id_principal`
FROM `produtos_extras`
JOIN `extras` ON `extras`.`id` = `produtos_extras`.`extra_id`
JOIN `produtos` ON `produtos`.`id` = `produtos_extras`.`produto_id`
WHERE `produtos_extras`.`produto_id` = :produtos_extras.produto_id:', [...], false)
 5 SYSTEMPATH\Model.php(222): CodeIgniter\Database\BaseBuilder->get()
 6 SYSTEMPATH\BaseModel.php(584): CodeIgniter\Model->doFindAll(0, 0)
 7 APPPATH\Models\ProdutoExtraModel.php(42): CodeIgniter\BaseModel->findAll()
 8 APPPATH\Controllers\Produto.php(36): App\Models\ProdutoExtraModel->buscaExtrasDoProdutoDetalhes(9)
 9 SYSTEMPATH\CodeIgniter.php(898): App\Controllers\Produto->detalhes('pizza-calabresa')
10 SYSTEMPATH\CodeIgniter.php(457): CodeIgniter\CodeIgniter->runController(Object(App\Controllers\Produto))
11 SYSTEMPATH\CodeIgniter.php(340): CodeIgniter\CodeIgniter->handleRequest(null, Object(Config\Cache), false)
12 FCPATH\index.php(67): CodeIgniter\CodeIgniter->run()
13 SYSTEMPATH\Commands\Server\rewrite.php(43): require_once('FCPATH\\index.php')
ERROR - 2022-09-21 12:24:10 --> mysqli_sql_exception: Unknown column 'produtos_extras' in 'field list' in C:\xampp\htdocs\food\system\Database\MySQLi\Connection.php:292
Stack trace:
#0 C:\xampp\htdocs\food\system\Database\MySQLi\Connection.php(292): mysqli->query('SELECT `extras`...', 0)
#1 C:\xampp\htdocs\food\system\Database\BaseConnection.php(693): CodeIgniter\Database\MySQLi\Connection->execute('SELECT `extras`...')
#2 C:\xampp\htdocs\food\system\Database\BaseConnection.php(620): CodeIgniter\Database\BaseConnection->simpleQuery('SELECT `extras`...')
#3 C:\xampp\htdocs\food\system\Database\BaseBuilder.php(1585): CodeIgniter\Database\BaseConnection->query('SELECT `extras`...', Array, false)
#4 C:\xampp\htdocs\food\system\Model.php(222): CodeIgniter\Database\BaseBuilder->get()
#5 C:\xampp\htdocs\food\system\BaseModel.php(584): CodeIgniter\Model->doFindAll(0, 0)
#6 C:\xampp\htdocs\food\app\Models\ProdutoExtraModel.php(42): CodeIgniter\BaseModel->findAll()
#7 C:\xampp\htdocs\food\app\Controllers\Produto.php(36): App\Models\ProdutoExtraModel->buscaExtrasDoProdutoDetalhes(9)
#8 C:\xampp\htdocs\food\system\CodeIgniter.php(898): App\Controllers\Produto->detalhes('pizza-calabresa')
#9 C:\xampp\htdocs\food\system\CodeIgniter.php(457): CodeIgniter\CodeIgniter->runController(Object(App\Controllers\Produto))
#10 C:\xampp\htdocs\food\system\CodeIgniter.php(340): CodeIgniter\CodeIgniter->handleRequest(NULL, Object(Config\Cache), false)
#11 C:\xampp\htdocs\food\public\index.php(67): CodeIgniter\CodeIgniter->run()
#12 C:\xampp\htdocs\food\system\Commands\Server\rewrite.php(43): require_once('C:\\xampp\\htdocs...')
#13 {main}
CRITICAL - 2022-09-21 12:24:10 --> Unknown column 'produtos_extras' in 'field list'
in SYSTEMPATH\Database\MySQLi\Connection.php on line 292.
 1 SYSTEMPATH\Database\MySQLi\Connection.php(292): mysqli->query('SELECT `extras`.`id`, `extras`.`nome`, `extras`.`preco`, `produtos_extras` AS `id_principal`
FROM `produtos_extras`
JOIN `extras` ON `extras`.`id` = `produtos_extras`.`extra_id`
JOIN `produtos` ON `produtos`.`id` = `produtos_extras`.`produto_id`
WHERE `produtos_extras`.`produto_id` = 9', 0)
 2 SYSTEMPATH\Database\BaseConnection.php(693): CodeIgniter\Database\MySQLi\Connection->execute('SELECT `extras`.`id`, `extras`.`nome`, `extras`.`preco`, `produtos_extras` AS `id_principal`
FROM `produtos_extras`
JOIN `extras` ON `extras`.`id` = `produtos_extras`.`extra_id`
JOIN `produtos` ON `produtos`.`id` = `produtos_extras`.`produto_id`
WHERE `produtos_extras`.`produto_id` = 9')
 3 SYSTEMPATH\Database\BaseConnection.php(620): CodeIgniter\Database\BaseConnection->simpleQuery('SELECT `extras`.`id`, `extras`.`nome`, `extras`.`preco`, `produtos_extras` AS `id_principal`
FROM `produtos_extras`
JOIN `extras` ON `extras`.`id` = `produtos_extras`.`extra_id`
JOIN `produtos` ON `produtos`.`id` = `produtos_extras`.`produto_id`
WHERE `produtos_extras`.`produto_id` = 9')
 4 SYSTEMPATH\Database\BaseBuilder.php(1585): CodeIgniter\Database\BaseConnection->query('SELECT `extras`.`id`, `extras`.`nome`, `extras`.`preco`, `produtos_extras` AS `id_principal`
FROM `produtos_extras`
JOIN `extras` ON `extras`.`id` = `produtos_extras`.`extra_id`
JOIN `produtos` ON `produtos`.`id` = `produtos_extras`.`produto_id`
WHERE `produtos_extras`.`produto_id` = :produtos_extras.produto_id:', [...], false)
 5 SYSTEMPATH\Model.php(222): CodeIgniter\Database\BaseBuilder->get()
 6 SYSTEMPATH\BaseModel.php(584): CodeIgniter\Model->doFindAll(0, 0)
 7 APPPATH\Models\ProdutoExtraModel.php(42): CodeIgniter\BaseModel->findAll()
 8 APPPATH\Controllers\Produto.php(36): App\Models\ProdutoExtraModel->buscaExtrasDoProdutoDetalhes(9)
 9 SYSTEMPATH\CodeIgniter.php(898): App\Controllers\Produto->detalhes('pizza-calabresa')
10 SYSTEMPATH\CodeIgniter.php(457): CodeIgniter\CodeIgniter->runController(Object(App\Controllers\Produto))
11 SYSTEMPATH\CodeIgniter.php(340): CodeIgniter\CodeIgniter->handleRequest(null, Object(Config\Cache), false)
12 FCPATH\index.php(67): CodeIgniter\CodeIgniter->run()
13 SYSTEMPATH\Commands\Server\rewrite.php(43): require_once('FCPATH\\index.php')
ERROR - 2022-09-21 12:24:10 --> mysqli_sql_exception: Unknown column 'produtos_extras' in 'field list' in C:\xampp\htdocs\food\system\Database\MySQLi\Connection.php:292
Stack trace:
#0 C:\xampp\htdocs\food\system\Database\MySQLi\Connection.php(292): mysqli->query('SELECT `extras`...', 0)
#1 C:\xampp\htdocs\food\system\Database\BaseConnection.php(693): CodeIgniter\Database\MySQLi\Connection->execute('SELECT `extras`...')
#2 C:\xampp\htdocs\food\system\Database\BaseConnection.php(620): CodeIgniter\Database\BaseConnection->simpleQuery('SELECT `extras`...')
#3 C:\xampp\htdocs\food\system\Database\BaseBuilder.php(1585): CodeIgniter\Database\BaseConnection->query('SELECT `extras`...', Array, false)
#4 C:\xampp\htdocs\food\system\Model.php(222): CodeIgniter\Database\BaseBuilder->get()
#5 C:\xampp\htdocs\food\system\BaseModel.php(584): CodeIgniter\Model->doFindAll(0, 0)
#6 C:\xampp\htdocs\food\app\Models\ProdutoExtraModel.php(42): CodeIgniter\BaseModel->findAll()
#7 C:\xampp\htdocs\food\app\Controllers\Produto.php(36): App\Models\ProdutoExtraModel->buscaExtrasDoProdutoDetalhes(9)
#8 C:\xampp\htdocs\food\system\CodeIgniter.php(898): App\Controllers\Produto->detalhes('pizza-calabresa')
#9 C:\xampp\htdocs\food\system\CodeIgniter.php(457): CodeIgniter\CodeIgniter->runController(Object(App\Controllers\Produto))
#10 C:\xampp\htdocs\food\system\CodeIgniter.php(340): CodeIgniter\CodeIgniter->handleRequest(NULL, Object(Config\Cache), false)
#11 C:\xampp\htdocs\food\public\index.php(67): CodeIgniter\CodeIgniter->run()
#12 C:\xampp\htdocs\food\system\Commands\Server\rewrite.php(43): require_once('C:\\xampp\\htdocs...')
#13 {main}
CRITICAL - 2022-09-21 12:24:10 --> Unknown column 'produtos_extras' in 'field list'
in SYSTEMPATH\Database\MySQLi\Connection.php on line 292.
 1 SYSTEMPATH\Database\MySQLi\Connection.php(292): mysqli->query('SELECT `extras`.`id`, `extras`.`nome`, `extras`.`preco`, `produtos_extras` AS `id_principal`
FROM `produtos_extras`
JOIN `extras` ON `extras`.`id` = `produtos_extras`.`extra_id`
JOIN `produtos` ON `produtos`.`id` = `produtos_extras`.`produto_id`
WHERE `produtos_extras`.`produto_id` = 9', 0)
 2 SYSTEMPATH\Database\BaseConnection.php(693): CodeIgniter\Database\MySQLi\Connection->execute('SELECT `extras`.`id`, `extras`.`nome`, `extras`.`preco`, `produtos_extras` AS `id_principal`
FROM `produtos_extras`
JOIN `extras` ON `extras`.`id` = `produtos_extras`.`extra_id`
JOIN `produtos` ON `produtos`.`id` = `produtos_extras`.`produto_id`
WHERE `produtos_extras`.`produto_id` = 9')
 3 SYSTEMPATH\Database\BaseConnection.php(620): CodeIgniter\Database\BaseConnection->simpleQuery('SELECT `extras`.`id`, `extras`.`nome`, `extras`.`preco`, `produtos_extras` AS `id_principal`
FROM `produtos_extras`
JOIN `extras` ON `extras`.`id` = `produtos_extras`.`extra_id`
JOIN `produtos` ON `produtos`.`id` = `produtos_extras`.`produto_id`
WHERE `produtos_extras`.`produto_id` = 9')
 4 SYSTEMPATH\Database\BaseBuilder.php(1585): CodeIgniter\Database\BaseConnection->query('SELECT `extras`.`id`, `extras`.`nome`, `extras`.`preco`, `produtos_extras` AS `id_principal`
FROM `produtos_extras`
JOIN `extras` ON `extras`.`id` = `produtos_extras`.`extra_id`
JOIN `produtos` ON `produtos`.`id` = `produtos_extras`.`produto_id`
WHERE `produtos_extras`.`produto_id` = :produtos_extras.produto_id:', [...], false)
 5 SYSTEMPATH\Model.php(222): CodeIgniter\Database\BaseBuilder->get()
 6 SYSTEMPATH\BaseModel.php(584): CodeIgniter\Model->doFindAll(0, 0)
 7 APPPATH\Models\ProdutoExtraModel.php(42): CodeIgniter\BaseModel->findAll()
 8 APPPATH\Controllers\Produto.php(36): App\Models\ProdutoExtraModel->buscaExtrasDoProdutoDetalhes(9)
 9 SYSTEMPATH\CodeIgniter.php(898): App\Controllers\Produto->detalhes('pizza-calabresa')
10 SYSTEMPATH\CodeIgniter.php(457): CodeIgniter\CodeIgniter->runController(Object(App\Controllers\Produto))
11 SYSTEMPATH\CodeIgniter.php(340): CodeIgniter\CodeIgniter->handleRequest(null, Object(Config\Cache), false)
12 FCPATH\index.php(67): CodeIgniter\CodeIgniter->run()
13 SYSTEMPATH\Commands\Server\rewrite.php(43): require_once('FCPATH\\index.php')
ERROR - 2022-09-21 12:24:10 --> mysqli_sql_exception: Unknown column 'produtos_extras' in 'field list' in C:\xampp\htdocs\food\system\Database\MySQLi\Connection.php:292
Stack trace:
#0 C:\xampp\htdocs\food\system\Database\MySQLi\Connection.php(292): mysqli->query('SELECT `extras`...', 0)
#1 C:\xampp\htdocs\food\system\Database\BaseConnection.php(693): CodeIgniter\Database\MySQLi\Connection->execute('SELECT `extras`...')
#2 C:\xampp\htdocs\food\system\Database\BaseConnection.php(620): CodeIgniter\Database\BaseConnection->simpleQuery('SELECT `extras`...')
#3 C:\xampp\htdocs\food\system\Database\BaseBuilder.php(1585): CodeIgniter\Database\BaseConnection->query('SELECT `extras`...', Array, false)
#4 C:\xampp\htdocs\food\system\Model.php(222): CodeIgniter\Database\BaseBuilder->get()
#5 C:\xampp\htdocs\food\system\BaseModel.php(584): CodeIgniter\Model->doFindAll(0, 0)
#6 C:\xampp\htdocs\food\app\Models\ProdutoExtraModel.php(42): CodeIgniter\BaseModel->findAll()
#7 C:\xampp\htdocs\food\app\Controllers\Produto.php(36): App\Models\ProdutoExtraModel->buscaExtrasDoProdutoDetalhes(9)
#8 C:\xampp\htdocs\food\system\CodeIgniter.php(898): App\Controllers\Produto->detalhes('pizza-calabresa')
#9 C:\xampp\htdocs\food\system\CodeIgniter.php(457): CodeIgniter\CodeIgniter->runController(Object(App\Controllers\Produto))
#10 C:\xampp\htdocs\food\system\CodeIgniter.php(340): CodeIgniter\CodeIgniter->handleRequest(NULL, Object(Config\Cache), false)
#11 C:\xampp\htdocs\food\public\index.php(67): CodeIgniter\CodeIgniter->run()
#12 C:\xampp\htdocs\food\system\Commands\Server\rewrite.php(43): require_once('C:\\xampp\\htdocs...')
#13 {main}
CRITICAL - 2022-09-21 12:24:10 --> Unknown column 'produtos_extras' in 'field list'
in SYSTEMPATH\Database\MySQLi\Connection.php on line 292.
 1 SYSTEMPATH\Database\MySQLi\Connection.php(292): mysqli->query('SELECT `extras`.`id`, `extras`.`nome`, `extras`.`preco`, `produtos_extras` AS `id_principal`
FROM `produtos_extras`
JOIN `extras` ON `extras`.`id` = `produtos_extras`.`extra_id`
JOIN `produtos` ON `produtos`.`id` = `produtos_extras`.`produto_id`
WHERE `produtos_extras`.`produto_id` = 9', 0)
 2 SYSTEMPATH\Database\BaseConnection.php(693): CodeIgniter\Database\MySQLi\Connection->execute('SELECT `extras`.`id`, `extras`.`nome`, `extras`.`preco`, `produtos_extras` AS `id_principal`
FROM `produtos_extras`
JOIN `extras` ON `extras`.`id` = `produtos_extras`.`extra_id`
JOIN `produtos` ON `produtos`.`id` = `produtos_extras`.`produto_id`
WHERE `produtos_extras`.`produto_id` = 9')
 3 SYSTEMPATH\Database\BaseConnection.php(620): CodeIgniter\Database\BaseConnection->simpleQuery('SELECT `extras`.`id`, `extras`.`nome`, `extras`.`preco`, `produtos_extras` AS `id_principal`
FROM `produtos_extras`
JOIN `extras` ON `extras`.`id` = `produtos_extras`.`extra_id`
JOIN `produtos` ON `produtos`.`id` = `produtos_extras`.`produto_id`
WHERE `produtos_extras`.`produto_id` = 9')
 4 SYSTEMPATH\Database\BaseBuilder.php(1585): CodeIgniter\Database\BaseConnection->query('SELECT `extras`.`id`, `extras`.`nome`, `extras`.`preco`, `produtos_extras` AS `id_principal`
FROM `produtos_extras`
JOIN `extras` ON `extras`.`id` = `produtos_extras`.`extra_id`
JOIN `produtos` ON `produtos`.`id` = `produtos_extras`.`produto_id`
WHERE `produtos_extras`.`produto_id` = :produtos_extras.produto_id:', [...], false)
 5 SYSTEMPATH\Model.php(222): CodeIgniter\Database\BaseBuilder->get()
 6 SYSTEMPATH\BaseModel.php(584): CodeIgniter\Model->doFindAll(0, 0)
 7 APPPATH\Models\ProdutoExtraModel.php(42): CodeIgniter\BaseModel->findAll()
 8 APPPATH\Controllers\Produto.php(36): App\Models\ProdutoExtraModel->buscaExtrasDoProdutoDetalhes(9)
 9 SYSTEMPATH\CodeIgniter.php(898): App\Controllers\Produto->detalhes('pizza-calabresa')
10 SYSTEMPATH\CodeIgniter.php(457): CodeIgniter\CodeIgniter->runController(Object(App\Controllers\Produto))
11 SYSTEMPATH\CodeIgniter.php(340): CodeIgniter\CodeIgniter->handleRequest(null, Object(Config\Cache), false)
12 FCPATH\index.php(67): CodeIgniter\CodeIgniter->run()
13 SYSTEMPATH\Commands\Server\rewrite.php(43): require_once('FCPATH\\index.php')
ERROR - 2022-09-21 12:24:10 --> mysqli_sql_exception: Unknown column 'produtos_extras' in 'field list' in C:\xampp\htdocs\food\system\Database\MySQLi\Connection.php:292
Stack trace:
#0 C:\xampp\htdocs\food\system\Database\MySQLi\Connection.php(292): mysqli->query('SELECT `extras`...', 0)
#1 C:\xampp\htdocs\food\system\Database\BaseConnection.php(693): CodeIgniter\Database\MySQLi\Connection->execute('SELECT `extras`...')
#2 C:\xampp\htdocs\food\system\Database\BaseConnection.php(620): CodeIgniter\Database\BaseConnection->simpleQuery('SELECT `extras`...')
#3 C:\xampp\htdocs\food\system\Database\BaseBuilder.php(1585): CodeIgniter\Database\BaseConnection->query('SELECT `extras`...', Array, false)
#4 C:\xampp\htdocs\food\system\Model.php(222): CodeIgniter\Database\BaseBuilder->get()
#5 C:\xampp\htdocs\food\system\BaseModel.php(584): CodeIgniter\Model->doFindAll(0, 0)
#6 C:\xampp\htdocs\food\app\Models\ProdutoExtraModel.php(42): CodeIgniter\BaseModel->findAll()
#7 C:\xampp\htdocs\food\app\Controllers\Produto.php(36): App\Models\ProdutoExtraModel->buscaExtrasDoProdutoDetalhes(9)
#8 C:\xampp\htdocs\food\system\CodeIgniter.php(898): App\Controllers\Produto->detalhes('pizza-calabresa')
#9 C:\xampp\htdocs\food\system\CodeIgniter.php(457): CodeIgniter\CodeIgniter->runController(Object(App\Controllers\Produto))
#10 C:\xampp\htdocs\food\system\CodeIgniter.php(340): CodeIgniter\CodeIgniter->handleRequest(NULL, Object(Config\Cache), false)
#11 C:\xampp\htdocs\food\public\index.php(67): CodeIgniter\CodeIgniter->run()
#12 C:\xampp\htdocs\food\system\Commands\Server\rewrite.php(43): require_once('C:\\xampp\\htdocs...')
#13 {main}
CRITICAL - 2022-09-21 12:24:10 --> Unknown column 'produtos_extras' in 'field list'
in SYSTEMPATH\Database\MySQLi\Connection.php on line 292.
 1 SYSTEMPATH\Database\MySQLi\Connection.php(292): mysqli->query('SELECT `extras`.`id`, `extras`.`nome`, `extras`.`preco`, `produtos_extras` AS `id_principal`
FROM `produtos_extras`
JOIN `extras` ON `extras`.`id` = `produtos_extras`.`extra_id`
JOIN `produtos` ON `produtos`.`id` = `produtos_extras`.`produto_id`
WHERE `produtos_extras`.`produto_id` = 9', 0)
 2 SYSTEMPATH\Database\BaseConnection.php(693): CodeIgniter\Database\MySQLi\Connection->execute('SELECT `extras`.`id`, `extras`.`nome`, `extras`.`preco`, `produtos_extras` AS `id_principal`
FROM `produtos_extras`
JOIN `extras` ON `extras`.`id` = `produtos_extras`.`extra_id`
JOIN `produtos` ON `produtos`.`id` = `produtos_extras`.`produto_id`
WHERE `produtos_extras`.`produto_id` = 9')
 3 SYSTEMPATH\Database\BaseConnection.php(620): CodeIgniter\Database\BaseConnection->simpleQuery('SELECT `extras`.`id`, `extras`.`nome`, `extras`.`preco`, `produtos_extras` AS `id_principal`
FROM `produtos_extras`
JOIN `extras` ON `extras`.`id` = `produtos_extras`.`extra_id`
JOIN `produtos` ON `produtos`.`id` = `produtos_extras`.`produto_id`
WHERE `produtos_extras`.`produto_id` = 9')
 4 SYSTEMPATH\Database\BaseBuilder.php(1585): CodeIgniter\Database\BaseConnection->query('SELECT `extras`.`id`, `extras`.`nome`, `extras`.`preco`, `produtos_extras` AS `id_principal`
FROM `produtos_extras`
JOIN `extras` ON `extras`.`id` = `produtos_extras`.`extra_id`
JOIN `produtos` ON `produtos`.`id` = `produtos_extras`.`produto_id`
WHERE `produtos_extras`.`produto_id` = :produtos_extras.produto_id:', [...], false)
 5 SYSTEMPATH\Model.php(222): CodeIgniter\Database\BaseBuilder->get()
 6 SYSTEMPATH\BaseModel.php(584): CodeIgniter\Model->doFindAll(0, 0)
 7 APPPATH\Models\ProdutoExtraModel.php(42): CodeIgniter\BaseModel->findAll()
 8 APPPATH\Controllers\Produto.php(36): App\Models\ProdutoExtraModel->buscaExtrasDoProdutoDetalhes(9)
 9 SYSTEMPATH\CodeIgniter.php(898): App\Controllers\Produto->detalhes('pizza-calabresa')
10 SYSTEMPATH\CodeIgniter.php(457): CodeIgniter\CodeIgniter->runController(Object(App\Controllers\Produto))
11 SYSTEMPATH\CodeIgniter.php(340): CodeIgniter\CodeIgniter->handleRequest(null, Object(Config\Cache), false)
12 FCPATH\index.php(67): CodeIgniter\CodeIgniter->run()
13 SYSTEMPATH\Commands\Server\rewrite.php(43): require_once('FCPATH\\index.php')
CRITICAL - 2022-09-21 14:10:07 --> Undefined property: stdClass::$tamanho
in APPPATH\Controllers\Carrinho.php on line 92.
 1 APPPATH\Controllers\Carrinho.php(92): CodeIgniter\Debug\Exceptions->errorHandler(8, 'Undefined property: stdClass::$tamanho', 'APPPATH\\Controllers\\Carrinho.php', 92, [...])
 2 SYSTEMPATH\CodeIgniter.php(898): App\Controllers\Carrinho->adicionar()
 3 SYSTEMPATH\CodeIgniter.php(457): CodeIgniter\CodeIgniter->runController(Object(App\Controllers\Carrinho))
 4 SYSTEMPATH\CodeIgniter.php(340): CodeIgniter\CodeIgniter->handleRequest(null, Object(Config\Cache), false)
 5 FCPATH\index.php(67): CodeIgniter\CodeIgniter->run()
 6 SYSTEMPATH\Commands\Server\rewrite.php(43): require_once('FCPATH\\index.php')
