CRITICAL - 2022-08-15 14:25:15 --> Invalid file: Admin/layout/principal.php
in SYSTEMPATH\Exceptions\FrameworkException.php on line 33.
 1 SYSTEMPATH\View\View.php(201): CodeIgniter\Exceptions\FrameworkException::forInvalidFile('Admin/layout/principal.php')
 2 SYSTEMPATH\View\View.php(229): CodeIgniter\View\View->render('Admin/layout/principal', [], true)
 3 SYSTEMPATH\Common.php(1137): CodeIgniter\View\View->render('Admin/Home/index', [], true)
 4 APPPATH\Controllers\Admin\Home.php(15): view('Admin/Home/index', [...])
 5 SYSTEMPATH\CodeIgniter.php(898): App\Controllers\Admin\Home->index()
 6 SYSTEMPATH\CodeIgniter.php(457): CodeIgniter\CodeIgniter->runController(Object(App\Controllers\Admin\Home))
 7 SYSTEMPATH\CodeIgniter.php(340): CodeIgniter\CodeIgniter->handleRequest(null, Object(Config\Cache), false)
 8 FCPATH\index.php(67): CodeIgniter\CodeIgniter->run()
 9 SYSTEMPATH\Commands\Server\rewrite.php(43): require_once('FCPATH\\index.php')
CRITICAL - 2022-08-15 14:25:15 --> Invalid file: Admin/layout/principal.php
in SYSTEMPATH\Exceptions\FrameworkException.php on line 33.
 1 SYSTEMPATH\View\View.php(201): CodeIgniter\Exceptions\FrameworkException::forInvalidFile('Admin/layout/principal.php')
 2 SYSTEMPATH\View\View.php(229): CodeIgniter\View\View->render('Admin/layout/principal', [], true)
 3 SYSTEMPATH\Common.php(1137): CodeIgniter\View\View->render('Admin/Home/index', [], true)
 4 APPPATH\Controllers\Admin\Home.php(15): view('Admin/Home/index', [...])
 5 SYSTEMPATH\CodeIgniter.php(898): App\Controllers\Admin\Home->index()
 6 SYSTEMPATH\CodeIgniter.php(457): CodeIgniter\CodeIgniter->runController(Object(App\Controllers\Admin\Home))
 7 SYSTEMPATH\CodeIgniter.php(340): CodeIgniter\CodeIgniter->handleRequest(null, Object(Config\Cache), false)
 8 FCPATH\index.php(67): CodeIgniter\CodeIgniter->run()
 9 SYSTEMPATH\Commands\Server\rewrite.php(43): require_once('FCPATH\\index.php')
CRITICAL - 2022-08-15 14:25:15 --> Invalid file: Admin/layout/principal.php
in SYSTEMPATH\Exceptions\FrameworkException.php on line 33.
 1 SYSTEMPATH\View\View.php(201): CodeIgniter\Exceptions\FrameworkException::forInvalidFile('Admin/layout/principal.php')
 2 SYSTEMPATH\View\View.php(229): CodeIgniter\View\View->render('Admin/layout/principal', [], true)
 3 SYSTEMPATH\Common.php(1137): CodeIgniter\View\View->render('Admin/Home/index', [], true)
 4 APPPATH\Controllers\Admin\Home.php(15): view('Admin/Home/index', [...])
 5 SYSTEMPATH\CodeIgniter.php(898): App\Controllers\Admin\Home->index()
 6 SYSTEMPATH\CodeIgniter.php(457): CodeIgniter\CodeIgniter->runController(Object(App\Controllers\Admin\Home))
 7 SYSTEMPATH\CodeIgniter.php(340): CodeIgniter\CodeIgniter->handleRequest(null, Object(Config\Cache), false)
 8 FCPATH\index.php(67): CodeIgniter\CodeIgniter->run()
 9 SYSTEMPATH\Commands\Server\rewrite.php(43): require_once('FCPATH\\index.php')
CRITICAL - 2022-08-15 14:25:16 --> Invalid file: Admin/layout/principal.php
in SYSTEMPATH\Exceptions\FrameworkException.php on line 33.
 1 SYSTEMPATH\View\View.php(201): CodeIgniter\Exceptions\FrameworkException::forInvalidFile('Admin/layout/principal.php')
 2 SYSTEMPATH\View\View.php(229): CodeIgniter\View\View->render('Admin/layout/principal', [], true)
 3 SYSTEMPATH\Common.php(1137): CodeIgniter\View\View->render('Admin/Home/index', [], true)
 4 APPPATH\Controllers\Admin\Home.php(15): view('Admin/Home/index', [...])
 5 SYSTEMPATH\CodeIgniter.php(898): App\Controllers\Admin\Home->index()
 6 SYSTEMPATH\CodeIgniter.php(457): CodeIgniter\CodeIgniter->runController(Object(App\Controllers\Admin\Home))
 7 SYSTEMPATH\CodeIgniter.php(340): CodeIgniter\CodeIgniter->handleRequest(null, Object(Config\Cache), false)
 8 FCPATH\index.php(67): CodeIgniter\CodeIgniter->run()
 9 SYSTEMPATH\Commands\Server\rewrite.php(43): require_once('FCPATH\\index.php')
CRITICAL - 2022-08-15 14:25:16 --> Invalid file: Admin/layout/principal.php
in SYSTEMPATH\Exceptions\FrameworkException.php on line 33.
 1 SYSTEMPATH\View\View.php(201): CodeIgniter\Exceptions\FrameworkException::forInvalidFile('Admin/layout/principal.php')
 2 SYSTEMPATH\View\View.php(229): CodeIgniter\View\View->render('Admin/layout/principal', [], true)
 3 SYSTEMPATH\Common.php(1137): CodeIgniter\View\View->render('Admin/Home/index', [], true)
 4 APPPATH\Controllers\Admin\Home.php(15): view('Admin/Home/index', [...])
 5 SYSTEMPATH\CodeIgniter.php(898): App\Controllers\Admin\Home->index()
 6 SYSTEMPATH\CodeIgniter.php(457): CodeIgniter\CodeIgniter->runController(Object(App\Controllers\Admin\Home))
 7 SYSTEMPATH\CodeIgniter.php(340): CodeIgniter\CodeIgniter->handleRequest(null, Object(Config\Cache), false)
 8 FCPATH\index.php(67): CodeIgniter\CodeIgniter->run()
 9 SYSTEMPATH\Commands\Server\rewrite.php(43): require_once('FCPATH\\index.php')
CRITICAL - 2022-08-15 14:25:29 --> Invalid file: Admin/layout/principal.php
in SYSTEMPATH\Exceptions\FrameworkException.php on line 33.
 1 SYSTEMPATH\View\View.php(201): CodeIgniter\Exceptions\FrameworkException::forInvalidFile('Admin/layout/principal.php')
 2 SYSTEMPATH\View\View.php(229): CodeIgniter\View\View->render('Admin/layout/principal', [], true)
 3 SYSTEMPATH\Common.php(1137): CodeIgniter\View\View->render('Admin/Home/index', [], true)
 4 APPPATH\Controllers\Admin\Home.php(15): view('Admin/Home/index', [...])
 5 SYSTEMPATH\CodeIgniter.php(898): App\Controllers\Admin\Home->index()
 6 SYSTEMPATH\CodeIgniter.php(457): CodeIgniter\CodeIgniter->runController(Object(App\Controllers\Admin\Home))
 7 SYSTEMPATH\CodeIgniter.php(340): CodeIgniter\CodeIgniter->handleRequest(null, Object(Config\Cache), false)
 8 FCPATH\index.php(67): CodeIgniter\CodeIgniter->run()
 9 SYSTEMPATH\Commands\Server\rewrite.php(43): require_once('FCPATH\\index.php')
CRITICAL - 2022-08-15 14:25:30 --> Invalid file: Admin/layout/principal.php
in SYSTEMPATH\Exceptions\FrameworkException.php on line 33.
 1 SYSTEMPATH\View\View.php(201): CodeIgniter\Exceptions\FrameworkException::forInvalidFile('Admin/layout/principal.php')
 2 SYSTEMPATH\View\View.php(229): CodeIgniter\View\View->render('Admin/layout/principal', [], true)
 3 SYSTEMPATH\Common.php(1137): CodeIgniter\View\View->render('Admin/Home/index', [], true)
 4 APPPATH\Controllers\Admin\Home.php(15): view('Admin/Home/index', [...])
 5 SYSTEMPATH\CodeIgniter.php(898): App\Controllers\Admin\Home->index()
 6 SYSTEMPATH\CodeIgniter.php(457): CodeIgniter\CodeIgniter->runController(Object(App\Controllers\Admin\Home))
 7 SYSTEMPATH\CodeIgniter.php(340): CodeIgniter\CodeIgniter->handleRequest(null, Object(Config\Cache), false)
 8 FCPATH\index.php(67): CodeIgniter\CodeIgniter->run()
 9 SYSTEMPATH\Commands\Server\rewrite.php(43): require_once('FCPATH\\index.php')
CRITICAL - 2022-08-15 14:25:30 --> Invalid file: Admin/layout/principal.php
in SYSTEMPATH\Exceptions\FrameworkException.php on line 33.
 1 SYSTEMPATH\View\View.php(201): CodeIgniter\Exceptions\FrameworkException::forInvalidFile('Admin/layout/principal.php')
 2 SYSTEMPATH\View\View.php(229): CodeIgniter\View\View->render('Admin/layout/principal', [], true)
 3 SYSTEMPATH\Common.php(1137): CodeIgniter\View\View->render('Admin/Home/index', [], true)
 4 APPPATH\Controllers\Admin\Home.php(15): view('Admin/Home/index', [...])
 5 SYSTEMPATH\CodeIgniter.php(898): App\Controllers\Admin\Home->index()
 6 SYSTEMPATH\CodeIgniter.php(457): CodeIgniter\CodeIgniter->runController(Object(App\Controllers\Admin\Home))
 7 SYSTEMPATH\CodeIgniter.php(340): CodeIgniter\CodeIgniter->handleRequest(null, Object(Config\Cache), false)
 8 FCPATH\index.php(67): CodeIgniter\CodeIgniter->run()
 9 SYSTEMPATH\Commands\Server\rewrite.php(43): require_once('FCPATH\\index.php')
CRITICAL - 2022-08-15 14:26:32 --> Invalid file: Admin/layout/principal.php
in SYSTEMPATH\Exceptions\FrameworkException.php on line 33.
 1 SYSTEMPATH\View\View.php(201): CodeIgniter\Exceptions\FrameworkException::forInvalidFile('Admin/layout/principal.php')
 2 SYSTEMPATH\View\View.php(229): CodeIgniter\View\View->render('Admin/layout/principal', [], true)
 3 SYSTEMPATH\Common.php(1137): CodeIgniter\View\View->render('Admin/Home/index', [], true)
 4 APPPATH\Controllers\Admin\Home.php(15): view('Admin/Home/index', [...])
 5 SYSTEMPATH\CodeIgniter.php(898): App\Controllers\Admin\Home->index()
 6 SYSTEMPATH\CodeIgniter.php(457): CodeIgniter\CodeIgniter->runController(Object(App\Controllers\Admin\Home))
 7 SYSTEMPATH\CodeIgniter.php(340): CodeIgniter\CodeIgniter->handleRequest(null, Object(Config\Cache), false)
 8 FCPATH\index.php(67): CodeIgniter\CodeIgniter->run()
 9 SYSTEMPATH\Commands\Server\rewrite.php(43): require_once('FCPATH\\index.php')
CRITICAL - 2022-08-15 14:26:39 --> Invalid file: Admin/layout/principal.php
in SYSTEMPATH\Exceptions\FrameworkException.php on line 33.
 1 SYSTEMPATH\View\View.php(201): CodeIgniter\Exceptions\FrameworkException::forInvalidFile('Admin/layout/principal.php')
 2 SYSTEMPATH\View\View.php(229): CodeIgniter\View\View->render('Admin/layout/principal', [], true)
 3 SYSTEMPATH\Common.php(1137): CodeIgniter\View\View->render('Admin/Home/index', [], true)
 4 APPPATH\Controllers\Admin\Home.php(15): view('Admin/Home/index', [...])
 5 SYSTEMPATH\CodeIgniter.php(898): App\Controllers\Admin\Home->index()
 6 SYSTEMPATH\CodeIgniter.php(457): CodeIgniter\CodeIgniter->runController(Object(App\Controllers\Admin\Home))
 7 SYSTEMPATH\CodeIgniter.php(340): CodeIgniter\CodeIgniter->handleRequest(null, Object(Config\Cache), false)
 8 FCPATH\index.php(67): CodeIgniter\CodeIgniter->run()
 9 SYSTEMPATH\Commands\Server\rewrite.php(43): require_once('FCPATH\\index.php')
CRITICAL - 2022-08-15 14:26:39 --> Invalid file: Admin/layout/principal.php
in SYSTEMPATH\Exceptions\FrameworkException.php on line 33.
 1 SYSTEMPATH\View\View.php(201): CodeIgniter\Exceptions\FrameworkException::forInvalidFile('Admin/layout/principal.php')
 2 SYSTEMPATH\View\View.php(229): CodeIgniter\View\View->render('Admin/layout/principal', [], true)
 3 SYSTEMPATH\Common.php(1137): CodeIgniter\View\View->render('Admin/Home/index', [], true)
 4 APPPATH\Controllers\Admin\Home.php(15): view('Admin/Home/index', [...])
 5 SYSTEMPATH\CodeIgniter.php(898): App\Controllers\Admin\Home->index()
 6 SYSTEMPATH\CodeIgniter.php(457): CodeIgniter\CodeIgniter->runController(Object(App\Controllers\Admin\Home))
 7 SYSTEMPATH\CodeIgniter.php(340): CodeIgniter\CodeIgniter->handleRequest(null, Object(Config\Cache), false)
 8 FCPATH\index.php(67): CodeIgniter\CodeIgniter->run()
 9 SYSTEMPATH\Commands\Server\rewrite.php(43): require_once('FCPATH\\index.php')
CRITICAL - 2022-08-15 14:26:39 --> Invalid file: Admin/layout/principal.php
in SYSTEMPATH\Exceptions\FrameworkException.php on line 33.
 1 SYSTEMPATH\View\View.php(201): CodeIgniter\Exceptions\FrameworkException::forInvalidFile('Admin/layout/principal.php')
 2 SYSTEMPATH\View\View.php(229): CodeIgniter\View\View->render('Admin/layout/principal', [], true)
 3 SYSTEMPATH\Common.php(1137): CodeIgniter\View\View->render('Admin/Home/index', [], true)
 4 APPPATH\Controllers\Admin\Home.php(15): view('Admin/Home/index', [...])
 5 SYSTEMPATH\CodeIgniter.php(898): App\Controllers\Admin\Home->index()
 6 SYSTEMPATH\CodeIgniter.php(457): CodeIgniter\CodeIgniter->runController(Object(App\Controllers\Admin\Home))
 7 SYSTEMPATH\CodeIgniter.php(340): CodeIgniter\CodeIgniter->handleRequest(null, Object(Config\Cache), false)
 8 FCPATH\index.php(67): CodeIgniter\CodeIgniter->run()
 9 SYSTEMPATH\Commands\Server\rewrite.php(43): require_once('FCPATH\\index.php')
CRITICAL - 2022-08-15 14:26:40 --> Invalid file: Admin/layout/principal.php
in SYSTEMPATH\Exceptions\FrameworkException.php on line 33.
 1 SYSTEMPATH\View\View.php(201): CodeIgniter\Exceptions\FrameworkException::forInvalidFile('Admin/layout/principal.php')
 2 SYSTEMPATH\View\View.php(229): CodeIgniter\View\View->render('Admin/layout/principal', [], true)
 3 SYSTEMPATH\Common.php(1137): CodeIgniter\View\View->render('Admin/Home/index', [], true)
 4 APPPATH\Controllers\Admin\Home.php(15): view('Admin/Home/index', [...])
 5 SYSTEMPATH\CodeIgniter.php(898): App\Controllers\Admin\Home->index()
 6 SYSTEMPATH\CodeIgniter.php(457): CodeIgniter\CodeIgniter->runController(Object(App\Controllers\Admin\Home))
 7 SYSTEMPATH\CodeIgniter.php(340): CodeIgniter\CodeIgniter->handleRequest(null, Object(Config\Cache), false)
 8 FCPATH\index.php(67): CodeIgniter\CodeIgniter->run()
 9 SYSTEMPATH\Commands\Server\rewrite.php(43): require_once('FCPATH\\index.php')
CRITICAL - 2022-08-15 14:29:21 --> Invalid file: Admin/layout/principal.php
in SYSTEMPATH\Exceptions\FrameworkException.php on line 33.
 1 SYSTEMPATH\View\View.php(201): CodeIgniter\Exceptions\FrameworkException::forInvalidFile('Admin/layout/principal.php')
 2 SYSTEMPATH\View\View.php(229): CodeIgniter\View\View->render('Admin/layout/principal', [], true)
 3 SYSTEMPATH\Common.php(1137): CodeIgniter\View\View->render('Admin/Home/index', [], true)
 4 APPPATH\Controllers\Admin\Home.php(15): view('Admin/Home/index', [...])
 5 SYSTEMPATH\CodeIgniter.php(898): App\Controllers\Admin\Home->index()
 6 SYSTEMPATH\CodeIgniter.php(457): CodeIgniter\CodeIgniter->runController(Object(App\Controllers\Admin\Home))
 7 SYSTEMPATH\CodeIgniter.php(340): CodeIgniter\CodeIgniter->handleRequest(null, Object(Config\Cache), false)
 8 FCPATH\index.php(67): CodeIgniter\CodeIgniter->run()
 9 SYSTEMPATH\Commands\Server\rewrite.php(43): require_once('FCPATH\\index.php')
CRITICAL - 2022-08-15 14:29:22 --> Invalid file: Admin/layout/principal.php
in SYSTEMPATH\Exceptions\FrameworkException.php on line 33.
 1 SYSTEMPATH\View\View.php(201): CodeIgniter\Exceptions\FrameworkException::forInvalidFile('Admin/layout/principal.php')
 2 SYSTEMPATH\View\View.php(229): CodeIgniter\View\View->render('Admin/layout/principal', [], true)
 3 SYSTEMPATH\Common.php(1137): CodeIgniter\View\View->render('Admin/Home/index', [], true)
 4 APPPATH\Controllers\Admin\Home.php(15): view('Admin/Home/index', [...])
 5 SYSTEMPATH\CodeIgniter.php(898): App\Controllers\Admin\Home->index()
 6 SYSTEMPATH\CodeIgniter.php(457): CodeIgniter\CodeIgniter->runController(Object(App\Controllers\Admin\Home))
 7 SYSTEMPATH\CodeIgniter.php(340): CodeIgniter\CodeIgniter->handleRequest(null, Object(Config\Cache), false)
 8 FCPATH\index.php(67): CodeIgniter\CodeIgniter->run()
 9 SYSTEMPATH\Commands\Server\rewrite.php(43): require_once('FCPATH\\index.php')
ERROR - 2022-08-15 15:34:38 --> Error connecting to the database: mysqli_sql_exception: Access denied for user ''@'localhost' (using password: NO) in C:\wamp64\www\food\system\Database\MySQLi\Connection.php:171
Stack trace:
#0 C:\wamp64\www\food\system\Database\MySQLi\Connection.php(171): mysqli->real_connect('localhost', '', '', '', 3306, '', 0)
#1 C:\wamp64\www\food\system\Database\BaseConnection.php(382): CodeIgniter\Database\MySQLi\Connection->connect(false)
#2 C:\wamp64\www\food\system\Database\BaseConnection.php(588): CodeIgniter\Database\BaseConnection->initialize()
#3 C:\wamp64\www\food\system\Database\BaseConnection.php(1380): CodeIgniter\Database\BaseConnection->query('SHOW TABLES FRO...')
#4 C:\wamp64\www\food\system\Database\BaseConnection.php(1411): CodeIgniter\Database\BaseConnection->listTables()
#5 C:\wamp64\www\food\system\Database\MigrationRunner.php(759): CodeIgniter\Database\BaseConnection->tableExists('migrations')
#6 C:\wamp64\www\food\system\Database\MigrationRunner.php(167): CodeIgniter\Database\MigrationRunner->ensureTable()
#7 C:\wamp64\www\food\system\Commands\Database\Migrate.php(84): CodeIgniter\Database\MigrationRunner->latest(NULL)
#8 C:\wamp64\www\food\system\CLI\Commands.php(63): CodeIgniter\Commands\Database\Migrate->run(Array)
#9 C:\wamp64\www\food\system\CLI\CommandRunner.php(65): CodeIgniter\CLI\Commands->run('migrate', Array)
#10 C:\wamp64\www\food\system\CLI\CommandRunner.php(51): CodeIgniter\CLI\CommandRunner->index(Array)
#11 C:\wamp64\www\food\system\CodeIgniter.php(891): CodeIgniter\CLI\CommandRunner->_remap('index', Array)
#12 C:\wamp64\www\food\system\CodeIgniter.php(457): CodeIgniter\CodeIgniter->runController(Object(CodeIgniter\CLI\CommandRunner))
#13 C:\wamp64\www\food\system\CodeIgniter.php(336): CodeIgniter\CodeIgniter->handleRequest(NULL, Object(Config\Cache), false)
#14 C:\wamp64\www\food\system\CLI\Console.php(48): CodeIgniter\CodeIgniter->run()
#15 C:\wamp64\www\food\spark(98): CodeIgniter\CLI\Console->run()
#16 {main}

Next CodeIgniter\Database\Exceptions\DatabaseException: Access denied for user ''@'localhost' (using password: NO) in C:\wamp64\www\food\system\Database\MySQLi\Connection.php:215
Stack trace:
#0 C:\wamp64\www\food\system\Database\BaseConnection.php(382): CodeIgniter\Database\MySQLi\Connection->connect(false)
#1 C:\wamp64\www\food\system\Database\BaseConnection.php(588): CodeIgniter\Database\BaseConnection->initialize()
#2 C:\wamp64\www\food\system\Database\BaseConnection.php(1380): CodeIgniter\Database\BaseConnection->query('SHOW TABLES FRO...')
#3 C:\wamp64\www\food\system\Database\BaseConnection.php(1411): CodeIgniter\Database\BaseConnection->listTables()
#4 C:\wamp64\www\food\system\Database\MigrationRunner.php(759): CodeIgniter\Database\BaseConnection->tableExists('migrations')
#5 C:\wamp64\www\food\system\Database\MigrationRunner.php(167): CodeIgniter\Database\MigrationRunner->ensureTable()
#6 C:\wamp64\www\food\system\Commands\Database\Migrate.php(84): CodeIgniter\Database\MigrationRunner->latest(NULL)
#7 C:\wamp64\www\food\system\CLI\Commands.php(63): CodeIgniter\Commands\Database\Migrate->run(Array)
#8 C:\wamp64\www\food\system\CLI\CommandRunner.php(65): CodeIgniter\CLI\Commands->run('migrate', Array)
#9 C:\wamp64\www\food\system\CLI\CommandRunner.php(51): CodeIgniter\CLI\CommandRunner->index(Array)
#10 C:\wamp64\www\food\system\CodeIgniter.php(891): CodeIgniter\CLI\CommandRunner->_remap('index', Array)
#11 C:\wamp64\www\food\system\CodeIgniter.php(457): CodeIgniter\CodeIgniter->runController(Object(CodeIgniter\CLI\CommandRunner))
#12 C:\wamp64\www\food\system\CodeIgniter.php(336): CodeIgniter\CodeIgniter->handleRequest(NULL, Object(Config\Cache), false)
#13 C:\wamp64\www\food\system\CLI\Console.php(48): CodeIgniter\CodeIgniter->run()
#14 C:\wamp64\www\food\spark(98): CodeIgniter\CLI\Console->run()
#15 {main}
