CRITICAL - 2023-06-12 11:24:28 --> Trying to get property 'nome' of non-object
in APPPATH\Views\Registrar\ativacao_email.php on line 1.
 1 APPPATH\Views\Registrar\ativacao_email.php(1): CodeIgniter\Debug\Exceptions->errorHandler(8, 'Trying to get property \'nome\' of non-object', 'APPPATH\\Views\\Registrar\\ativacao_email.php', 1, [...])
 2 SYSTEMPATH\View\View.php(213): include('APPPATH\\Views\\Registrar\\ativacao_email.php')
 3 SYSTEMPATH\View\View.php(216): CodeIgniter\View\View->CodeIgniter\View\{closure}()
 4 SYSTEMPATH\Common.php(1137): CodeIgniter\View\View->render('Registrar/ativacao_email', [], true)
 5 APPPATH\Controllers\Registrar.php(81): view('Registrar/ativacao_email', [...])
 6 APPPATH\Controllers\Registrar.php(38): App\Controllers\Registrar->enviaEmailParaAtivarConta(Object(App\Entities\Usuario))
 7 SYSTEMPATH\CodeIgniter.php(898): App\Controllers\Registrar->criar()
 8 SYSTEMPATH\CodeIgniter.php(457): CodeIgniter\CodeIgniter->runController(Object(App\Controllers\Registrar))
 9 SYSTEMPATH\CodeIgniter.php(340): CodeIgniter\CodeIgniter->handleRequest(null, Object(Config\Cache), false)
10 FCPATH\index.php(67): CodeIgniter\CodeIgniter->run()
11 SYSTEMPATH\Commands\Server\rewrite.php(43): require_once('FCPATH\\index.php')
CRITICAL - 2023-06-12 11:25:54 --> Trying to get property 'nome' of non-object
in APPPATH\Views\Registrar\ativacao_email.php on line 1.
 1 APPPATH\Views\Registrar\ativacao_email.php(1): CodeIgniter\Debug\Exceptions->errorHandler(8, 'Trying to get property \'nome\' of non-object', 'APPPATH\\Views\\Registrar\\ativacao_email.php', 1, [...])
 2 SYSTEMPATH\View\View.php(213): include('APPPATH\\Views\\Registrar\\ativacao_email.php')
 3 SYSTEMPATH\View\View.php(216): CodeIgniter\View\View->CodeIgniter\View\{closure}()
 4 SYSTEMPATH\Common.php(1137): CodeIgniter\View\View->render('Registrar/ativacao_email', [], true)
 5 APPPATH\Controllers\Registrar.php(81): view('Registrar/ativacao_email', [...])
 6 APPPATH\Controllers\Registrar.php(38): App\Controllers\Registrar->enviaEmailParaAtivarConta(Object(App\Entities\Usuario))
 7 SYSTEMPATH\CodeIgniter.php(898): App\Controllers\Registrar->criar()
 8 SYSTEMPATH\CodeIgniter.php(457): CodeIgniter\CodeIgniter->runController(Object(App\Controllers\Registrar))
 9 SYSTEMPATH\CodeIgniter.php(340): CodeIgniter\CodeIgniter->handleRequest(null, Object(Config\Cache), false)
10 FCPATH\index.php(67): CodeIgniter\CodeIgniter->run()
11 SYSTEMPATH\Commands\Server\rewrite.php(43): require_once('FCPATH\\index.php')
CRITICAL - 2023-06-12 11:29:07 --> Trying to get property 'token' of non-object
in APPPATH\Views\Registrar\ativacao_email.php on line 5.
 1 APPPATH\Views\Registrar\ativacao_email.php(5): CodeIgniter\Debug\Exceptions->errorHandler(8, 'Trying to get property \'token\' of non-object', 'APPPATH\\Views\\Registrar\\ativacao_email.php', 5, [...])
 2 SYSTEMPATH\View\View.php(213): include('APPPATH\\Views\\Registrar\\ativacao_email.php')
 3 SYSTEMPATH\View\View.php(216): CodeIgniter\View\View->CodeIgniter\View\{closure}()
 4 SYSTEMPATH\Common.php(1137): CodeIgniter\View\View->render('Registrar/ativacao_email', [], true)
 5 APPPATH\Controllers\Registrar.php(81): view('Registrar/ativacao_email', [...])
 6 APPPATH\Controllers\Registrar.php(38): App\Controllers\Registrar->enviaEmailParaAtivarConta(Object(App\Entities\Usuario))
 7 SYSTEMPATH\CodeIgniter.php(898): App\Controllers\Registrar->criar()
 8 SYSTEMPATH\CodeIgniter.php(457): CodeIgniter\CodeIgniter->runController(Object(App\Controllers\Registrar))
 9 SYSTEMPATH\CodeIgniter.php(340): CodeIgniter\CodeIgniter->handleRequest(null, Object(Config\Cache), false)
10 FCPATH\index.php(67): CodeIgniter\CodeIgniter->run()
11 SYSTEMPATH\Commands\Server\rewrite.php(43): require_once('FCPATH\\index.php')
CRITICAL - 2023-06-12 11:32:29 --> Undefined variable: usuario
in APPPATH\Views\Registrar\ativacao_email.php on line 1.
 1 APPPATH\Views\Registrar\ativacao_email.php(1): CodeIgniter\Debug\Exceptions->errorHandler(8, 'Undefined variable: usuario', 'APPPATH\\Views\\Registrar\\ativacao_email.php', 1, [...])
 2 SYSTEMPATH\View\View.php(213): include('APPPATH\\Views\\Registrar\\ativacao_email.php')
 3 SYSTEMPATH\View\View.php(216): CodeIgniter\View\View->CodeIgniter\View\{closure}()
 4 SYSTEMPATH\Common.php(1137): CodeIgniter\View\View->render('Registrar/ativacao_email', [], true)
 5 APPPATH\Controllers\Registrar.php(81): view('Registrar/ativacao_email', [...])
 6 APPPATH\Controllers\Registrar.php(38): App\Controllers\Registrar->enviaEmailParaAtivarConta(Object(App\Entities\Usuario))
 7 SYSTEMPATH\CodeIgniter.php(898): App\Controllers\Registrar->criar()
 8 SYSTEMPATH\CodeIgniter.php(457): CodeIgniter\CodeIgniter->runController(Object(App\Controllers\Registrar))
 9 SYSTEMPATH\CodeIgniter.php(340): CodeIgniter\CodeIgniter->handleRequest(null, Object(Config\Cache), false)
10 FCPATH\index.php(67): CodeIgniter\CodeIgniter->run()
11 SYSTEMPATH\Commands\Server\rewrite.php(43): require_once('FCPATH\\index.php')
CRITICAL - 2023-06-12 11:49:22 --> Trying to get property 'nome' of non-object
in APPPATH\Views\Registrar\ativacao_email.php on line 1.
 1 APPPATH\Views\Registrar\ativacao_email.php(1): CodeIgniter\Debug\Exceptions->errorHandler(8, 'Trying to get property \'nome\' of non-object', 'APPPATH\\Views\\Registrar\\ativacao_email.php', 1, [...])
 2 SYSTEMPATH\View\View.php(213): include('APPPATH\\Views\\Registrar\\ativacao_email.php')
 3 SYSTEMPATH\View\View.php(216): CodeIgniter\View\View->CodeIgniter\View\{closure}()
 4 SYSTEMPATH\Common.php(1137): CodeIgniter\View\View->render('Registrar/ativacao_email', [], true)
 5 APPPATH\Controllers\Registrar.php(81): view('Registrar/ativacao_email', [...])
 6 APPPATH\Controllers\Registrar.php(38): App\Controllers\Registrar->enviaEmailParaAtivarConta(Object(App\Entities\Usuario))
 7 SYSTEMPATH\CodeIgniter.php(898): App\Controllers\Registrar->criar()
 8 SYSTEMPATH\CodeIgniter.php(457): CodeIgniter\CodeIgniter->runController(Object(App\Controllers\Registrar))
 9 SYSTEMPATH\CodeIgniter.php(340): CodeIgniter\CodeIgniter->handleRequest(null, Object(Config\Cache), false)
10 FCPATH\index.php(67): CodeIgniter\CodeIgniter->run()
11 SYSTEMPATH\Commands\Server\rewrite.php(43): require_once('FCPATH\\index.php')
CRITICAL - 2023-06-12 11:53:24 --> Trying to get property 'nome' of non-object
in APPPATH\Views\Registrar\ativacao_email.php on line 1.
 1 APPPATH\Views\Registrar\ativacao_email.php(1): CodeIgniter\Debug\Exceptions->errorHandler(8, 'Trying to get property \'nome\' of non-object', 'APPPATH\\Views\\Registrar\\ativacao_email.php', 1, [...])
 2 SYSTEMPATH\View\View.php(213): include('APPPATH\\Views\\Registrar\\ativacao_email.php')
 3 SYSTEMPATH\View\View.php(216): CodeIgniter\View\View->CodeIgniter\View\{closure}()
 4 SYSTEMPATH\Common.php(1137): CodeIgniter\View\View->render('Registrar/ativacao_email', [], true)
 5 APPPATH\Controllers\Registrar.php(81): view('Registrar/ativacao_email', [...])
 6 APPPATH\Controllers\Registrar.php(38): App\Controllers\Registrar->enviaEmailParaAtivarConta(Object(App\Entities\Usuario))
 7 SYSTEMPATH\CodeIgniter.php(898): App\Controllers\Registrar->criar()
 8 SYSTEMPATH\CodeIgniter.php(457): CodeIgniter\CodeIgniter->runController(Object(App\Controllers\Registrar))
 9 SYSTEMPATH\CodeIgniter.php(340): CodeIgniter\CodeIgniter->handleRequest(null, Object(Config\Cache), false)
10 FCPATH\index.php(67): CodeIgniter\CodeIgniter->run()
11 SYSTEMPATH\Commands\Server\rewrite.php(43): require_once('FCPATH\\index.php')
CRITICAL - 2023-06-12 12:07:36 --> Trying to get property 'nome' of non-object
in APPPATH\Views\Registrar\ativacao_email.php on line 1.
 1 APPPATH\Views\Registrar\ativacao_email.php(1): CodeIgniter\Debug\Exceptions->errorHandler(8, 'Trying to get property \'nome\' of non-object', 'APPPATH\\Views\\Registrar\\ativacao_email.php', 1, [...])
 2 SYSTEMPATH\View\View.php(213): include('APPPATH\\Views\\Registrar\\ativacao_email.php')
 3 SYSTEMPATH\View\View.php(216): CodeIgniter\View\View->CodeIgniter\View\{closure}()
 4 SYSTEMPATH\Common.php(1137): CodeIgniter\View\View->render('Registrar/ativacao_email', [], true)
 5 APPPATH\Controllers\Registrar.php(81): view('Registrar/ativacao_email', [...])
 6 APPPATH\Controllers\Registrar.php(38): App\Controllers\Registrar->enviaEmailParaAtivarConta(Object(App\Entities\Usuario))
 7 SYSTEMPATH\CodeIgniter.php(898): App\Controllers\Registrar->criar()
 8 SYSTEMPATH\CodeIgniter.php(457): CodeIgniter\CodeIgniter->runController(Object(App\Controllers\Registrar))
 9 SYSTEMPATH\CodeIgniter.php(340): CodeIgniter\CodeIgniter->handleRequest(null, Object(Config\Cache), false)
10 FCPATH\index.php(67): CodeIgniter\CodeIgniter->run()
11 SYSTEMPATH\Commands\Server\rewrite.php(43): require_once('FCPATH\\index.php')
CRITICAL - 2023-06-12 13:56:36 --> Trying to get property 'nome' of non-object
in APPPATH\Views\Registrar\ativacao_email.php on line 1.
 1 APPPATH\Views\Registrar\ativacao_email.php(1): CodeIgniter\Debug\Exceptions->errorHandler(8, 'Trying to get property \'nome\' of non-object', 'APPPATH\\Views\\Registrar\\ativacao_email.php', 1, [...])
 2 SYSTEMPATH\View\View.php(213): include('APPPATH\\Views\\Registrar\\ativacao_email.php')
 3 SYSTEMPATH\View\View.php(216): CodeIgniter\View\View->CodeIgniter\View\{closure}()
 4 SYSTEMPATH\Common.php(1137): CodeIgniter\View\View->render('Registrar/ativacao_email', [], true)
 5 APPPATH\Controllers\Registrar.php(81): view('Registrar/ativacao_email', [...])
 6 APPPATH\Controllers\Registrar.php(38): App\Controllers\Registrar->enviaEmailParaAtivarConta(Object(App\Entities\Usuario))
 7 SYSTEMPATH\CodeIgniter.php(898): App\Controllers\Registrar->criar()
 8 SYSTEMPATH\CodeIgniter.php(457): CodeIgniter\CodeIgniter->runController(Object(App\Controllers\Registrar))
 9 SYSTEMPATH\CodeIgniter.php(340): CodeIgniter\CodeIgniter->handleRequest(null, Object(Config\Cache), false)
10 FCPATH\index.php(67): CodeIgniter\CodeIgniter->run()
11 SYSTEMPATH\Commands\Server\rewrite.php(43): require_once('FCPATH\\index.php')
CRITICAL - 2023-06-12 17:12:40 --> Invalid escape context provided.
in SYSTEMPATH\Common.php on line 444.
 1 APPPATH\Views\Conta\editar.php(82): esc('nome', '422.885.468-08')
 2 SYSTEMPATH\View\View.php(213): include('APPPATH\\Views\\Conta\\editar.php')
 3 SYSTEMPATH\View\View.php(216): CodeIgniter\View\View->CodeIgniter\View\{closure}()
 4 SYSTEMPATH\Common.php(1137): CodeIgniter\View\View->render('Conta/editar', [], true)
 5 APPPATH\Controllers\Conta.php(42): view('Conta/editar', [...])
 6 SYSTEMPATH\CodeIgniter.php(898): App\Controllers\Conta->editar()
 7 SYSTEMPATH\CodeIgniter.php(457): CodeIgniter\CodeIgniter->runController(Object(App\Controllers\Conta))
 8 SYSTEMPATH\CodeIgniter.php(340): CodeIgniter\CodeIgniter->handleRequest(null, Object(Config\Cache), false)
 9 FCPATH\index.php(67): CodeIgniter\CodeIgniter->run()
10 SYSTEMPATH\Commands\Server\rewrite.php(43): require_once('FCPATH\\index.php')
CRITICAL - 2023-06-12 17:13:07 --> Invalid escape context provided.
in SYSTEMPATH\Common.php on line 444.
 1 APPPATH\Views\Conta\editar.php(82): esc('cpf', '422.885.468-08')
 2 SYSTEMPATH\View\View.php(213): include('APPPATH\\Views\\Conta\\editar.php')
 3 SYSTEMPATH\View\View.php(216): CodeIgniter\View\View->CodeIgniter\View\{closure}()
 4 SYSTEMPATH\Common.php(1137): CodeIgniter\View\View->render('Conta/editar', [], true)
 5 APPPATH\Controllers\Conta.php(42): view('Conta/editar', [...])
 6 SYSTEMPATH\CodeIgniter.php(898): App\Controllers\Conta->editar()
 7 SYSTEMPATH\CodeIgniter.php(457): CodeIgniter\CodeIgniter->runController(Object(App\Controllers\Conta))
 8 SYSTEMPATH\CodeIgniter.php(340): CodeIgniter\CodeIgniter->handleRequest(null, Object(Config\Cache), false)
 9 FCPATH\index.php(67): CodeIgniter\CodeIgniter->run()
10 SYSTEMPATH\Commands\Server\rewrite.php(43): require_once('FCPATH\\index.php')
