CRITICAL - 2023-06-16 13:13:12 --> Trying to get property 'slug' of non-object
in APPPATH\Views\Checkout\index.php on line 71.
 1 APPPATH\Views\Checkout\index.php(71): CodeIgniter\Debug\Exceptions->errorHandler(8, 'Trying to get property \'slug\' of non-object', 'APPPATH\\Views\\Checkout\\index.php', 71, [...])
 2 SYSTEMPATH\View\View.php(213): include('APPPATH\\Views\\Checkout\\index.php')
 3 SYSTEMPATH\View\View.php(216): CodeIgniter\View\View->CodeIgniter\View\{closure}()
 4 SYSTEMPATH\Common.php(1137): CodeIgniter\View\View->render('Checkout/index', [], true)
 5 APPPATH\Controllers\Checkout.php(33): view('Checkout/index', [...])
 6 SYSTEMPATH\CodeIgniter.php(898): App\Controllers\Checkout->index()
 7 SYSTEMPATH\CodeIgniter.php(457): CodeIgniter\CodeIgniter->runController(Object(App\Controllers\Checkout))
 8 SYSTEMPATH\CodeIgniter.php(340): CodeIgniter\CodeIgniter->handleRequest(null, Object(Config\Cache), false)
 9 FCPATH\index.php(67): CodeIgniter\CodeIgniter->run()
10 SYSTEMPATH\Commands\Server\rewrite.php(43): require_once('FCPATH\\index.php')
CRITICAL - 2023-06-16 13:53:44 --> Call to a member function where() on null
in APPPATH\Controllers\Checkout.php on line 32.
 1 SYSTEMPATH\CodeIgniter.php(898): App\Controllers\Checkout->index()
 2 SYSTEMPATH\CodeIgniter.php(457): CodeIgniter\CodeIgniter->runController(Object(App\Controllers\Checkout))
 3 SYSTEMPATH\CodeIgniter.php(340): CodeIgniter\CodeIgniter->handleRequest(null, Object(Config\Cache), false)
 4 FCPATH\index.php(67): CodeIgniter\CodeIgniter->run()
 5 SYSTEMPATH\Commands\Server\rewrite.php(43): require_once('FCPATH\\index.php')
CRITICAL - 2023-06-16 13:54:39 --> Call to a member function where() on null
in APPPATH\Controllers\Checkout.php on line 32.
 1 SYSTEMPATH\CodeIgniter.php(898): App\Controllers\Checkout->index()
 2 SYSTEMPATH\CodeIgniter.php(457): CodeIgniter\CodeIgniter->runController(Object(App\Controllers\Checkout))
 3 SYSTEMPATH\CodeIgniter.php(340): CodeIgniter\CodeIgniter->handleRequest(null, Object(Config\Cache), false)
 4 FCPATH\index.php(67): CodeIgniter\CodeIgniter->run()
 5 SYSTEMPATH\Commands\Server\rewrite.php(43): require_once('FCPATH\\index.php')
CRITICAL - 2023-06-16 13:54:41 --> Call to a member function where() on null
in APPPATH\Controllers\Checkout.php on line 32.
 1 SYSTEMPATH\CodeIgniter.php(898): App\Controllers\Checkout->index()
 2 SYSTEMPATH\CodeIgniter.php(457): CodeIgniter\CodeIgniter->runController(Object(App\Controllers\Checkout))
 3 SYSTEMPATH\CodeIgniter.php(340): CodeIgniter\CodeIgniter->handleRequest(null, Object(Config\Cache), false)
 4 FCPATH\index.php(67): CodeIgniter\CodeIgniter->run()
 5 SYSTEMPATH\Commands\Server\rewrite.php(43): require_once('FCPATH\\index.php')
CRITICAL - 2023-06-16 13:54:42 --> Call to a member function where() on null
in APPPATH\Controllers\Checkout.php on line 32.
 1 SYSTEMPATH\CodeIgniter.php(898): App\Controllers\Checkout->index()
 2 SYSTEMPATH\CodeIgniter.php(457): CodeIgniter\CodeIgniter->runController(Object(App\Controllers\Checkout))
 3 SYSTEMPATH\CodeIgniter.php(340): CodeIgniter\CodeIgniter->handleRequest(null, Object(Config\Cache), false)
 4 FCPATH\index.php(67): CodeIgniter\CodeIgniter->run()
 5 SYSTEMPATH\Commands\Server\rewrite.php(43): require_once('FCPATH\\index.php')
CRITICAL - 2023-06-16 13:54:42 --> Call to a member function where() on null
in APPPATH\Controllers\Checkout.php on line 32.
 1 SYSTEMPATH\CodeIgniter.php(898): App\Controllers\Checkout->index()
 2 SYSTEMPATH\CodeIgniter.php(457): CodeIgniter\CodeIgniter->runController(Object(App\Controllers\Checkout))
 3 SYSTEMPATH\CodeIgniter.php(340): CodeIgniter\CodeIgniter->handleRequest(null, Object(Config\Cache), false)
 4 FCPATH\index.php(67): CodeIgniter\CodeIgniter->run()
 5 SYSTEMPATH\Commands\Server\rewrite.php(43): require_once('FCPATH\\index.php')
CRITICAL - 2023-06-16 13:55:30 --> Call to a member function where() on null
in APPPATH\Controllers\Checkout.php on line 32.
 1 SYSTEMPATH\CodeIgniter.php(898): App\Controllers\Checkout->index()
 2 SYSTEMPATH\CodeIgniter.php(457): CodeIgniter\CodeIgniter->runController(Object(App\Controllers\Checkout))
 3 SYSTEMPATH\CodeIgniter.php(340): CodeIgniter\CodeIgniter->handleRequest(null, Object(Config\Cache), false)
 4 FCPATH\index.php(67): CodeIgniter\CodeIgniter->run()
 5 SYSTEMPATH\Commands\Server\rewrite.php(43): require_once('FCPATH\\index.php')
CRITICAL - 2023-06-16 13:55:31 --> Call to a member function where() on null
in APPPATH\Controllers\Checkout.php on line 32.
 1 SYSTEMPATH\CodeIgniter.php(898): App\Controllers\Checkout->index()
 2 SYSTEMPATH\CodeIgniter.php(457): CodeIgniter\CodeIgniter->runController(Object(App\Controllers\Checkout))
 3 SYSTEMPATH\CodeIgniter.php(340): CodeIgniter\CodeIgniter->handleRequest(null, Object(Config\Cache), false)
 4 FCPATH\index.php(67): CodeIgniter\CodeIgniter->run()
 5 SYSTEMPATH\Commands\Server\rewrite.php(43): require_once('FCPATH\\index.php')
CRITICAL - 2023-06-16 13:55:31 --> Call to a member function where() on null
in APPPATH\Controllers\Checkout.php on line 32.
 1 SYSTEMPATH\CodeIgniter.php(898): App\Controllers\Checkout->index()
 2 SYSTEMPATH\CodeIgniter.php(457): CodeIgniter\CodeIgniter->runController(Object(App\Controllers\Checkout))
 3 SYSTEMPATH\CodeIgniter.php(340): CodeIgniter\CodeIgniter->handleRequest(null, Object(Config\Cache), false)
 4 FCPATH\index.php(67): CodeIgniter\CodeIgniter->run()
 5 SYSTEMPATH\Commands\Server\rewrite.php(43): require_once('FCPATH\\index.php')
CRITICAL - 2023-06-16 13:55:32 --> Call to a member function where() on null
in APPPATH\Controllers\Checkout.php on line 32.
 1 SYSTEMPATH\CodeIgniter.php(898): App\Controllers\Checkout->index()
 2 SYSTEMPATH\CodeIgniter.php(457): CodeIgniter\CodeIgniter->runController(Object(App\Controllers\Checkout))
 3 SYSTEMPATH\CodeIgniter.php(340): CodeIgniter\CodeIgniter->handleRequest(null, Object(Config\Cache), false)
 4 FCPATH\index.php(67): CodeIgniter\CodeIgniter->run()
 5 SYSTEMPATH\Commands\Server\rewrite.php(43): require_once('FCPATH\\index.php')
CRITICAL - 2023-06-16 13:55:53 --> Call to a member function where() on null
in APPPATH\Controllers\Checkout.php on line 32.
 1 SYSTEMPATH\CodeIgniter.php(898): App\Controllers\Checkout->index()
 2 SYSTEMPATH\CodeIgniter.php(457): CodeIgniter\CodeIgniter->runController(Object(App\Controllers\Checkout))
 3 SYSTEMPATH\CodeIgniter.php(340): CodeIgniter\CodeIgniter->handleRequest(null, Object(Config\Cache), false)
 4 FCPATH\index.php(67): CodeIgniter\CodeIgniter->run()
 5 SYSTEMPATH\Commands\Server\rewrite.php(43): require_once('FCPATH\\index.php')
CRITICAL - 2023-06-16 13:55:58 --> Call to a member function where() on null
in APPPATH\Controllers\Checkout.php on line 32.
 1 SYSTEMPATH\CodeIgniter.php(898): App\Controllers\Checkout->index()
 2 SYSTEMPATH\CodeIgniter.php(457): CodeIgniter\CodeIgniter->runController(Object(App\Controllers\Checkout))
 3 SYSTEMPATH\CodeIgniter.php(340): CodeIgniter\CodeIgniter->handleRequest(null, Object(Config\Cache), false)
 4 FCPATH\index.php(67): CodeIgniter\CodeIgniter->run()
 5 SYSTEMPATH\Commands\Server\rewrite.php(43): require_once('FCPATH\\index.php')
CRITICAL - 2023-06-16 13:55:58 --> Call to a member function where() on null
in APPPATH\Controllers\Checkout.php on line 32.
 1 SYSTEMPATH\CodeIgniter.php(898): App\Controllers\Checkout->index()
 2 SYSTEMPATH\CodeIgniter.php(457): CodeIgniter\CodeIgniter->runController(Object(App\Controllers\Checkout))
 3 SYSTEMPATH\CodeIgniter.php(340): CodeIgniter\CodeIgniter->handleRequest(null, Object(Config\Cache), false)
 4 FCPATH\index.php(67): CodeIgniter\CodeIgniter->run()
 5 SYSTEMPATH\Commands\Server\rewrite.php(43): require_once('FCPATH\\index.php')
CRITICAL - 2023-06-16 14:00:37 --> Call to a member function where() on null
in APPPATH\Controllers\Checkout.php on line 32.
 1 SYSTEMPATH\CodeIgniter.php(898): App\Controllers\Checkout->index()
 2 SYSTEMPATH\CodeIgniter.php(457): CodeIgniter\CodeIgniter->runController(Object(App\Controllers\Checkout))
 3 SYSTEMPATH\CodeIgniter.php(340): CodeIgniter\CodeIgniter->handleRequest(null, Object(Config\Cache), false)
 4 FCPATH\index.php(67): CodeIgniter\CodeIgniter->run()
 5 SYSTEMPATH\Commands\Server\rewrite.php(43): require_once('FCPATH\\index.php')
CRITICAL - 2023-06-16 14:00:37 --> Call to a member function where() on null
in APPPATH\Controllers\Checkout.php on line 32.
 1 SYSTEMPATH\CodeIgniter.php(898): App\Controllers\Checkout->index()
 2 SYSTEMPATH\CodeIgniter.php(457): CodeIgniter\CodeIgniter->runController(Object(App\Controllers\Checkout))
 3 SYSTEMPATH\CodeIgniter.php(340): CodeIgniter\CodeIgniter->handleRequest(null, Object(Config\Cache), false)
 4 FCPATH\index.php(67): CodeIgniter\CodeIgniter->run()
 5 SYSTEMPATH\Commands\Server\rewrite.php(43): require_once('FCPATH\\index.php')
CRITICAL - 2023-06-16 14:05:29 --> Call to a member function where() on null
in APPPATH\Controllers\Checkout.php on line 32.
 1 SYSTEMPATH\CodeIgniter.php(898): App\Controllers\Checkout->index()
 2 SYSTEMPATH\CodeIgniter.php(457): CodeIgniter\CodeIgniter->runController(Object(App\Controllers\Checkout))
 3 SYSTEMPATH\CodeIgniter.php(340): CodeIgniter\CodeIgniter->handleRequest(null, Object(Config\Cache), false)
 4 FCPATH\index.php(67): CodeIgniter\CodeIgniter->run()
 5 SYSTEMPATH\Commands\Server\rewrite.php(43): require_once('FCPATH\\index.php')
CRITICAL - 2023-06-16 14:05:31 --> Call to a member function where() on null
in APPPATH\Controllers\Checkout.php on line 32.
 1 SYSTEMPATH\CodeIgniter.php(898): App\Controllers\Checkout->index()
 2 SYSTEMPATH\CodeIgniter.php(457): CodeIgniter\CodeIgniter->runController(Object(App\Controllers\Checkout))
 3 SYSTEMPATH\CodeIgniter.php(340): CodeIgniter\CodeIgniter->handleRequest(null, Object(Config\Cache), false)
 4 FCPATH\index.php(67): CodeIgniter\CodeIgniter->run()
 5 SYSTEMPATH\Commands\Server\rewrite.php(43): require_once('FCPATH\\index.php')
CRITICAL - 2023-06-16 14:05:32 --> Call to a member function where() on null
in APPPATH\Controllers\Checkout.php on line 32.
 1 SYSTEMPATH\CodeIgniter.php(898): App\Controllers\Checkout->index()
 2 SYSTEMPATH\CodeIgniter.php(457): CodeIgniter\CodeIgniter->runController(Object(App\Controllers\Checkout))
 3 SYSTEMPATH\CodeIgniter.php(340): CodeIgniter\CodeIgniter->handleRequest(null, Object(Config\Cache), false)
 4 FCPATH\index.php(67): CodeIgniter\CodeIgniter->run()
 5 SYSTEMPATH\Commands\Server\rewrite.php(43): require_once('FCPATH\\index.php')
CRITICAL - 2023-06-16 14:06:03 --> Undefined variable: formas
in APPPATH\Views\Checkout\index.php on line 83.
 1 APPPATH\Views\Checkout\index.php(83): CodeIgniter\Debug\Exceptions->errorHandler(8, 'Undefined variable: formas', 'APPPATH\\Views\\Checkout\\index.php', 83, [...])
 2 SYSTEMPATH\View\View.php(213): include('APPPATH\\Views\\Checkout\\index.php')
 3 SYSTEMPATH\View\View.php(216): CodeIgniter\View\View->CodeIgniter\View\{closure}()
 4 SYSTEMPATH\Common.php(1137): CodeIgniter\View\View->render('Checkout/index', [], true)
 5 APPPATH\Controllers\Checkout.php(35): view('Checkout/index', [...])
 6 SYSTEMPATH\CodeIgniter.php(898): App\Controllers\Checkout->index()
 7 SYSTEMPATH\CodeIgniter.php(457): CodeIgniter\CodeIgniter->runController(Object(App\Controllers\Checkout))
 8 SYSTEMPATH\CodeIgniter.php(340): CodeIgniter\CodeIgniter->handleRequest(null, Object(Config\Cache), false)
 9 FCPATH\index.php(67): CodeIgniter\CodeIgniter->run()
10 SYSTEMPATH\Commands\Server\rewrite.php(43): require_once('FCPATH\\index.php')
CRITICAL - 2023-06-16 14:08:28 --> Call to a member function where() on null
in APPPATH\Controllers\Checkout.php on line 32.
 1 SYSTEMPATH\CodeIgniter.php(898): App\Controllers\Checkout->index()
 2 SYSTEMPATH\CodeIgniter.php(457): CodeIgniter\CodeIgniter->runController(Object(App\Controllers\Checkout))
 3 SYSTEMPATH\CodeIgniter.php(340): CodeIgniter\CodeIgniter->handleRequest(null, Object(Config\Cache), false)
 4 FCPATH\index.php(67): CodeIgniter\CodeIgniter->run()
 5 SYSTEMPATH\Commands\Server\rewrite.php(43): require_once('FCPATH\\index.php')
CRITICAL - 2023-06-16 14:08:29 --> Call to a member function where() on null
in APPPATH\Controllers\Checkout.php on line 32.
 1 SYSTEMPATH\CodeIgniter.php(898): App\Controllers\Checkout->index()
 2 SYSTEMPATH\CodeIgniter.php(457): CodeIgniter\CodeIgniter->runController(Object(App\Controllers\Checkout))
 3 SYSTEMPATH\CodeIgniter.php(340): CodeIgniter\CodeIgniter->handleRequest(null, Object(Config\Cache), false)
 4 FCPATH\index.php(67): CodeIgniter\CodeIgniter->run()
 5 SYSTEMPATH\Commands\Server\rewrite.php(43): require_once('FCPATH\\index.php')
CRITICAL - 2023-06-16 14:08:29 --> Call to a member function where() on null
in APPPATH\Controllers\Checkout.php on line 32.
 1 SYSTEMPATH\CodeIgniter.php(898): App\Controllers\Checkout->index()
 2 SYSTEMPATH\CodeIgniter.php(457): CodeIgniter\CodeIgniter->runController(Object(App\Controllers\Checkout))
 3 SYSTEMPATH\CodeIgniter.php(340): CodeIgniter\CodeIgniter->handleRequest(null, Object(Config\Cache), false)
 4 FCPATH\index.php(67): CodeIgniter\CodeIgniter->run()
 5 SYSTEMPATH\Commands\Server\rewrite.php(43): require_once('FCPATH\\index.php')
CRITICAL - 2023-06-16 14:12:54 --> Call to a member function where() on null
in APPPATH\Controllers\Checkout.php on line 32.
 1 SYSTEMPATH\CodeIgniter.php(898): App\Controllers\Checkout->index()
 2 SYSTEMPATH\CodeIgniter.php(457): CodeIgniter\CodeIgniter->runController(Object(App\Controllers\Checkout))
 3 SYSTEMPATH\CodeIgniter.php(340): CodeIgniter\CodeIgniter->handleRequest(null, Object(Config\Cache), false)
 4 FCPATH\index.php(67): CodeIgniter\CodeIgniter->run()
 5 SYSTEMPATH\Commands\Server\rewrite.php(43): require_once('FCPATH\\index.php')
CRITICAL - 2023-06-16 14:13:11 --> Call to a member function where() on null
in APPPATH\Controllers\Checkout.php on line 32.
 1 SYSTEMPATH\CodeIgniter.php(898): App\Controllers\Checkout->index()
 2 SYSTEMPATH\CodeIgniter.php(457): CodeIgniter\CodeIgniter->runController(Object(App\Controllers\Checkout))
 3 SYSTEMPATH\CodeIgniter.php(340): CodeIgniter\CodeIgniter->handleRequest(null, Object(Config\Cache), false)
 4 FCPATH\index.php(67): CodeIgniter\CodeIgniter->run()
 5 SYSTEMPATH\Commands\Server\rewrite.php(43): require_once('FCPATH\\index.php')
CRITICAL - 2023-06-16 14:13:12 --> Call to a member function where() on null
in APPPATH\Controllers\Checkout.php on line 32.
 1 SYSTEMPATH\CodeIgniter.php(898): App\Controllers\Checkout->index()
 2 SYSTEMPATH\CodeIgniter.php(457): CodeIgniter\CodeIgniter->runController(Object(App\Controllers\Checkout))
 3 SYSTEMPATH\CodeIgniter.php(340): CodeIgniter\CodeIgniter->handleRequest(null, Object(Config\Cache), false)
 4 FCPATH\index.php(67): CodeIgniter\CodeIgniter->run()
 5 SYSTEMPATH\Commands\Server\rewrite.php(43): require_once('FCPATH\\index.php')
CRITICAL - 2023-06-16 14:13:12 --> Call to a member function where() on null
in APPPATH\Controllers\Checkout.php on line 32.
 1 SYSTEMPATH\CodeIgniter.php(898): App\Controllers\Checkout->index()
 2 SYSTEMPATH\CodeIgniter.php(457): CodeIgniter\CodeIgniter->runController(Object(App\Controllers\Checkout))
 3 SYSTEMPATH\CodeIgniter.php(340): CodeIgniter\CodeIgniter->handleRequest(null, Object(Config\Cache), false)
 4 FCPATH\index.php(67): CodeIgniter\CodeIgniter->run()
 5 SYSTEMPATH\Commands\Server\rewrite.php(43): require_once('FCPATH\\index.php')
CRITICAL - 2023-06-16 14:13:13 --> Call to a member function where() on null
in APPPATH\Controllers\Checkout.php on line 32.
 1 SYSTEMPATH\CodeIgniter.php(898): App\Controllers\Checkout->index()
 2 SYSTEMPATH\CodeIgniter.php(457): CodeIgniter\CodeIgniter->runController(Object(App\Controllers\Checkout))
 3 SYSTEMPATH\CodeIgniter.php(340): CodeIgniter\CodeIgniter->handleRequest(null, Object(Config\Cache), false)
 4 FCPATH\index.php(67): CodeIgniter\CodeIgniter->run()
 5 SYSTEMPATH\Commands\Server\rewrite.php(43): require_once('FCPATH\\index.php')
CRITICAL - 2023-06-16 14:13:13 --> Call to a member function where() on null
in APPPATH\Controllers\Checkout.php on line 32.
 1 SYSTEMPATH\CodeIgniter.php(898): App\Controllers\Checkout->index()
 2 SYSTEMPATH\CodeIgniter.php(457): CodeIgniter\CodeIgniter->runController(Object(App\Controllers\Checkout))
 3 SYSTEMPATH\CodeIgniter.php(340): CodeIgniter\CodeIgniter->handleRequest(null, Object(Config\Cache), false)
 4 FCPATH\index.php(67): CodeIgniter\CodeIgniter->run()
 5 SYSTEMPATH\Commands\Server\rewrite.php(43): require_once('FCPATH\\index.php')
CRITICAL - 2023-06-16 14:13:13 --> Call to a member function where() on null
in APPPATH\Controllers\Checkout.php on line 32.
 1 SYSTEMPATH\CodeIgniter.php(898): App\Controllers\Checkout->index()
 2 SYSTEMPATH\CodeIgniter.php(457): CodeIgniter\CodeIgniter->runController(Object(App\Controllers\Checkout))
 3 SYSTEMPATH\CodeIgniter.php(340): CodeIgniter\CodeIgniter->handleRequest(null, Object(Config\Cache), false)
 4 FCPATH\index.php(67): CodeIgniter\CodeIgniter->run()
 5 SYSTEMPATH\Commands\Server\rewrite.php(43): require_once('FCPATH\\index.php')
CRITICAL - 2023-06-16 14:13:13 --> Call to a member function where() on null
in APPPATH\Controllers\Checkout.php on line 32.
 1 SYSTEMPATH\CodeIgniter.php(898): App\Controllers\Checkout->index()
 2 SYSTEMPATH\CodeIgniter.php(457): CodeIgniter\CodeIgniter->runController(Object(App\Controllers\Checkout))
 3 SYSTEMPATH\CodeIgniter.php(340): CodeIgniter\CodeIgniter->handleRequest(null, Object(Config\Cache), false)
 4 FCPATH\index.php(67): CodeIgniter\CodeIgniter->run()
 5 SYSTEMPATH\Commands\Server\rewrite.php(43): require_once('FCPATH\\index.php')
CRITICAL - 2023-06-16 14:21:36 --> Call to a member function where() on null
in APPPATH\Controllers\Checkout.php on line 31.
 1 SYSTEMPATH\CodeIgniter.php(898): App\Controllers\Checkout->index()
 2 SYSTEMPATH\CodeIgniter.php(457): CodeIgniter\CodeIgniter->runController(Object(App\Controllers\Checkout))
 3 SYSTEMPATH\CodeIgniter.php(340): CodeIgniter\CodeIgniter->handleRequest(null, Object(Config\Cache), false)
 4 FCPATH\index.php(67): CodeIgniter\CodeIgniter->run()
 5 SYSTEMPATH\Commands\Server\rewrite.php(43): require_once('FCPATH\\index.php')
CRITICAL - 2023-06-16 14:40:23 --> Call to a member function where() on null
in APPPATH\Controllers\Checkout.php on line 31.
 1 SYSTEMPATH\CodeIgniter.php(898): App\Controllers\Checkout->index()
 2 SYSTEMPATH\CodeIgniter.php(457): CodeIgniter\CodeIgniter->runController(Object(App\Controllers\Checkout))
 3 SYSTEMPATH\CodeIgniter.php(340): CodeIgniter\CodeIgniter->handleRequest(null, Object(Config\Cache), false)
 4 FCPATH\index.php(67): CodeIgniter\CodeIgniter->run()
 5 SYSTEMPATH\Commands\Server\rewrite.php(43): require_once('FCPATH\\index.php')
CRITICAL - 2023-06-16 14:40:25 --> Call to a member function where() on null
in APPPATH\Controllers\Checkout.php on line 31.
 1 SYSTEMPATH\CodeIgniter.php(898): App\Controllers\Checkout->index()
 2 SYSTEMPATH\CodeIgniter.php(457): CodeIgniter\CodeIgniter->runController(Object(App\Controllers\Checkout))
 3 SYSTEMPATH\CodeIgniter.php(340): CodeIgniter\CodeIgniter->handleRequest(null, Object(Config\Cache), false)
 4 FCPATH\index.php(67): CodeIgniter\CodeIgniter->run()
 5 SYSTEMPATH\Commands\Server\rewrite.php(43): require_once('FCPATH\\index.php')
CRITICAL - 2023-06-16 14:40:26 --> Call to a member function where() on null
in APPPATH\Controllers\Checkout.php on line 31.
 1 SYSTEMPATH\CodeIgniter.php(898): App\Controllers\Checkout->index()
 2 SYSTEMPATH\CodeIgniter.php(457): CodeIgniter\CodeIgniter->runController(Object(App\Controllers\Checkout))
 3 SYSTEMPATH\CodeIgniter.php(340): CodeIgniter\CodeIgniter->handleRequest(null, Object(Config\Cache), false)
 4 FCPATH\index.php(67): CodeIgniter\CodeIgniter->run()
 5 SYSTEMPATH\Commands\Server\rewrite.php(43): require_once('FCPATH\\index.php')
CRITICAL - 2023-06-16 15:21:00 --> Call to a member function where() on null
in APPPATH\Controllers\Checkout.php on line 31.
 1 SYSTEMPATH\CodeIgniter.php(898): App\Controllers\Checkout->index()
 2 SYSTEMPATH\CodeIgniter.php(457): CodeIgniter\CodeIgniter->runController(Object(App\Controllers\Checkout))
 3 SYSTEMPATH\CodeIgniter.php(340): CodeIgniter\CodeIgniter->handleRequest(null, Object(Config\Cache), false)
 4 FCPATH\index.php(67): CodeIgniter\CodeIgniter->run()
 5 SYSTEMPATH\Commands\Server\rewrite.php(43): require_once('FCPATH\\index.php')
CRITICAL - 2023-06-16 15:21:02 --> Call to a member function where() on null
in APPPATH\Controllers\Checkout.php on line 31.
 1 SYSTEMPATH\CodeIgniter.php(898): App\Controllers\Checkout->index()
 2 SYSTEMPATH\CodeIgniter.php(457): CodeIgniter\CodeIgniter->runController(Object(App\Controllers\Checkout))
 3 SYSTEMPATH\CodeIgniter.php(340): CodeIgniter\CodeIgniter->handleRequest(null, Object(Config\Cache), false)
 4 FCPATH\index.php(67): CodeIgniter\CodeIgniter->run()
 5 SYSTEMPATH\Commands\Server\rewrite.php(43): require_once('FCPATH\\index.php')
CRITICAL - 2023-06-16 15:21:03 --> Call to a member function where() on null
in APPPATH\Controllers\Checkout.php on line 31.
 1 SYSTEMPATH\CodeIgniter.php(898): App\Controllers\Checkout->index()
 2 SYSTEMPATH\CodeIgniter.php(457): CodeIgniter\CodeIgniter->runController(Object(App\Controllers\Checkout))
 3 SYSTEMPATH\CodeIgniter.php(340): CodeIgniter\CodeIgniter->handleRequest(null, Object(Config\Cache), false)
 4 FCPATH\index.php(67): CodeIgniter\CodeIgniter->run()
 5 SYSTEMPATH\Commands\Server\rewrite.php(43): require_once('FCPATH\\index.php')
CRITICAL - 2023-06-16 15:21:03 --> Call to a member function where() on null
in APPPATH\Controllers\Checkout.php on line 31.
 1 SYSTEMPATH\CodeIgniter.php(898): App\Controllers\Checkout->index()
 2 SYSTEMPATH\CodeIgniter.php(457): CodeIgniter\CodeIgniter->runController(Object(App\Controllers\Checkout))
 3 SYSTEMPATH\CodeIgniter.php(340): CodeIgniter\CodeIgniter->handleRequest(null, Object(Config\Cache), false)
 4 FCPATH\index.php(67): CodeIgniter\CodeIgniter->run()
 5 SYSTEMPATH\Commands\Server\rewrite.php(43): require_once('FCPATH\\index.php')
CRITICAL - 2023-06-16 15:21:20 --> Call to a member function where() on null
in APPPATH\Controllers\Checkout.php on line 31.
 1 SYSTEMPATH\CodeIgniter.php(898): App\Controllers\Checkout->index()
 2 SYSTEMPATH\CodeIgniter.php(457): CodeIgniter\CodeIgniter->runController(Object(App\Controllers\Checkout))
 3 SYSTEMPATH\CodeIgniter.php(340): CodeIgniter\CodeIgniter->handleRequest(null, Object(Config\Cache), false)
 4 FCPATH\index.php(67): CodeIgniter\CodeIgniter->run()
 5 SYSTEMPATH\Commands\Server\rewrite.php(43): require_once('FCPATH\\index.php')
CRITICAL - 2023-06-16 15:21:22 --> Call to a member function where() on null
in APPPATH\Controllers\Checkout.php on line 31.
 1 SYSTEMPATH\CodeIgniter.php(898): App\Controllers\Checkout->index()
 2 SYSTEMPATH\CodeIgniter.php(457): CodeIgniter\CodeIgniter->runController(Object(App\Controllers\Checkout))
 3 SYSTEMPATH\CodeIgniter.php(340): CodeIgniter\CodeIgniter->handleRequest(null, Object(Config\Cache), false)
 4 FCPATH\index.php(67): CodeIgniter\CodeIgniter->run()
 5 SYSTEMPATH\Commands\Server\rewrite.php(43): require_once('FCPATH\\index.php')
CRITICAL - 2023-06-16 15:21:22 --> Call to a member function where() on null
in APPPATH\Controllers\Checkout.php on line 31.
 1 SYSTEMPATH\CodeIgniter.php(898): App\Controllers\Checkout->index()
 2 SYSTEMPATH\CodeIgniter.php(457): CodeIgniter\CodeIgniter->runController(Object(App\Controllers\Checkout))
 3 SYSTEMPATH\CodeIgniter.php(340): CodeIgniter\CodeIgniter->handleRequest(null, Object(Config\Cache), false)
 4 FCPATH\index.php(67): CodeIgniter\CodeIgniter->run()
 5 SYSTEMPATH\Commands\Server\rewrite.php(43): require_once('FCPATH\\index.php')
CRITICAL - 2023-06-16 15:21:32 --> Call to a member function where() on null
in APPPATH\Controllers\Checkout.php on line 31.
 1 SYSTEMPATH\CodeIgniter.php(898): App\Controllers\Checkout->index()
 2 SYSTEMPATH\CodeIgniter.php(457): CodeIgniter\CodeIgniter->runController(Object(App\Controllers\Checkout))
 3 SYSTEMPATH\CodeIgniter.php(340): CodeIgniter\CodeIgniter->handleRequest(null, Object(Config\Cache), false)
 4 FCPATH\index.php(67): CodeIgniter\CodeIgniter->run()
 5 SYSTEMPATH\Commands\Server\rewrite.php(43): require_once('FCPATH\\index.php')
CRITICAL - 2023-06-16 15:21:33 --> Call to a member function where() on null
in APPPATH\Controllers\Checkout.php on line 31.
 1 SYSTEMPATH\CodeIgniter.php(898): App\Controllers\Checkout->index()
 2 SYSTEMPATH\CodeIgniter.php(457): CodeIgniter\CodeIgniter->runController(Object(App\Controllers\Checkout))
 3 SYSTEMPATH\CodeIgniter.php(340): CodeIgniter\CodeIgniter->handleRequest(null, Object(Config\Cache), false)
 4 FCPATH\index.php(67): CodeIgniter\CodeIgniter->run()
 5 SYSTEMPATH\Commands\Server\rewrite.php(43): require_once('FCPATH\\index.php')
