ERROR - 2022-11-04 10:42:17 --> mysqli_sql_exception: Unknown column 'medidas_id' in 'on clause' in C:\xampp\htdocs\food\system\Database\MySQLi\Connection.php:292
Stack trace:
#0 C:\xampp\htdocs\food\system\Database\MySQLi\Connection.php(292): mysqli->query('SELECT `medidas...', 0)
#1 C:\xampp\htdocs\food\system\Database\BaseConnection.php(693): CodeIgniter\Database\MySQLi\Connection->execute('SELECT `medidas...')
#2 C:\xampp\htdocs\food\system\Database\BaseConnection.php(620): CodeIgniter\Database\BaseConnection->simpleQuery('SELECT `medidas...')
#3 C:\xampp\htdocs\food\system\Database\BaseBuilder.php(1585): CodeIgniter\Database\BaseConnection->query('SELECT `medidas...', Array, false)
#4 C:\xampp\htdocs\food\system\Model.php(249): CodeIgniter\Database\BaseBuilder->get()
#5 C:\xampp\htdocs\food\system\BaseModel.php(622): CodeIgniter\Model->doFirst()
#6 C:\xampp\htdocs\food\app\Models\MedidaModel.php(71): CodeIgniter\BaseModel->first()
#7 C:\xampp\htdocs\food\app\Controllers\Produto.php(191): App\Models\MedidaModel->exibeValor(1)
#8 C:\xampp\htdocs\food\system\CodeIgniter.php(898): App\Controllers\Produto->exibeValor()
#9 C:\xampp\htdocs\food\system\CodeIgniter.php(457): CodeIgniter\CodeIgniter->runController(Object(App\Controllers\Produto))
#10 C:\xampp\htdocs\food\system\CodeIgniter.php(340): CodeIgniter\CodeIgniter->handleRequest(NULL, Object(Config\Cache), false)
#11 C:\xampp\htdocs\food\public\index.php(67): CodeIgniter\CodeIgniter->run()
#12 C:\xampp\htdocs\food\system\Commands\Server\rewrite.php(43): require_once('C:\\xampp\\htdocs...')
#13 {main}
CRITICAL - 2022-11-04 10:42:17 --> Unknown column 'medidas_id' in 'on clause'
in SYSTEMPATH\Database\MySQLi\Connection.php on line 292.
 1 SYSTEMPATH\Database\MySQLi\Connection.php(292): mysqli->query('SELECT `medidas`.*, MAX(`produtos_especificacoes`.`preco`) AS `preco`
FROM `medidas`
JOIN `produtos_especificacoes` ON `produtos_especificacoes`.`medida_id` = `medidas_id`
WHERE `medidas`.`id` = 1
AND `medidas`.`ativo` = 1
AND `medidas`.`deletado_em` IS NULL
 LIMIT 1', 0)
 2 SYSTEMPATH\Database\BaseConnection.php(693): CodeIgniter\Database\MySQLi\Connection->execute('SELECT `medidas`.*, MAX(`produtos_especificacoes`.`preco`) AS `preco`
FROM `medidas`
JOIN `produtos_especificacoes` ON `produtos_especificacoes`.`medida_id` = `medidas_id`
WHERE `medidas`.`id` = 1
AND `medidas`.`ativo` = 1
AND `medidas`.`deletado_em` IS NULL
 LIMIT 1')
 3 SYSTEMPATH\Database\BaseConnection.php(620): CodeIgniter\Database\BaseConnection->simpleQuery('SELECT `medidas`.*, MAX(`produtos_especificacoes`.`preco`) AS `preco`
FROM `medidas`
JOIN `produtos_especificacoes` ON `produtos_especificacoes`.`medida_id` = `medidas_id`
WHERE `medidas`.`id` = 1
AND `medidas`.`ativo` = 1
AND `medidas`.`deletado_em` IS NULL
 LIMIT 1')
 4 SYSTEMPATH\Database\BaseBuilder.php(1585): CodeIgniter\Database\BaseConnection->query('SELECT `medidas`.*, MAX(`produtos_especificacoes`.`preco`) AS `preco`
FROM `medidas`
JOIN `produtos_especificacoes` ON `produtos_especificacoes`.`medida_id` = `medidas_id`
WHERE `medidas`.`id` = :medidas.id:
AND `medidas`.`ativo` = :medidas.ativo:
AND `medidas`.`deletado_em` IS NULL
 LIMIT 1', [...], false)
 5 SYSTEMPATH\Model.php(249): CodeIgniter\Database\BaseBuilder->get()
 6 SYSTEMPATH\BaseModel.php(622): CodeIgniter\Model->doFirst()
 7 APPPATH\Models\MedidaModel.php(71): CodeIgniter\BaseModel->first()
 8 APPPATH\Controllers\Produto.php(191): App\Models\MedidaModel->exibeValor(1)
 9 SYSTEMPATH\CodeIgniter.php(898): App\Controllers\Produto->exibeValor()
10 SYSTEMPATH\CodeIgniter.php(457): CodeIgniter\CodeIgniter->runController(Object(App\Controllers\Produto))
11 SYSTEMPATH\CodeIgniter.php(340): CodeIgniter\CodeIgniter->handleRequest(null, Object(Config\Cache), false)
12 FCPATH\index.php(67): CodeIgniter\CodeIgniter->run()
13 SYSTEMPATH\Commands\Server\rewrite.php(43): require_once('FCPATH\\index.php')
ERROR - 2022-11-04 10:42:35 --> mysqli_sql_exception: Unknown column 'medidas_id' in 'on clause' in C:\xampp\htdocs\food\system\Database\MySQLi\Connection.php:292
Stack trace:
#0 C:\xampp\htdocs\food\system\Database\MySQLi\Connection.php(292): mysqli->query('SELECT `medidas...', 0)
#1 C:\xampp\htdocs\food\system\Database\BaseConnection.php(693): CodeIgniter\Database\MySQLi\Connection->execute('SELECT `medidas...')
#2 C:\xampp\htdocs\food\system\Database\BaseConnection.php(620): CodeIgniter\Database\BaseConnection->simpleQuery('SELECT `medidas...')
#3 C:\xampp\htdocs\food\system\Database\BaseBuilder.php(1585): CodeIgniter\Database\BaseConnection->query('SELECT `medidas...', Array, false)
#4 C:\xampp\htdocs\food\system\Model.php(249): CodeIgniter\Database\BaseBuilder->get()
#5 C:\xampp\htdocs\food\system\BaseModel.php(622): CodeIgniter\Model->doFirst()
#6 C:\xampp\htdocs\food\app\Models\MedidaModel.php(71): CodeIgniter\BaseModel->first()
#7 C:\xampp\htdocs\food\app\Controllers\Produto.php(191): App\Models\MedidaModel->exibeValor(2)
#8 C:\xampp\htdocs\food\system\CodeIgniter.php(898): App\Controllers\Produto->exibeValor()
#9 C:\xampp\htdocs\food\system\CodeIgniter.php(457): CodeIgniter\CodeIgniter->runController(Object(App\Controllers\Produto))
#10 C:\xampp\htdocs\food\system\CodeIgniter.php(340): CodeIgniter\CodeIgniter->handleRequest(NULL, Object(Config\Cache), false)
#11 C:\xampp\htdocs\food\public\index.php(67): CodeIgniter\CodeIgniter->run()
#12 C:\xampp\htdocs\food\system\Commands\Server\rewrite.php(43): require_once('C:\\xampp\\htdocs...')
#13 {main}
CRITICAL - 2022-11-04 10:42:35 --> Unknown column 'medidas_id' in 'on clause'
in SYSTEMPATH\Database\MySQLi\Connection.php on line 292.
 1 SYSTEMPATH\Database\MySQLi\Connection.php(292): mysqli->query('SELECT `medidas`.*, MAX(`produtos_especificacoes`.`preco`) AS `preco`
FROM `medidas`
JOIN `produtos_especificacoes` ON `produtos_especificacoes`.`medida_id` = `medidas_id`
WHERE `medidas`.`id` = 2
AND `medidas`.`ativo` = 1
AND `medidas`.`deletado_em` IS NULL
 LIMIT 1', 0)
 2 SYSTEMPATH\Database\BaseConnection.php(693): CodeIgniter\Database\MySQLi\Connection->execute('SELECT `medidas`.*, MAX(`produtos_especificacoes`.`preco`) AS `preco`
FROM `medidas`
JOIN `produtos_especificacoes` ON `produtos_especificacoes`.`medida_id` = `medidas_id`
WHERE `medidas`.`id` = 2
AND `medidas`.`ativo` = 1
AND `medidas`.`deletado_em` IS NULL
 LIMIT 1')
 3 SYSTEMPATH\Database\BaseConnection.php(620): CodeIgniter\Database\BaseConnection->simpleQuery('SELECT `medidas`.*, MAX(`produtos_especificacoes`.`preco`) AS `preco`
FROM `medidas`
JOIN `produtos_especificacoes` ON `produtos_especificacoes`.`medida_id` = `medidas_id`
WHERE `medidas`.`id` = 2
AND `medidas`.`ativo` = 1
AND `medidas`.`deletado_em` IS NULL
 LIMIT 1')
 4 SYSTEMPATH\Database\BaseBuilder.php(1585): CodeIgniter\Database\BaseConnection->query('SELECT `medidas`.*, MAX(`produtos_especificacoes`.`preco`) AS `preco`
FROM `medidas`
JOIN `produtos_especificacoes` ON `produtos_especificacoes`.`medida_id` = `medidas_id`
WHERE `medidas`.`id` = :medidas.id:
AND `medidas`.`ativo` = :medidas.ativo:
AND `medidas`.`deletado_em` IS NULL
 LIMIT 1', [...], false)
 5 SYSTEMPATH\Model.php(249): CodeIgniter\Database\BaseBuilder->get()
 6 SYSTEMPATH\BaseModel.php(622): CodeIgniter\Model->doFirst()
 7 APPPATH\Models\MedidaModel.php(71): CodeIgniter\BaseModel->first()
 8 APPPATH\Controllers\Produto.php(191): App\Models\MedidaModel->exibeValor(2)
 9 SYSTEMPATH\CodeIgniter.php(898): App\Controllers\Produto->exibeValor()
10 SYSTEMPATH\CodeIgniter.php(457): CodeIgniter\CodeIgniter->runController(Object(App\Controllers\Produto))
11 SYSTEMPATH\CodeIgniter.php(340): CodeIgniter\CodeIgniter->handleRequest(null, Object(Config\Cache), false)
12 FCPATH\index.php(67): CodeIgniter\CodeIgniter->run()
13 SYSTEMPATH\Commands\Server\rewrite.php(43): require_once('FCPATH\\index.php')
ERROR - 2022-11-04 10:47:33 --> mysqli_sql_exception: Unknown column 'medidas_id' in 'on clause' in C:\xampp\htdocs\food\system\Database\MySQLi\Connection.php:292
Stack trace:
#0 C:\xampp\htdocs\food\system\Database\MySQLi\Connection.php(292): mysqli->query('SELECT `medidas...', 0)
#1 C:\xampp\htdocs\food\system\Database\BaseConnection.php(693): CodeIgniter\Database\MySQLi\Connection->execute('SELECT `medidas...')
#2 C:\xampp\htdocs\food\system\Database\BaseConnection.php(620): CodeIgniter\Database\BaseConnection->simpleQuery('SELECT `medidas...')
#3 C:\xampp\htdocs\food\system\Database\BaseBuilder.php(1585): CodeIgniter\Database\BaseConnection->query('SELECT `medidas...', Array, false)
#4 C:\xampp\htdocs\food\system\Model.php(249): CodeIgniter\Database\BaseBuilder->get()
#5 C:\xampp\htdocs\food\system\BaseModel.php(622): CodeIgniter\Model->doFirst()
#6 C:\xampp\htdocs\food\app\Models\MedidaModel.php(71): CodeIgniter\BaseModel->first()
#7 C:\xampp\htdocs\food\app\Controllers\Produto.php(191): App\Models\MedidaModel->exibeValor(1)
#8 C:\xampp\htdocs\food\system\CodeIgniter.php(898): App\Controllers\Produto->exibeValor()
#9 C:\xampp\htdocs\food\system\CodeIgniter.php(457): CodeIgniter\CodeIgniter->runController(Object(App\Controllers\Produto))
#10 C:\xampp\htdocs\food\system\CodeIgniter.php(340): CodeIgniter\CodeIgniter->handleRequest(NULL, Object(Config\Cache), false)
#11 C:\xampp\htdocs\food\public\index.php(67): CodeIgniter\CodeIgniter->run()
#12 C:\xampp\htdocs\food\system\Commands\Server\rewrite.php(43): require_once('C:\\xampp\\htdocs...')
#13 {main}
CRITICAL - 2022-11-04 10:47:33 --> Unknown column 'medidas_id' in 'on clause'
in SYSTEMPATH\Database\MySQLi\Connection.php on line 292.
 1 SYSTEMPATH\Database\MySQLi\Connection.php(292): mysqli->query('SELECT `medidas`.*, MAX(`produtos_especificacoes`.`preco`) AS `preco`
FROM `medidas`
JOIN `produtos_especificacoes` ON `produtos_especificacoes`.`medida_id` = `medidas_id`
WHERE `medidas`.`id` = 1
AND `medidas`.`ativo` = 1
AND `medidas`.`deletado_em` IS NULL
 LIMIT 1', 0)
 2 SYSTEMPATH\Database\BaseConnection.php(693): CodeIgniter\Database\MySQLi\Connection->execute('SELECT `medidas`.*, MAX(`produtos_especificacoes`.`preco`) AS `preco`
FROM `medidas`
JOIN `produtos_especificacoes` ON `produtos_especificacoes`.`medida_id` = `medidas_id`
WHERE `medidas`.`id` = 1
AND `medidas`.`ativo` = 1
AND `medidas`.`deletado_em` IS NULL
 LIMIT 1')
 3 SYSTEMPATH\Database\BaseConnection.php(620): CodeIgniter\Database\BaseConnection->simpleQuery('SELECT `medidas`.*, MAX(`produtos_especificacoes`.`preco`) AS `preco`
FROM `medidas`
JOIN `produtos_especificacoes` ON `produtos_especificacoes`.`medida_id` = `medidas_id`
WHERE `medidas`.`id` = 1
AND `medidas`.`ativo` = 1
AND `medidas`.`deletado_em` IS NULL
 LIMIT 1')
 4 SYSTEMPATH\Database\BaseBuilder.php(1585): CodeIgniter\Database\BaseConnection->query('SELECT `medidas`.*, MAX(`produtos_especificacoes`.`preco`) AS `preco`
FROM `medidas`
JOIN `produtos_especificacoes` ON `produtos_especificacoes`.`medida_id` = `medidas_id`
WHERE `medidas`.`id` = :medidas.id:
AND `medidas`.`ativo` = :medidas.ativo:
AND `medidas`.`deletado_em` IS NULL
 LIMIT 1', [...], false)
 5 SYSTEMPATH\Model.php(249): CodeIgniter\Database\BaseBuilder->get()
 6 SYSTEMPATH\BaseModel.php(622): CodeIgniter\Model->doFirst()
 7 APPPATH\Models\MedidaModel.php(71): CodeIgniter\BaseModel->first()
 8 APPPATH\Controllers\Produto.php(191): App\Models\MedidaModel->exibeValor(1)
 9 SYSTEMPATH\CodeIgniter.php(898): App\Controllers\Produto->exibeValor()
10 SYSTEMPATH\CodeIgniter.php(457): CodeIgniter\CodeIgniter->runController(Object(App\Controllers\Produto))
11 SYSTEMPATH\CodeIgniter.php(340): CodeIgniter\CodeIgniter->handleRequest(null, Object(Config\Cache), false)
12 FCPATH\index.php(67): CodeIgniter\CodeIgniter->run()
13 SYSTEMPATH\Commands\Server\rewrite.php(43): require_once('FCPATH\\index.php')
ERROR - 2022-11-04 10:48:10 --> mysqli_sql_exception: Unknown column 'medidas_id' in 'on clause' in C:\xampp\htdocs\food\system\Database\MySQLi\Connection.php:292
Stack trace:
#0 C:\xampp\htdocs\food\system\Database\MySQLi\Connection.php(292): mysqli->query('SELECT `medidas...', 0)
#1 C:\xampp\htdocs\food\system\Database\BaseConnection.php(693): CodeIgniter\Database\MySQLi\Connection->execute('SELECT `medidas...')
#2 C:\xampp\htdocs\food\system\Database\BaseConnection.php(620): CodeIgniter\Database\BaseConnection->simpleQuery('SELECT `medidas...')
#3 C:\xampp\htdocs\food\system\Database\BaseBuilder.php(1585): CodeIgniter\Database\BaseConnection->query('SELECT `medidas...', Array, false)
#4 C:\xampp\htdocs\food\system\Model.php(249): CodeIgniter\Database\BaseBuilder->get()
#5 C:\xampp\htdocs\food\system\BaseModel.php(622): CodeIgniter\Model->doFirst()
#6 C:\xampp\htdocs\food\app\Models\MedidaModel.php(71): CodeIgniter\BaseModel->first()
#7 C:\xampp\htdocs\food\app\Controllers\Produto.php(191): App\Models\MedidaModel->exibeValor(2)
#8 C:\xampp\htdocs\food\system\CodeIgniter.php(898): App\Controllers\Produto->exibeValor()
#9 C:\xampp\htdocs\food\system\CodeIgniter.php(457): CodeIgniter\CodeIgniter->runController(Object(App\Controllers\Produto))
#10 C:\xampp\htdocs\food\system\CodeIgniter.php(340): CodeIgniter\CodeIgniter->handleRequest(NULL, Object(Config\Cache), false)
#11 C:\xampp\htdocs\food\public\index.php(67): CodeIgniter\CodeIgniter->run()
#12 C:\xampp\htdocs\food\system\Commands\Server\rewrite.php(43): require_once('C:\\xampp\\htdocs...')
#13 {main}
CRITICAL - 2022-11-04 10:48:10 --> Unknown column 'medidas_id' in 'on clause'
in SYSTEMPATH\Database\MySQLi\Connection.php on line 292.
 1 SYSTEMPATH\Database\MySQLi\Connection.php(292): mysqli->query('SELECT `medidas`.*, MAX(`produtos_especificacoes`.`preco`) AS `preco`
FROM `medidas`
JOIN `produtos_especificacoes` ON `produtos_especificacoes`.`medida_id` = `medidas_id`
WHERE `medidas`.`id` = 2
AND `medidas`.`ativo` = 1
AND `medidas`.`deletado_em` IS NULL
 LIMIT 1', 0)
 2 SYSTEMPATH\Database\BaseConnection.php(693): CodeIgniter\Database\MySQLi\Connection->execute('SELECT `medidas`.*, MAX(`produtos_especificacoes`.`preco`) AS `preco`
FROM `medidas`
JOIN `produtos_especificacoes` ON `produtos_especificacoes`.`medida_id` = `medidas_id`
WHERE `medidas`.`id` = 2
AND `medidas`.`ativo` = 1
AND `medidas`.`deletado_em` IS NULL
 LIMIT 1')
 3 SYSTEMPATH\Database\BaseConnection.php(620): CodeIgniter\Database\BaseConnection->simpleQuery('SELECT `medidas`.*, MAX(`produtos_especificacoes`.`preco`) AS `preco`
FROM `medidas`
JOIN `produtos_especificacoes` ON `produtos_especificacoes`.`medida_id` = `medidas_id`
WHERE `medidas`.`id` = 2
AND `medidas`.`ativo` = 1
AND `medidas`.`deletado_em` IS NULL
 LIMIT 1')
 4 SYSTEMPATH\Database\BaseBuilder.php(1585): CodeIgniter\Database\BaseConnection->query('SELECT `medidas`.*, MAX(`produtos_especificacoes`.`preco`) AS `preco`
FROM `medidas`
JOIN `produtos_especificacoes` ON `produtos_especificacoes`.`medida_id` = `medidas_id`
WHERE `medidas`.`id` = :medidas.id:
AND `medidas`.`ativo` = :medidas.ativo:
AND `medidas`.`deletado_em` IS NULL
 LIMIT 1', [...], false)
 5 SYSTEMPATH\Model.php(249): CodeIgniter\Database\BaseBuilder->get()
 6 SYSTEMPATH\BaseModel.php(622): CodeIgniter\Model->doFirst()
 7 APPPATH\Models\MedidaModel.php(71): CodeIgniter\BaseModel->first()
 8 APPPATH\Controllers\Produto.php(191): App\Models\MedidaModel->exibeValor(2)
 9 SYSTEMPATH\CodeIgniter.php(898): App\Controllers\Produto->exibeValor()
10 SYSTEMPATH\CodeIgniter.php(457): CodeIgniter\CodeIgniter->runController(Object(App\Controllers\Produto))
11 SYSTEMPATH\CodeIgniter.php(340): CodeIgniter\CodeIgniter->handleRequest(null, Object(Config\Cache), false)
12 FCPATH\index.php(67): CodeIgniter\CodeIgniter->run()
13 SYSTEMPATH\Commands\Server\rewrite.php(43): require_once('FCPATH\\index.php')
CRITICAL - 2022-11-04 11:09:28 --> Argument 1 passed to App\Models\MedidaModel::exibeValor() must be of the type int, string given, called in C:\xampp\htdocs\food\app\Controllers\Produto.php on line 191
in APPPATH\Models\MedidaModel.php on line 64.
 1 APPPATH\Controllers\Produto.php(191): App\Models\MedidaModel->exibeValor('Escolha o tamanho')
 2 SYSTEMPATH\CodeIgniter.php(898): App\Controllers\Produto->exibeValor()
 3 SYSTEMPATH\CodeIgniter.php(457): CodeIgniter\CodeIgniter->runController(Object(App\Controllers\Produto))
 4 SYSTEMPATH\CodeIgniter.php(340): CodeIgniter\CodeIgniter->handleRequest(null, Object(Config\Cache), false)
 5 FCPATH\index.php(67): CodeIgniter\CodeIgniter->run()
 6 SYSTEMPATH\Commands\Server\rewrite.php(43): require_once('FCPATH\\index.php')
CRITICAL - 2022-11-04 11:09:33 --> Argument 1 passed to App\Models\MedidaModel::exibeValor() must be of the type int, string given, called in C:\xampp\htdocs\food\app\Controllers\Produto.php on line 191
in APPPATH\Models\MedidaModel.php on line 64.
 1 APPPATH\Controllers\Produto.php(191): App\Models\MedidaModel->exibeValor('Escolha o tamanho')
 2 SYSTEMPATH\CodeIgniter.php(898): App\Controllers\Produto->exibeValor()
 3 SYSTEMPATH\CodeIgniter.php(457): CodeIgniter\CodeIgniter->runController(Object(App\Controllers\Produto))
 4 SYSTEMPATH\CodeIgniter.php(340): CodeIgniter\CodeIgniter->handleRequest(null, Object(Config\Cache), false)
 5 FCPATH\index.php(67): CodeIgniter\CodeIgniter->run()
 6 SYSTEMPATH\Commands\Server\rewrite.php(43): require_once('FCPATH\\index.php')
CRITICAL - 2022-11-04 11:19:29 --> Argument 1 passed to App\Models\MedidaModel::exibeValor() must be of the type int, string given, called in C:\xampp\htdocs\food\app\Controllers\Produto.php on line 191
in APPPATH\Models\MedidaModel.php on line 64.
 1 APPPATH\Controllers\Produto.php(191): App\Models\MedidaModel->exibeValor('Escolha o tamanho')
 2 SYSTEMPATH\CodeIgniter.php(898): App\Controllers\Produto->exibeValor()
 3 SYSTEMPATH\CodeIgniter.php(457): CodeIgniter\CodeIgniter->runController(Object(App\Controllers\Produto))
 4 SYSTEMPATH\CodeIgniter.php(340): CodeIgniter\CodeIgniter->handleRequest(null, Object(Config\Cache), false)
 5 FCPATH\index.php(67): CodeIgniter\CodeIgniter->run()
 6 SYSTEMPATH\Commands\Server\rewrite.php(43): require_once('FCPATH\\index.php')
CRITICAL - 2022-11-04 14:41:20 --> Argument 1 passed to App\Models\MedidaModel::exibeValor() must be of the type int, string given, called in C:\xampp\htdocs\food\app\Controllers\Produto.php on line 193
in APPPATH\Models\MedidaModel.php on line 64.
 1 APPPATH\Controllers\Produto.php(193): App\Models\MedidaModel->exibeValor('Escolha o tamanho')
 2 SYSTEMPATH\CodeIgniter.php(898): App\Controllers\Produto->exibeValor()
 3 SYSTEMPATH\CodeIgniter.php(457): CodeIgniter\CodeIgniter->runController(Object(App\Controllers\Produto))
 4 SYSTEMPATH\CodeIgniter.php(340): CodeIgniter\CodeIgniter->handleRequest(null, Object(Config\Cache), false)
 5 FCPATH\index.php(67): CodeIgniter\CodeIgniter->run()
 6 SYSTEMPATH\Commands\Server\rewrite.php(43): require_once('FCPATH\\index.php')
CRITICAL - 2022-11-04 14:42:00 --> Argument 1 passed to App\Models\MedidaModel::exibeValor() must be of the type int, string given, called in C:\xampp\htdocs\food\app\Controllers\Produto.php on line 193
in APPPATH\Models\MedidaModel.php on line 64.
 1 APPPATH\Controllers\Produto.php(193): App\Models\MedidaModel->exibeValor('Escolha o tamanho')
 2 SYSTEMPATH\CodeIgniter.php(898): App\Controllers\Produto->exibeValor()
 3 SYSTEMPATH\CodeIgniter.php(457): CodeIgniter\CodeIgniter->runController(Object(App\Controllers\Produto))
 4 SYSTEMPATH\CodeIgniter.php(340): CodeIgniter\CodeIgniter->handleRequest(null, Object(Config\Cache), false)
 5 FCPATH\index.php(67): CodeIgniter\CodeIgniter->run()
 6 SYSTEMPATH\Commands\Server\rewrite.php(43): require_once('FCPATH\\index.php')
