CRITICAL - 2023-06-06 14:30:59 --> Undefined property: stdClass::$qualidade
in APPPATH\Views\Carrinho\index.php on line 61.
 1 APPPATH\Views\Carrinho\index.php(61): CodeIgniter\Debug\Exceptions->errorHandler(8, 'Undefined property: stdClass::$qualidade', 'APPPATH\\Views\\Carrinho\\index.php', 61, [...])
 2 SYSTEMPATH\View\View.php(213): include('APPPATH\\Views\\Carrinho\\index.php')
 3 SYSTEMPATH\View\View.php(216): CodeIgniter\View\View->CodeIgniter\View\{closure}()
 4 SYSTEMPATH\Common.php(1137): CodeIgniter\View\View->render('Carrinho/index', [], true)
 5 APPPATH\Controllers\Carrinho.php(40): view('Carrinho/index', [...])
 6 SYSTEMPATH\CodeIgniter.php(898): App\Controllers\Carrinho->index()
 7 SYSTEMPATH\CodeIgniter.php(457): CodeIgniter\CodeIgniter->runController(Object(App\Controllers\Carrinho))
 8 SYSTEMPATH\CodeIgniter.php(340): CodeIgniter\CodeIgniter->handleRequest(null, Object(Config\Cache), false)
 9 FCPATH\index.php(67): CodeIgniter\CodeIgniter->run()
10 SYSTEMPATH\Commands\Server\rewrite.php(43): require_once('FCPATH\\index.php')
CRITICAL - 2023-06-06 14:32:15 --> Undefined property: stdClass::$qualidade
in APPPATH\Views\Carrinho\index.php on line 61.
 1 APPPATH\Views\Carrinho\index.php(61): CodeIgniter\Debug\Exceptions->errorHandler(8, 'Undefined property: stdClass::$qualidade', 'APPPATH\\Views\\Carrinho\\index.php', 61, [...])
 2 SYSTEMPATH\View\View.php(213): include('APPPATH\\Views\\Carrinho\\index.php')
 3 SYSTEMPATH\View\View.php(216): CodeIgniter\View\View->CodeIgniter\View\{closure}()
 4 SYSTEMPATH\Common.php(1137): CodeIgniter\View\View->render('Carrinho/index', [], true)
 5 APPPATH\Controllers\Carrinho.php(40): view('Carrinho/index', [...])
 6 SYSTEMPATH\CodeIgniter.php(898): App\Controllers\Carrinho->index()
 7 SYSTEMPATH\CodeIgniter.php(457): CodeIgniter\CodeIgniter->runController(Object(App\Controllers\Carrinho))
 8 SYSTEMPATH\CodeIgniter.php(340): CodeIgniter\CodeIgniter->handleRequest(null, Object(Config\Cache), false)
 9 FCPATH\index.php(67): CodeIgniter\CodeIgniter->run()
10 SYSTEMPATH\Commands\Server\rewrite.php(43): require_once('FCPATH\\index.php')
CRITICAL - 2023-06-06 14:34:11 --> Undefined property: stdClass::$qualidade
in APPPATH\Views\Carrinho\index.php on line 61.
 1 APPPATH\Views\Carrinho\index.php(61): CodeIgniter\Debug\Exceptions->errorHandler(8, 'Undefined property: stdClass::$qualidade', 'APPPATH\\Views\\Carrinho\\index.php', 61, [...])
 2 SYSTEMPATH\View\View.php(213): include('APPPATH\\Views\\Carrinho\\index.php')
 3 SYSTEMPATH\View\View.php(216): CodeIgniter\View\View->CodeIgniter\View\{closure}()
 4 SYSTEMPATH\Common.php(1137): CodeIgniter\View\View->render('Carrinho/index', [], true)
 5 APPPATH\Controllers\Carrinho.php(40): view('Carrinho/index', [...])
 6 SYSTEMPATH\CodeIgniter.php(898): App\Controllers\Carrinho->index()
 7 SYSTEMPATH\CodeIgniter.php(457): CodeIgniter\CodeIgniter->runController(Object(App\Controllers\Carrinho))
 8 SYSTEMPATH\CodeIgniter.php(340): CodeIgniter\CodeIgniter->handleRequest(null, Object(Config\Cache), false)
 9 FCPATH\index.php(67): CodeIgniter\CodeIgniter->run()
10 SYSTEMPATH\Commands\Server\rewrite.php(43): require_once('FCPATH\\index.php')
CRITICAL - 2023-06-06 14:34:45 --> Undefined property: stdClass::$qualidade
in APPPATH\Views\Carrinho\index.php on line 61.
 1 APPPATH\Views\Carrinho\index.php(61): CodeIgniter\Debug\Exceptions->errorHandler(8, 'Undefined property: stdClass::$qualidade', 'APPPATH\\Views\\Carrinho\\index.php', 61, [...])
 2 SYSTEMPATH\View\View.php(213): include('APPPATH\\Views\\Carrinho\\index.php')
 3 SYSTEMPATH\View\View.php(216): CodeIgniter\View\View->CodeIgniter\View\{closure}()
 4 SYSTEMPATH\Common.php(1137): CodeIgniter\View\View->render('Carrinho/index', [], true)
 5 APPPATH\Controllers\Carrinho.php(40): view('Carrinho/index', [...])
 6 SYSTEMPATH\CodeIgniter.php(898): App\Controllers\Carrinho->index()
 7 SYSTEMPATH\CodeIgniter.php(457): CodeIgniter\CodeIgniter->runController(Object(App\Controllers\Carrinho))
 8 SYSTEMPATH\CodeIgniter.php(340): CodeIgniter\CodeIgniter->handleRequest(null, Object(Config\Cache), false)
 9 FCPATH\index.php(67): CodeIgniter\CodeIgniter->run()
10 SYSTEMPATH\Commands\Server\rewrite.php(43): require_once('FCPATH\\index.php')
CRITICAL - 2023-06-06 14:34:45 --> Undefined property: stdClass::$qualidade
in APPPATH\Views\Carrinho\index.php on line 61.
 1 APPPATH\Views\Carrinho\index.php(61): CodeIgniter\Debug\Exceptions->errorHandler(8, 'Undefined property: stdClass::$qualidade', 'APPPATH\\Views\\Carrinho\\index.php', 61, [...])
 2 SYSTEMPATH\View\View.php(213): include('APPPATH\\Views\\Carrinho\\index.php')
 3 SYSTEMPATH\View\View.php(216): CodeIgniter\View\View->CodeIgniter\View\{closure}()
 4 SYSTEMPATH\Common.php(1137): CodeIgniter\View\View->render('Carrinho/index', [], true)
 5 APPPATH\Controllers\Carrinho.php(40): view('Carrinho/index', [...])
 6 SYSTEMPATH\CodeIgniter.php(898): App\Controllers\Carrinho->index()
 7 SYSTEMPATH\CodeIgniter.php(457): CodeIgniter\CodeIgniter->runController(Object(App\Controllers\Carrinho))
 8 SYSTEMPATH\CodeIgniter.php(340): CodeIgniter\CodeIgniter->handleRequest(null, Object(Config\Cache), false)
 9 FCPATH\index.php(67): CodeIgniter\CodeIgniter->run()
10 SYSTEMPATH\Commands\Server\rewrite.php(43): require_once('FCPATH\\index.php')
CRITICAL - 2023-06-06 14:35:17 --> Undefined property: stdClass::$qualidade
in APPPATH\Views\Carrinho\index.php on line 61.
 1 APPPATH\Views\Carrinho\index.php(61): CodeIgniter\Debug\Exceptions->errorHandler(8, 'Undefined property: stdClass::$qualidade', 'APPPATH\\Views\\Carrinho\\index.php', 61, [...])
 2 SYSTEMPATH\View\View.php(213): include('APPPATH\\Views\\Carrinho\\index.php')
 3 SYSTEMPATH\View\View.php(216): CodeIgniter\View\View->CodeIgniter\View\{closure}()
 4 SYSTEMPATH\Common.php(1137): CodeIgniter\View\View->render('Carrinho/index', [], true)
 5 APPPATH\Controllers\Carrinho.php(40): view('Carrinho/index', [...])
 6 SYSTEMPATH\CodeIgniter.php(898): App\Controllers\Carrinho->index()
 7 SYSTEMPATH\CodeIgniter.php(457): CodeIgniter\CodeIgniter->runController(Object(App\Controllers\Carrinho))
 8 SYSTEMPATH\CodeIgniter.php(340): CodeIgniter\CodeIgniter->handleRequest(null, Object(Config\Cache), false)
 9 FCPATH\index.php(67): CodeIgniter\CodeIgniter->run()
10 SYSTEMPATH\Commands\Server\rewrite.php(43): require_once('FCPATH\\index.php')
CRITICAL - 2023-06-06 14:35:19 --> Undefined property: stdClass::$qualidade
in APPPATH\Views\Carrinho\index.php on line 61.
 1 APPPATH\Views\Carrinho\index.php(61): CodeIgniter\Debug\Exceptions->errorHandler(8, 'Undefined property: stdClass::$qualidade', 'APPPATH\\Views\\Carrinho\\index.php', 61, [...])
 2 SYSTEMPATH\View\View.php(213): include('APPPATH\\Views\\Carrinho\\index.php')
 3 SYSTEMPATH\View\View.php(216): CodeIgniter\View\View->CodeIgniter\View\{closure}()
 4 SYSTEMPATH\Common.php(1137): CodeIgniter\View\View->render('Carrinho/index', [], true)
 5 APPPATH\Controllers\Carrinho.php(40): view('Carrinho/index', [...])
 6 SYSTEMPATH\CodeIgniter.php(898): App\Controllers\Carrinho->index()
 7 SYSTEMPATH\CodeIgniter.php(457): CodeIgniter\CodeIgniter->runController(Object(App\Controllers\Carrinho))
 8 SYSTEMPATH\CodeIgniter.php(340): CodeIgniter\CodeIgniter->handleRequest(null, Object(Config\Cache), false)
 9 FCPATH\index.php(67): CodeIgniter\CodeIgniter->run()
10 SYSTEMPATH\Commands\Server\rewrite.php(43): require_once('FCPATH\\index.php')
CRITICAL - 2023-06-06 14:35:21 --> Undefined property: stdClass::$qualidade
in APPPATH\Views\Carrinho\index.php on line 61.
 1 APPPATH\Views\Carrinho\index.php(61): CodeIgniter\Debug\Exceptions->errorHandler(8, 'Undefined property: stdClass::$qualidade', 'APPPATH\\Views\\Carrinho\\index.php', 61, [...])
 2 SYSTEMPATH\View\View.php(213): include('APPPATH\\Views\\Carrinho\\index.php')
 3 SYSTEMPATH\View\View.php(216): CodeIgniter\View\View->CodeIgniter\View\{closure}()
 4 SYSTEMPATH\Common.php(1137): CodeIgniter\View\View->render('Carrinho/index', [], true)
 5 APPPATH\Controllers\Carrinho.php(40): view('Carrinho/index', [...])
 6 SYSTEMPATH\CodeIgniter.php(898): App\Controllers\Carrinho->index()
 7 SYSTEMPATH\CodeIgniter.php(457): CodeIgniter\CodeIgniter->runController(Object(App\Controllers\Carrinho))
 8 SYSTEMPATH\CodeIgniter.php(340): CodeIgniter\CodeIgniter->handleRequest(null, Object(Config\Cache), false)
 9 FCPATH\index.php(67): CodeIgniter\CodeIgniter->run()
10 SYSTEMPATH\Commands\Server\rewrite.php(43): require_once('FCPATH\\index.php')
CRITICAL - 2023-06-06 14:35:22 --> Undefined property: stdClass::$qualidade
in APPPATH\Views\Carrinho\index.php on line 61.
 1 APPPATH\Views\Carrinho\index.php(61): CodeIgniter\Debug\Exceptions->errorHandler(8, 'Undefined property: stdClass::$qualidade', 'APPPATH\\Views\\Carrinho\\index.php', 61, [...])
 2 SYSTEMPATH\View\View.php(213): include('APPPATH\\Views\\Carrinho\\index.php')
 3 SYSTEMPATH\View\View.php(216): CodeIgniter\View\View->CodeIgniter\View\{closure}()
 4 SYSTEMPATH\Common.php(1137): CodeIgniter\View\View->render('Carrinho/index', [], true)
 5 APPPATH\Controllers\Carrinho.php(40): view('Carrinho/index', [...])
 6 SYSTEMPATH\CodeIgniter.php(898): App\Controllers\Carrinho->index()
 7 SYSTEMPATH\CodeIgniter.php(457): CodeIgniter\CodeIgniter->runController(Object(App\Controllers\Carrinho))
 8 SYSTEMPATH\CodeIgniter.php(340): CodeIgniter\CodeIgniter->handleRequest(null, Object(Config\Cache), false)
 9 FCPATH\index.php(67): CodeIgniter\CodeIgniter->run()
10 SYSTEMPATH\Commands\Server\rewrite.php(43): require_once('FCPATH\\index.php')
CRITICAL - 2023-06-06 14:39:09 --> Undefined property: stdClass::$qualidade
in APPPATH\Views\Carrinho\index.php on line 61.
 1 APPPATH\Views\Carrinho\index.php(61): CodeIgniter\Debug\Exceptions->errorHandler(8, 'Undefined property: stdClass::$qualidade', 'APPPATH\\Views\\Carrinho\\index.php', 61, [...])
 2 SYSTEMPATH\View\View.php(213): include('APPPATH\\Views\\Carrinho\\index.php')
 3 SYSTEMPATH\View\View.php(216): CodeIgniter\View\View->CodeIgniter\View\{closure}()
 4 SYSTEMPATH\Common.php(1137): CodeIgniter\View\View->render('Carrinho/index', [], true)
 5 APPPATH\Controllers\Carrinho.php(40): view('Carrinho/index', [...])
 6 SYSTEMPATH\CodeIgniter.php(898): App\Controllers\Carrinho->index()
 7 SYSTEMPATH\CodeIgniter.php(457): CodeIgniter\CodeIgniter->runController(Object(App\Controllers\Carrinho))
 8 SYSTEMPATH\CodeIgniter.php(340): CodeIgniter\CodeIgniter->handleRequest(null, Object(Config\Cache), false)
 9 FCPATH\index.php(67): CodeIgniter\CodeIgniter->run()
10 SYSTEMPATH\Commands\Server\rewrite.php(43): require_once('FCPATH\\index.php')
CRITICAL - 2023-06-06 14:39:11 --> Undefined property: stdClass::$qualidade
in APPPATH\Views\Carrinho\index.php on line 61.
 1 APPPATH\Views\Carrinho\index.php(61): CodeIgniter\Debug\Exceptions->errorHandler(8, 'Undefined property: stdClass::$qualidade', 'APPPATH\\Views\\Carrinho\\index.php', 61, [...])
 2 SYSTEMPATH\View\View.php(213): include('APPPATH\\Views\\Carrinho\\index.php')
 3 SYSTEMPATH\View\View.php(216): CodeIgniter\View\View->CodeIgniter\View\{closure}()
 4 SYSTEMPATH\Common.php(1137): CodeIgniter\View\View->render('Carrinho/index', [], true)
 5 APPPATH\Controllers\Carrinho.php(40): view('Carrinho/index', [...])
 6 SYSTEMPATH\CodeIgniter.php(898): App\Controllers\Carrinho->index()
 7 SYSTEMPATH\CodeIgniter.php(457): CodeIgniter\CodeIgniter->runController(Object(App\Controllers\Carrinho))
 8 SYSTEMPATH\CodeIgniter.php(340): CodeIgniter\CodeIgniter->handleRequest(null, Object(Config\Cache), false)
 9 FCPATH\index.php(67): CodeIgniter\CodeIgniter->run()
10 SYSTEMPATH\Commands\Server\rewrite.php(43): require_once('FCPATH\\index.php')
CRITICAL - 2023-06-06 14:39:11 --> Undefined property: stdClass::$qualidade
in APPPATH\Views\Carrinho\index.php on line 61.
 1 APPPATH\Views\Carrinho\index.php(61): CodeIgniter\Debug\Exceptions->errorHandler(8, 'Undefined property: stdClass::$qualidade', 'APPPATH\\Views\\Carrinho\\index.php', 61, [...])
 2 SYSTEMPATH\View\View.php(213): include('APPPATH\\Views\\Carrinho\\index.php')
 3 SYSTEMPATH\View\View.php(216): CodeIgniter\View\View->CodeIgniter\View\{closure}()
 4 SYSTEMPATH\Common.php(1137): CodeIgniter\View\View->render('Carrinho/index', [], true)
 5 APPPATH\Controllers\Carrinho.php(40): view('Carrinho/index', [...])
 6 SYSTEMPATH\CodeIgniter.php(898): App\Controllers\Carrinho->index()
 7 SYSTEMPATH\CodeIgniter.php(457): CodeIgniter\CodeIgniter->runController(Object(App\Controllers\Carrinho))
 8 SYSTEMPATH\CodeIgniter.php(340): CodeIgniter\CodeIgniter->handleRequest(null, Object(Config\Cache), false)
 9 FCPATH\index.php(67): CodeIgniter\CodeIgniter->run()
10 SYSTEMPATH\Commands\Server\rewrite.php(43): require_once('FCPATH\\index.php')
CRITICAL - 2023-06-06 14:41:17 --> Undefined property: stdClass::$qualidade
in APPPATH\Views\Carrinho\index.php on line 61.
 1 APPPATH\Views\Carrinho\index.php(61): CodeIgniter\Debug\Exceptions->errorHandler(8, 'Undefined property: stdClass::$qualidade', 'APPPATH\\Views\\Carrinho\\index.php', 61, [...])
 2 SYSTEMPATH\View\View.php(213): include('APPPATH\\Views\\Carrinho\\index.php')
 3 SYSTEMPATH\View\View.php(216): CodeIgniter\View\View->CodeIgniter\View\{closure}()
 4 SYSTEMPATH\Common.php(1137): CodeIgniter\View\View->render('Carrinho/index', [], true)
 5 APPPATH\Controllers\Carrinho.php(40): view('Carrinho/index', [...])
 6 SYSTEMPATH\CodeIgniter.php(898): App\Controllers\Carrinho->index()
 7 SYSTEMPATH\CodeIgniter.php(457): CodeIgniter\CodeIgniter->runController(Object(App\Controllers\Carrinho))
 8 SYSTEMPATH\CodeIgniter.php(340): CodeIgniter\CodeIgniter->handleRequest(null, Object(Config\Cache), false)
 9 FCPATH\index.php(67): CodeIgniter\CodeIgniter->run()
10 SYSTEMPATH\Commands\Server\rewrite.php(43): require_once('FCPATH\\index.php')
