CRITICAL - 2022-09-20 10:45:12 --> Call to a member function where() on null
in APPPATH\Controllers\Carrinho.php on line 59.
 1 SYSTEMPATH\CodeIgniter.php(898): App\Controllers\Carrinho->adicionar()
 2 SYSTEMPATH\CodeIgniter.php(457): CodeIgniter\CodeIgniter->runController(Object(App\Controllers\Carrinho))
 3 SYSTEMPATH\CodeIgniter.php(340): CodeIgniter\CodeIgniter->handleRequest(null, Object(Config\Cache), false)
 4 FCPATH\index.php(67): CodeIgniter\CodeIgniter->run()
 5 SYSTEMPATH\Commands\Server\rewrite.php(43): require_once('FCPATH\\index.php')
CRITICAL - 2022-09-20 10:46:29 --> Call to a member function where() on null
in APPPATH\Controllers\Carrinho.php on line 59.
 1 SYSTEMPATH\CodeIgniter.php(898): App\Controllers\Carrinho->adicionar()
 2 SYSTEMPATH\CodeIgniter.php(457): CodeIgniter\CodeIgniter->runController(Object(App\Controllers\Carrinho))
 3 SYSTEMPATH\CodeIgniter.php(340): CodeIgniter\CodeIgniter->handleRequest(null, Object(Config\Cache), false)
 4 FCPATH\index.php(67): CodeIgniter\CodeIgniter->run()
 5 SYSTEMPATH\Commands\Server\rewrite.php(43): require_once('FCPATH\\index.php')
CRITICAL - 2022-09-20 11:23:15 --> Undefined index: ativo
in APPPATH\Controllers\Carrinho.php on line 73.
 1 APPPATH\Controllers\Carrinho.php(73): CodeIgniter\Debug\Exceptions->errorHandler(8, 'Undefined index: ativo', 'APPPATH\\Controllers\\Carrinho.php', 73, [...])
 2 SYSTEMPATH\CodeIgniter.php(898): App\Controllers\Carrinho->adicionar()
 3 SYSTEMPATH\CodeIgniter.php(457): CodeIgniter\CodeIgniter->runController(Object(App\Controllers\Carrinho))
 4 SYSTEMPATH\CodeIgniter.php(340): CodeIgniter\CodeIgniter->handleRequest(null, Object(Config\Cache), false)
 5 FCPATH\index.php(67): CodeIgniter\CodeIgniter->run()
 6 SYSTEMPATH\Commands\Server\rewrite.php(43): require_once('FCPATH\\index.php')
CRITICAL - 2022-09-20 11:23:38 --> Undefined property: stdClass::$nome
in APPPATH\Controllers\Carrinho.php on line 79.
 1 APPPATH\Controllers\Carrinho.php(79): CodeIgniter\Debug\Exceptions->errorHandler(8, 'Undefined property: stdClass::$nome', 'APPPATH\\Controllers\\Carrinho.php', 79, [...])
 2 SYSTEMPATH\CodeIgniter.php(898): App\Controllers\Carrinho->adicionar()
 3 SYSTEMPATH\CodeIgniter.php(457): CodeIgniter\CodeIgniter->runController(Object(App\Controllers\Carrinho))
 4 SYSTEMPATH\CodeIgniter.php(340): CodeIgniter\CodeIgniter->handleRequest(null, Object(Config\Cache), false)
 5 FCPATH\index.php(67): CodeIgniter\CodeIgniter->run()
 6 SYSTEMPATH\Commands\Server\rewrite.php(43): require_once('FCPATH\\index.php')
CRITICAL - 2022-09-20 14:14:19 --> Undefined index: extras_id
in APPPATH\Controllers\Carrinho.php on line 62.
 1 APPPATH\Controllers\Carrinho.php(62): CodeIgniter\Debug\Exceptions->errorHandler(8, 'Undefined index: extras_id', 'APPPATH\\Controllers\\Carrinho.php', 62, [...])
 2 SYSTEMPATH\CodeIgniter.php(898): App\Controllers\Carrinho->adicionar()
 3 SYSTEMPATH\CodeIgniter.php(457): CodeIgniter\CodeIgniter->runController(Object(App\Controllers\Carrinho))
 4 SYSTEMPATH\CodeIgniter.php(340): CodeIgniter\CodeIgniter->handleRequest(null, Object(Config\Cache), false)
 5 FCPATH\index.php(67): CodeIgniter\CodeIgniter->run()
 6 SYSTEMPATH\Commands\Server\rewrite.php(43): require_once('FCPATH\\index.php')
CRITICAL - 2022-09-20 14:29:46 --> Class 'App\Entities\Extras' not found
in SYSTEMPATH\Database\MySQLi\Result.php on line 148.
 1 [internal function]: CodeIgniter\Debug\Exceptions->shutdownHandler()
CRITICAL - 2022-09-20 14:33:54 --> Undefined index: extra_id
in APPPATH\Controllers\Carrinho.php on line 62.
 1 APPPATH\Controllers\Carrinho.php(62): CodeIgniter\Debug\Exceptions->errorHandler(8, 'Undefined index: extra_id', 'APPPATH\\Controllers\\Carrinho.php', 62, [...])
 2 SYSTEMPATH\CodeIgniter.php(898): App\Controllers\Carrinho->adicionar()
 3 SYSTEMPATH\CodeIgniter.php(457): CodeIgniter\CodeIgniter->runController(Object(App\Controllers\Carrinho))
 4 SYSTEMPATH\CodeIgniter.php(340): CodeIgniter\CodeIgniter->handleRequest(null, Object(Config\Cache), false)
 5 FCPATH\index.php(67): CodeIgniter\CodeIgniter->run()
 6 SYSTEMPATH\Commands\Server\rewrite.php(43): require_once('FCPATH\\index.php')
CRITICAL - 2022-09-20 14:34:24 --> Undefined index: extra_id
in APPPATH\Controllers\Carrinho.php on line 62.
 1 APPPATH\Controllers\Carrinho.php(62): CodeIgniter\Debug\Exceptions->errorHandler(8, 'Undefined index: extra_id', 'APPPATH\\Controllers\\Carrinho.php', 62, [...])
 2 SYSTEMPATH\CodeIgniter.php(898): App\Controllers\Carrinho->adicionar()
 3 SYSTEMPATH\CodeIgniter.php(457): CodeIgniter\CodeIgniter->runController(Object(App\Controllers\Carrinho))
 4 SYSTEMPATH\CodeIgniter.php(340): CodeIgniter\CodeIgniter->handleRequest(null, Object(Config\Cache), false)
 5 FCPATH\index.php(67): CodeIgniter\CodeIgniter->run()
 6 SYSTEMPATH\Commands\Server\rewrite.php(43): require_once('FCPATH\\index.php')
CRITICAL - 2022-09-20 14:37:57 --> Undefined index: extra_id
in APPPATH\Controllers\Carrinho.php on line 62.
 1 APPPATH\Controllers\Carrinho.php(62): CodeIgniter\Debug\Exceptions->errorHandler(8, 'Undefined index: extra_id', 'APPPATH\\Controllers\\Carrinho.php', 62, [...])
 2 SYSTEMPATH\CodeIgniter.php(898): App\Controllers\Carrinho->adicionar()
 3 SYSTEMPATH\CodeIgniter.php(457): CodeIgniter\CodeIgniter->runController(Object(App\Controllers\Carrinho))
 4 SYSTEMPATH\CodeIgniter.php(340): CodeIgniter\CodeIgniter->handleRequest(null, Object(Config\Cache), false)
 5 FCPATH\index.php(67): CodeIgniter\CodeIgniter->run()
 6 SYSTEMPATH\Commands\Server\rewrite.php(43): require_once('FCPATH\\index.php')
CRITICAL - 2022-09-20 14:38:36 --> Undefined index: extra_id
in APPPATH\Controllers\Carrinho.php on line 62.
 1 APPPATH\Controllers\Carrinho.php(62): CodeIgniter\Debug\Exceptions->errorHandler(8, 'Undefined index: extra_id', 'APPPATH\\Controllers\\Carrinho.php', 62, [...])
 2 SYSTEMPATH\CodeIgniter.php(898): App\Controllers\Carrinho->adicionar()
 3 SYSTEMPATH\CodeIgniter.php(457): CodeIgniter\CodeIgniter->runController(Object(App\Controllers\Carrinho))
 4 SYSTEMPATH\CodeIgniter.php(340): CodeIgniter\CodeIgniter->handleRequest(null, Object(Config\Cache), false)
 5 FCPATH\index.php(67): CodeIgniter\CodeIgniter->run()
 6 SYSTEMPATH\Commands\Server\rewrite.php(43): require_once('FCPATH\\index.php')
CRITICAL - 2022-09-20 14:39:08 --> Undefined index: extra_id
in APPPATH\Controllers\Carrinho.php on line 62.
 1 APPPATH\Controllers\Carrinho.php(62): CodeIgniter\Debug\Exceptions->errorHandler(8, 'Undefined index: extra_id', 'APPPATH\\Controllers\\Carrinho.php', 62, [...])
 2 SYSTEMPATH\CodeIgniter.php(898): App\Controllers\Carrinho->adicionar()
 3 SYSTEMPATH\CodeIgniter.php(457): CodeIgniter\CodeIgniter->runController(Object(App\Controllers\Carrinho))
 4 SYSTEMPATH\CodeIgniter.php(340): CodeIgniter\CodeIgniter->handleRequest(null, Object(Config\Cache), false)
 5 FCPATH\index.php(67): CodeIgniter\CodeIgniter->run()
 6 SYSTEMPATH\Commands\Server\rewrite.php(43): require_once('FCPATH\\index.php')
CRITICAL - 2022-09-20 14:39:42 --> Undefined index: extra_id
in APPPATH\Controllers\Carrinho.php on line 62.
 1 APPPATH\Controllers\Carrinho.php(62): CodeIgniter\Debug\Exceptions->errorHandler(8, 'Undefined index: extra_id', 'APPPATH\\Controllers\\Carrinho.php', 62, [...])
 2 SYSTEMPATH\CodeIgniter.php(898): App\Controllers\Carrinho->adicionar()
 3 SYSTEMPATH\CodeIgniter.php(457): CodeIgniter\CodeIgniter->runController(Object(App\Controllers\Carrinho))
 4 SYSTEMPATH\CodeIgniter.php(340): CodeIgniter\CodeIgniter->handleRequest(null, Object(Config\Cache), false)
 5 FCPATH\index.php(67): CodeIgniter\CodeIgniter->run()
 6 SYSTEMPATH\Commands\Server\rewrite.php(43): require_once('FCPATH\\index.php')
CRITICAL - 2022-09-20 14:44:53 --> Undefined index: extra_id
in APPPATH\Controllers\Carrinho.php on line 62.
 1 APPPATH\Controllers\Carrinho.php(62): CodeIgniter\Debug\Exceptions->errorHandler(8, 'Undefined index: extra_id', 'APPPATH\\Controllers\\Carrinho.php', 62, [...])
 2 SYSTEMPATH\CodeIgniter.php(898): App\Controllers\Carrinho->adicionar()
 3 SYSTEMPATH\CodeIgniter.php(457): CodeIgniter\CodeIgniter->runController(Object(App\Controllers\Carrinho))
 4 SYSTEMPATH\CodeIgniter.php(340): CodeIgniter\CodeIgniter->handleRequest(null, Object(Config\Cache), false)
 5 FCPATH\index.php(67): CodeIgniter\CodeIgniter->run()
 6 SYSTEMPATH\Commands\Server\rewrite.php(43): require_once('FCPATH\\index.php')
CRITICAL - 2022-09-20 14:48:53 --> Argument 1 passed to App\Controllers\Admin\Extras::buscaExtraOu404() must be of the type int or null, string given, called in C:\xampp\htdocs\food\app\Controllers\Admin\Extras.php on line 96
in APPPATH\Controllers\Admin\Extras.php on line 223.
 1 APPPATH\Controllers\Admin\Extras.php(96): App\Controllers\Admin\Extras->buscaExtraOu404('images')
 2 SYSTEMPATH\CodeIgniter.php(898): App\Controllers\Admin\Extras->show('images', 'logo.svg')
 3 SYSTEMPATH\CodeIgniter.php(457): CodeIgniter\CodeIgniter->runController(Object(App\Controllers\Admin\Extras))
 4 SYSTEMPATH\CodeIgniter.php(340): CodeIgniter\CodeIgniter->handleRequest(null, Object(Config\Cache), false)
 5 FCPATH\index.php(67): CodeIgniter\CodeIgniter->run()
 6 SYSTEMPATH\Commands\Server\rewrite.php(43): require_once('FCPATH\\index.php')
CRITICAL - 2022-09-20 14:48:53 --> Argument 1 passed to App\Controllers\Admin\Extras::buscaExtraOu404() must be of the type int or null, string given, called in C:\xampp\htdocs\food\app\Controllers\Admin\Extras.php on line 96
in APPPATH\Controllers\Admin\Extras.php on line 223.
 1 APPPATH\Controllers\Admin\Extras.php(96): App\Controllers\Admin\Extras->buscaExtraOu404('images')
 2 SYSTEMPATH\CodeIgniter.php(898): App\Controllers\Admin\Extras->show('images', 'logo-mini.svg')
 3 SYSTEMPATH\CodeIgniter.php(457): CodeIgniter\CodeIgniter->runController(Object(App\Controllers\Admin\Extras))
 4 SYSTEMPATH\CodeIgniter.php(340): CodeIgniter\CodeIgniter->handleRequest(null, Object(Config\Cache), false)
 5 FCPATH\index.php(67): CodeIgniter\CodeIgniter->run()
 6 SYSTEMPATH\Commands\Server\rewrite.php(43): require_once('FCPATH\\index.php')
CRITICAL - 2022-09-20 14:48:53 --> Argument 1 passed to App\Controllers\Admin\Extras::buscaExtraOu404() must be of the type int or null, string given, called in C:\xampp\htdocs\food\app\Controllers\Admin\Extras.php on line 96
in APPPATH\Controllers\Admin\Extras.php on line 223.
 1 APPPATH\Controllers\Admin\Extras.php(96): App\Controllers\Admin\Extras->buscaExtraOu404('images')
 2 SYSTEMPATH\CodeIgniter.php(898): App\Controllers\Admin\Extras->show('images', 'faces', 'face4.jpg')
 3 SYSTEMPATH\CodeIgniter.php(457): CodeIgniter\CodeIgniter->runController(Object(App\Controllers\Admin\Extras))
 4 SYSTEMPATH\CodeIgniter.php(340): CodeIgniter\CodeIgniter->handleRequest(null, Object(Config\Cache), false)
 5 FCPATH\index.php(67): CodeIgniter\CodeIgniter->run()
 6 SYSTEMPATH\Commands\Server\rewrite.php(43): require_once('FCPATH\\index.php')
CRITICAL - 2022-09-20 14:48:53 --> Argument 1 passed to App\Controllers\Admin\Extras::buscaExtraOu404() must be of the type int or null, string given, called in C:\xampp\htdocs\food\app\Controllers\Admin\Extras.php on line 96
in APPPATH\Controllers\Admin\Extras.php on line 223.
 1 APPPATH\Controllers\Admin\Extras.php(96): App\Controllers\Admin\Extras->buscaExtraOu404('images')
 2 SYSTEMPATH\CodeIgniter.php(898): App\Controllers\Admin\Extras->show('images', 'faces', 'face5.jpg')
 3 SYSTEMPATH\CodeIgniter.php(457): CodeIgniter\CodeIgniter->runController(Object(App\Controllers\Admin\Extras))
 4 SYSTEMPATH\CodeIgniter.php(340): CodeIgniter\CodeIgniter->handleRequest(null, Object(Config\Cache), false)
 5 FCPATH\index.php(67): CodeIgniter\CodeIgniter->run()
 6 SYSTEMPATH\Commands\Server\rewrite.php(43): require_once('FCPATH\\index.php')
CRITICAL - 2022-09-20 14:48:53 --> Argument 1 passed to App\Controllers\Admin\Extras::buscaExtraOu404() must be of the type int or null, string given, called in C:\xampp\htdocs\food\app\Controllers\Admin\Extras.php on line 96
in APPPATH\Controllers\Admin\Extras.php on line 223.
 1 APPPATH\Controllers\Admin\Extras.php(96): App\Controllers\Admin\Extras->buscaExtraOu404('images')
 2 SYSTEMPATH\CodeIgniter.php(898): App\Controllers\Admin\Extras->show('images', 'faces', 'face2.jpg')
 3 SYSTEMPATH\CodeIgniter.php(457): CodeIgniter\CodeIgniter->runController(Object(App\Controllers\Admin\Extras))
 4 SYSTEMPATH\CodeIgniter.php(340): CodeIgniter\CodeIgniter->handleRequest(null, Object(Config\Cache), false)
 5 FCPATH\index.php(67): CodeIgniter\CodeIgniter->run()
 6 SYSTEMPATH\Commands\Server\rewrite.php(43): require_once('FCPATH\\index.php')
CRITICAL - 2022-09-20 14:48:54 --> Argument 1 passed to App\Controllers\Admin\Extras::buscaExtraOu404() must be of the type int or null, string given, called in C:\xampp\htdocs\food\app\Controllers\Admin\Extras.php on line 96
in APPPATH\Controllers\Admin\Extras.php on line 223.
 1 APPPATH\Controllers\Admin\Extras.php(96): App\Controllers\Admin\Extras->buscaExtraOu404('images')
 2 SYSTEMPATH\CodeIgniter.php(898): App\Controllers\Admin\Extras->show('images', 'faces', 'face3.jpg')
 3 SYSTEMPATH\CodeIgniter.php(457): CodeIgniter\CodeIgniter->runController(Object(App\Controllers\Admin\Extras))
 4 SYSTEMPATH\CodeIgniter.php(340): CodeIgniter\CodeIgniter->handleRequest(null, Object(Config\Cache), false)
 5 FCPATH\index.php(67): CodeIgniter\CodeIgniter->run()
 6 SYSTEMPATH\Commands\Server\rewrite.php(43): require_once('FCPATH\\index.php')
CRITICAL - 2022-09-20 14:49:12 --> Argument 1 passed to App\Controllers\Admin\Produtos::buscaProdutoOu404() must be of the type int or null, string given, called in C:\xampp\htdocs\food\app\Controllers\Admin\Produtos.php on line 118
in APPPATH\Controllers\Admin\Produtos.php on line 551.
 1 APPPATH\Controllers\Admin\Produtos.php(118): App\Controllers\Admin\Produtos->buscaProdutoOu404('images')
 2 SYSTEMPATH\CodeIgniter.php(898): App\Controllers\Admin\Produtos->show('images', 'faces', 'face5.jpg')
 3 SYSTEMPATH\CodeIgniter.php(457): CodeIgniter\CodeIgniter->runController(Object(App\Controllers\Admin\Produtos))
 4 SYSTEMPATH\CodeIgniter.php(340): CodeIgniter\CodeIgniter->handleRequest(null, Object(Config\Cache), false)
 5 FCPATH\index.php(67): CodeIgniter\CodeIgniter->run()
 6 SYSTEMPATH\Commands\Server\rewrite.php(43): require_once('FCPATH\\index.php')
CRITICAL - 2022-09-20 14:49:12 --> Argument 1 passed to App\Controllers\Admin\Produtos::buscaProdutoOu404() must be of the type int or null, string given, called in C:\xampp\htdocs\food\app\Controllers\Admin\Produtos.php on line 118
in APPPATH\Controllers\Admin\Produtos.php on line 551.
 1 APPPATH\Controllers\Admin\Produtos.php(118): App\Controllers\Admin\Produtos->buscaProdutoOu404('images')
 2 SYSTEMPATH\CodeIgniter.php(898): App\Controllers\Admin\Produtos->show('images', 'logo.svg')
 3 SYSTEMPATH\CodeIgniter.php(457): CodeIgniter\CodeIgniter->runController(Object(App\Controllers\Admin\Produtos))
 4 SYSTEMPATH\CodeIgniter.php(340): CodeIgniter\CodeIgniter->handleRequest(null, Object(Config\Cache), false)
 5 FCPATH\index.php(67): CodeIgniter\CodeIgniter->run()
 6 SYSTEMPATH\Commands\Server\rewrite.php(43): require_once('FCPATH\\index.php')
CRITICAL - 2022-09-20 14:49:12 --> Argument 1 passed to App\Controllers\Admin\Produtos::buscaProdutoOu404() must be of the type int or null, string given, called in C:\xampp\htdocs\food\app\Controllers\Admin\Produtos.php on line 118
in APPPATH\Controllers\Admin\Produtos.php on line 551.
 1 APPPATH\Controllers\Admin\Produtos.php(118): App\Controllers\Admin\Produtos->buscaProdutoOu404('images')
 2 SYSTEMPATH\CodeIgniter.php(898): App\Controllers\Admin\Produtos->show('images', 'logo-mini.svg')
 3 SYSTEMPATH\CodeIgniter.php(457): CodeIgniter\CodeIgniter->runController(Object(App\Controllers\Admin\Produtos))
 4 SYSTEMPATH\CodeIgniter.php(340): CodeIgniter\CodeIgniter->handleRequest(null, Object(Config\Cache), false)
 5 FCPATH\index.php(67): CodeIgniter\CodeIgniter->run()
 6 SYSTEMPATH\Commands\Server\rewrite.php(43): require_once('FCPATH\\index.php')
CRITICAL - 2022-09-20 14:49:12 --> Argument 1 passed to App\Controllers\Admin\Produtos::buscaProdutoOu404() must be of the type int or null, string given, called in C:\xampp\htdocs\food\app\Controllers\Admin\Produtos.php on line 118
in APPPATH\Controllers\Admin\Produtos.php on line 551.
 1 APPPATH\Controllers\Admin\Produtos.php(118): App\Controllers\Admin\Produtos->buscaProdutoOu404('images')
 2 SYSTEMPATH\CodeIgniter.php(898): App\Controllers\Admin\Produtos->show('images', 'faces', 'face4.jpg')
 3 SYSTEMPATH\CodeIgniter.php(457): CodeIgniter\CodeIgniter->runController(Object(App\Controllers\Admin\Produtos))
 4 SYSTEMPATH\CodeIgniter.php(340): CodeIgniter\CodeIgniter->handleRequest(null, Object(Config\Cache), false)
 5 FCPATH\index.php(67): CodeIgniter\CodeIgniter->run()
 6 SYSTEMPATH\Commands\Server\rewrite.php(43): require_once('FCPATH\\index.php')
CRITICAL - 2022-09-20 14:49:12 --> Argument 1 passed to App\Controllers\Admin\Produtos::buscaProdutoOu404() must be of the type int or null, string given, called in C:\xampp\htdocs\food\app\Controllers\Admin\Produtos.php on line 118
in APPPATH\Controllers\Admin\Produtos.php on line 551.
 1 APPPATH\Controllers\Admin\Produtos.php(118): App\Controllers\Admin\Produtos->buscaProdutoOu404('images')
 2 SYSTEMPATH\CodeIgniter.php(898): App\Controllers\Admin\Produtos->show('images', 'faces', 'face2.jpg')
 3 SYSTEMPATH\CodeIgniter.php(457): CodeIgniter\CodeIgniter->runController(Object(App\Controllers\Admin\Produtos))
 4 SYSTEMPATH\CodeIgniter.php(340): CodeIgniter\CodeIgniter->handleRequest(null, Object(Config\Cache), false)
 5 FCPATH\index.php(67): CodeIgniter\CodeIgniter->run()
 6 SYSTEMPATH\Commands\Server\rewrite.php(43): require_once('FCPATH\\index.php')
CRITICAL - 2022-09-20 14:49:13 --> Argument 1 passed to App\Controllers\Admin\Produtos::buscaProdutoOu404() must be of the type int or null, string given, called in C:\xampp\htdocs\food\app\Controllers\Admin\Produtos.php on line 118
in APPPATH\Controllers\Admin\Produtos.php on line 551.
 1 APPPATH\Controllers\Admin\Produtos.php(118): App\Controllers\Admin\Produtos->buscaProdutoOu404('images')
 2 SYSTEMPATH\CodeIgniter.php(898): App\Controllers\Admin\Produtos->show('images', 'faces', 'face3.jpg')
 3 SYSTEMPATH\CodeIgniter.php(457): CodeIgniter\CodeIgniter->runController(Object(App\Controllers\Admin\Produtos))
 4 SYSTEMPATH\CodeIgniter.php(340): CodeIgniter\CodeIgniter->handleRequest(null, Object(Config\Cache), false)
 5 FCPATH\index.php(67): CodeIgniter\CodeIgniter->run()
 6 SYSTEMPATH\Commands\Server\rewrite.php(43): require_once('FCPATH\\index.php')
CRITICAL - 2022-09-20 14:49:14 --> Argument 1 passed to App\Controllers\Admin\Produtos::buscaProdutoOu404() must be of the type int or null, string given, called in C:\xampp\htdocs\food\app\Controllers\Admin\Produtos.php on line 303
in APPPATH\Controllers\Admin\Produtos.php on line 551.
 1 APPPATH\Controllers\Admin\Produtos.php(303): App\Controllers\Admin\Produtos->buscaProdutoOu404('images')
 2 SYSTEMPATH\CodeIgniter.php(898): App\Controllers\Admin\Produtos->extras('images', 'faces', 'face5.jpg')
 3 SYSTEMPATH\CodeIgniter.php(457): CodeIgniter\CodeIgniter->runController(Object(App\Controllers\Admin\Produtos))
 4 SYSTEMPATH\CodeIgniter.php(340): CodeIgniter\CodeIgniter->handleRequest(null, Object(Config\Cache), false)
 5 FCPATH\index.php(67): CodeIgniter\CodeIgniter->run()
 6 SYSTEMPATH\Commands\Server\rewrite.php(43): require_once('FCPATH\\index.php')
CRITICAL - 2022-09-20 14:49:15 --> Argument 1 passed to App\Controllers\Admin\Produtos::buscaProdutoOu404() must be of the type int or null, string given, called in C:\xampp\htdocs\food\app\Controllers\Admin\Produtos.php on line 303
in APPPATH\Controllers\Admin\Produtos.php on line 551.
 1 APPPATH\Controllers\Admin\Produtos.php(303): App\Controllers\Admin\Produtos->buscaProdutoOu404('images')
 2 SYSTEMPATH\CodeIgniter.php(898): App\Controllers\Admin\Produtos->extras('images', 'logo.svg')
 3 SYSTEMPATH\CodeIgniter.php(457): CodeIgniter\CodeIgniter->runController(Object(App\Controllers\Admin\Produtos))
 4 SYSTEMPATH\CodeIgniter.php(340): CodeIgniter\CodeIgniter->handleRequest(null, Object(Config\Cache), false)
 5 FCPATH\index.php(67): CodeIgniter\CodeIgniter->run()
 6 SYSTEMPATH\Commands\Server\rewrite.php(43): require_once('FCPATH\\index.php')
CRITICAL - 2022-09-20 14:49:15 --> Argument 1 passed to App\Controllers\Admin\Produtos::buscaProdutoOu404() must be of the type int or null, string given, called in C:\xampp\htdocs\food\app\Controllers\Admin\Produtos.php on line 303
in APPPATH\Controllers\Admin\Produtos.php on line 551.
 1 APPPATH\Controllers\Admin\Produtos.php(303): App\Controllers\Admin\Produtos->buscaProdutoOu404('images')
 2 SYSTEMPATH\CodeIgniter.php(898): App\Controllers\Admin\Produtos->extras('images', 'logo-mini.svg')
 3 SYSTEMPATH\CodeIgniter.php(457): CodeIgniter\CodeIgniter->runController(Object(App\Controllers\Admin\Produtos))
 4 SYSTEMPATH\CodeIgniter.php(340): CodeIgniter\CodeIgniter->handleRequest(null, Object(Config\Cache), false)
 5 FCPATH\index.php(67): CodeIgniter\CodeIgniter->run()
 6 SYSTEMPATH\Commands\Server\rewrite.php(43): require_once('FCPATH\\index.php')
CRITICAL - 2022-09-20 14:49:15 --> Argument 1 passed to App\Controllers\Admin\Produtos::buscaProdutoOu404() must be of the type int or null, string given, called in C:\xampp\htdocs\food\app\Controllers\Admin\Produtos.php on line 303
in APPPATH\Controllers\Admin\Produtos.php on line 551.
 1 APPPATH\Controllers\Admin\Produtos.php(303): App\Controllers\Admin\Produtos->buscaProdutoOu404('images')
 2 SYSTEMPATH\CodeIgniter.php(898): App\Controllers\Admin\Produtos->extras('images', 'faces', 'face4.jpg')
 3 SYSTEMPATH\CodeIgniter.php(457): CodeIgniter\CodeIgniter->runController(Object(App\Controllers\Admin\Produtos))
 4 SYSTEMPATH\CodeIgniter.php(340): CodeIgniter\CodeIgniter->handleRequest(null, Object(Config\Cache), false)
 5 FCPATH\index.php(67): CodeIgniter\CodeIgniter->run()
 6 SYSTEMPATH\Commands\Server\rewrite.php(43): require_once('FCPATH\\index.php')
CRITICAL - 2022-09-20 14:49:15 --> Argument 1 passed to App\Controllers\Admin\Produtos::buscaProdutoOu404() must be of the type int or null, string given, called in C:\xampp\htdocs\food\app\Controllers\Admin\Produtos.php on line 303
in APPPATH\Controllers\Admin\Produtos.php on line 551.
 1 APPPATH\Controllers\Admin\Produtos.php(303): App\Controllers\Admin\Produtos->buscaProdutoOu404('images')
 2 SYSTEMPATH\CodeIgniter.php(898): App\Controllers\Admin\Produtos->extras('images', 'faces', 'face2.jpg')
 3 SYSTEMPATH\CodeIgniter.php(457): CodeIgniter\CodeIgniter->runController(Object(App\Controllers\Admin\Produtos))
 4 SYSTEMPATH\CodeIgniter.php(340): CodeIgniter\CodeIgniter->handleRequest(null, Object(Config\Cache), false)
 5 FCPATH\index.php(67): CodeIgniter\CodeIgniter->run()
 6 SYSTEMPATH\Commands\Server\rewrite.php(43): require_once('FCPATH\\index.php')
CRITICAL - 2022-09-20 14:49:15 --> Argument 1 passed to App\Controllers\Admin\Produtos::buscaProdutoOu404() must be of the type int or null, string given, called in C:\xampp\htdocs\food\app\Controllers\Admin\Produtos.php on line 303
in APPPATH\Controllers\Admin\Produtos.php on line 551.
 1 APPPATH\Controllers\Admin\Produtos.php(303): App\Controllers\Admin\Produtos->buscaProdutoOu404('images')
 2 SYSTEMPATH\CodeIgniter.php(898): App\Controllers\Admin\Produtos->extras('images', 'faces', 'face3.jpg')
 3 SYSTEMPATH\CodeIgniter.php(457): CodeIgniter\CodeIgniter->runController(Object(App\Controllers\Admin\Produtos))
 4 SYSTEMPATH\CodeIgniter.php(340): CodeIgniter\CodeIgniter->handleRequest(null, Object(Config\Cache), false)
 5 FCPATH\index.php(67): CodeIgniter\CodeIgniter->run()
 6 SYSTEMPATH\Commands\Server\rewrite.php(43): require_once('FCPATH\\index.php')
CRITICAL - 2022-09-20 14:49:20 --> Argument 1 passed to App\Controllers\Admin\Produtos::buscaProdutoOu404() must be of the type int or null, string given, called in C:\xampp\htdocs\food\app\Controllers\Admin\Produtos.php on line 303
in APPPATH\Controllers\Admin\Produtos.php on line 551.
 1 APPPATH\Controllers\Admin\Produtos.php(303): App\Controllers\Admin\Produtos->buscaProdutoOu404('images')
 2 SYSTEMPATH\CodeIgniter.php(898): App\Controllers\Admin\Produtos->extras('images', 'faces', 'face5.jpg')
 3 SYSTEMPATH\CodeIgniter.php(457): CodeIgniter\CodeIgniter->runController(Object(App\Controllers\Admin\Produtos))
 4 SYSTEMPATH\CodeIgniter.php(340): CodeIgniter\CodeIgniter->handleRequest(null, Object(Config\Cache), false)
 5 FCPATH\index.php(67): CodeIgniter\CodeIgniter->run()
 6 SYSTEMPATH\Commands\Server\rewrite.php(43): require_once('FCPATH\\index.php')
CRITICAL - 2022-09-20 14:49:21 --> Argument 1 passed to App\Controllers\Admin\Produtos::buscaProdutoOu404() must be of the type int or null, string given, called in C:\xampp\htdocs\food\app\Controllers\Admin\Produtos.php on line 303
in APPPATH\Controllers\Admin\Produtos.php on line 551.
 1 APPPATH\Controllers\Admin\Produtos.php(303): App\Controllers\Admin\Produtos->buscaProdutoOu404('images')
 2 SYSTEMPATH\CodeIgniter.php(898): App\Controllers\Admin\Produtos->extras('images', 'logo.svg')
 3 SYSTEMPATH\CodeIgniter.php(457): CodeIgniter\CodeIgniter->runController(Object(App\Controllers\Admin\Produtos))
 4 SYSTEMPATH\CodeIgniter.php(340): CodeIgniter\CodeIgniter->handleRequest(null, Object(Config\Cache), false)
 5 FCPATH\index.php(67): CodeIgniter\CodeIgniter->run()
 6 SYSTEMPATH\Commands\Server\rewrite.php(43): require_once('FCPATH\\index.php')
CRITICAL - 2022-09-20 14:49:21 --> Argument 1 passed to App\Controllers\Admin\Produtos::buscaProdutoOu404() must be of the type int or null, string given, called in C:\xampp\htdocs\food\app\Controllers\Admin\Produtos.php on line 303
in APPPATH\Controllers\Admin\Produtos.php on line 551.
 1 APPPATH\Controllers\Admin\Produtos.php(303): App\Controllers\Admin\Produtos->buscaProdutoOu404('images')
 2 SYSTEMPATH\CodeIgniter.php(898): App\Controllers\Admin\Produtos->extras('images', 'logo-mini.svg')
 3 SYSTEMPATH\CodeIgniter.php(457): CodeIgniter\CodeIgniter->runController(Object(App\Controllers\Admin\Produtos))
 4 SYSTEMPATH\CodeIgniter.php(340): CodeIgniter\CodeIgniter->handleRequest(null, Object(Config\Cache), false)
 5 FCPATH\index.php(67): CodeIgniter\CodeIgniter->run()
 6 SYSTEMPATH\Commands\Server\rewrite.php(43): require_once('FCPATH\\index.php')
CRITICAL - 2022-09-20 14:49:21 --> Argument 1 passed to App\Controllers\Admin\Produtos::buscaProdutoOu404() must be of the type int or null, string given, called in C:\xampp\htdocs\food\app\Controllers\Admin\Produtos.php on line 303
in APPPATH\Controllers\Admin\Produtos.php on line 551.
 1 APPPATH\Controllers\Admin\Produtos.php(303): App\Controllers\Admin\Produtos->buscaProdutoOu404('images')
 2 SYSTEMPATH\CodeIgniter.php(898): App\Controllers\Admin\Produtos->extras('images', 'faces', 'face4.jpg')
 3 SYSTEMPATH\CodeIgniter.php(457): CodeIgniter\CodeIgniter->runController(Object(App\Controllers\Admin\Produtos))
 4 SYSTEMPATH\CodeIgniter.php(340): CodeIgniter\CodeIgniter->handleRequest(null, Object(Config\Cache), false)
 5 FCPATH\index.php(67): CodeIgniter\CodeIgniter->run()
 6 SYSTEMPATH\Commands\Server\rewrite.php(43): require_once('FCPATH\\index.php')
CRITICAL - 2022-09-20 14:49:21 --> Argument 1 passed to App\Controllers\Admin\Produtos::buscaProdutoOu404() must be of the type int or null, string given, called in C:\xampp\htdocs\food\app\Controllers\Admin\Produtos.php on line 303
in APPPATH\Controllers\Admin\Produtos.php on line 551.
 1 APPPATH\Controllers\Admin\Produtos.php(303): App\Controllers\Admin\Produtos->buscaProdutoOu404('images')
 2 SYSTEMPATH\CodeIgniter.php(898): App\Controllers\Admin\Produtos->extras('images', 'faces', 'face2.jpg')
 3 SYSTEMPATH\CodeIgniter.php(457): CodeIgniter\CodeIgniter->runController(Object(App\Controllers\Admin\Produtos))
 4 SYSTEMPATH\CodeIgniter.php(340): CodeIgniter\CodeIgniter->handleRequest(null, Object(Config\Cache), false)
 5 FCPATH\index.php(67): CodeIgniter\CodeIgniter->run()
 6 SYSTEMPATH\Commands\Server\rewrite.php(43): require_once('FCPATH\\index.php')
CRITICAL - 2022-09-20 14:49:21 --> Argument 1 passed to App\Controllers\Admin\Produtos::buscaProdutoOu404() must be of the type int or null, string given, called in C:\xampp\htdocs\food\app\Controllers\Admin\Produtos.php on line 303
in APPPATH\Controllers\Admin\Produtos.php on line 551.
 1 APPPATH\Controllers\Admin\Produtos.php(303): App\Controllers\Admin\Produtos->buscaProdutoOu404('images')
 2 SYSTEMPATH\CodeIgniter.php(898): App\Controllers\Admin\Produtos->extras('images', 'faces', 'face3.jpg')
 3 SYSTEMPATH\CodeIgniter.php(457): CodeIgniter\CodeIgniter->runController(Object(App\Controllers\Admin\Produtos))
 4 SYSTEMPATH\CodeIgniter.php(340): CodeIgniter\CodeIgniter->handleRequest(null, Object(Config\Cache), false)
 5 FCPATH\index.php(67): CodeIgniter\CodeIgniter->run()
 6 SYSTEMPATH\Commands\Server\rewrite.php(43): require_once('FCPATH\\index.php')
CRITICAL - 2022-09-20 14:55:48 -->  não é uma regra válida.
in SYSTEMPATH\Validation\Validation.php on line 316.
 1 SYSTEMPATH\Validation\Validation.php(316): CodeIgniter\Validation\Exceptions\ValidationException::forRuleNotFound('ROOTPATH\\public')
 2 SYSTEMPATH\Validation\Validation.php(175): CodeIgniter\Validation\Validation->processRules('produto.extra_id', 'Extra do Produto', null, [...], [...])
 3 APPPATH\Controllers\Carrinho.php(43): CodeIgniter\Validation\Validation->run()
 4 SYSTEMPATH\CodeIgniter.php(898): App\Controllers\Carrinho->adicionar()
 5 SYSTEMPATH\CodeIgniter.php(457): CodeIgniter\CodeIgniter->runController(Object(App\Controllers\Carrinho))
 6 SYSTEMPATH\CodeIgniter.php(340): CodeIgniter\CodeIgniter->handleRequest(null, Object(Config\Cache), false)
 7 FCPATH\index.php(67): CodeIgniter\CodeIgniter->run()
 8 SYSTEMPATH\Commands\Server\rewrite.php(43): require_once('FCPATH\\index.php')
CRITICAL - 2022-09-20 14:56:15 --> Extra do Produto não é uma regra válida.
in SYSTEMPATH\Validation\Validation.php on line 316.
 1 SYSTEMPATH\Validation\Validation.php(316): CodeIgniter\Validation\Exceptions\ValidationException::forRuleNotFound('Extra do Produto')
 2 SYSTEMPATH\Validation\Validation.php(175): CodeIgniter\Validation\Validation->processRules('produto.extra_id', 'produto.extra_id', null, [...], [...])
 3 APPPATH\Controllers\Carrinho.php(43): CodeIgniter\Validation\Validation->run()
 4 SYSTEMPATH\CodeIgniter.php(898): App\Controllers\Carrinho->adicionar()
 5 SYSTEMPATH\CodeIgniter.php(457): CodeIgniter\CodeIgniter->runController(Object(App\Controllers\Carrinho))
 6 SYSTEMPATH\CodeIgniter.php(340): CodeIgniter\CodeIgniter->handleRequest(null, Object(Config\Cache), false)
 7 FCPATH\index.php(67): CodeIgniter\CodeIgniter->run()
 8 SYSTEMPATH\Commands\Server\rewrite.php(43): require_once('FCPATH\\index.php')
CRITICAL - 2022-09-20 14:57:13 --> Undefined index: extra_id
in APPPATH\Controllers\Carrinho.php on line 63.
 1 APPPATH\Controllers\Carrinho.php(63): CodeIgniter\Debug\Exceptions->errorHandler(8, 'Undefined index: extra_id', 'APPPATH\\Controllers\\Carrinho.php', 63, [...])
 2 SYSTEMPATH\CodeIgniter.php(898): App\Controllers\Carrinho->adicionar()
 3 SYSTEMPATH\CodeIgniter.php(457): CodeIgniter\CodeIgniter->runController(Object(App\Controllers\Carrinho))
 4 SYSTEMPATH\CodeIgniter.php(340): CodeIgniter\CodeIgniter->handleRequest(null, Object(Config\Cache), false)
 5 FCPATH\index.php(67): CodeIgniter\CodeIgniter->run()
 6 SYSTEMPATH\Commands\Server\rewrite.php(43): require_once('FCPATH\\index.php')
CRITICAL - 2022-09-20 14:58:56 --> Undefined index: extra_id
in APPPATH\Controllers\Carrinho.php on line 62.
 1 APPPATH\Controllers\Carrinho.php(62): CodeIgniter\Debug\Exceptions->errorHandler(8, 'Undefined index: extra_id', 'APPPATH\\Controllers\\Carrinho.php', 62, [...])
 2 SYSTEMPATH\CodeIgniter.php(898): App\Controllers\Carrinho->adicionar()
 3 SYSTEMPATH\CodeIgniter.php(457): CodeIgniter\CodeIgniter->runController(Object(App\Controllers\Carrinho))
 4 SYSTEMPATH\CodeIgniter.php(340): CodeIgniter\CodeIgniter->handleRequest(null, Object(Config\Cache), false)
 5 FCPATH\index.php(67): CodeIgniter\CodeIgniter->run()
 6 SYSTEMPATH\Commands\Server\rewrite.php(43): require_once('FCPATH\\index.php')
CRITICAL - 2022-09-20 15:23:05 --> Undefined index: extra_id
in APPPATH\Controllers\Carrinho.php on line 62.
 1 APPPATH\Controllers\Carrinho.php(62): CodeIgniter\Debug\Exceptions->errorHandler(8, 'Undefined index: extra_id', 'APPPATH\\Controllers\\Carrinho.php', 62, [...])
 2 SYSTEMPATH\CodeIgniter.php(898): App\Controllers\Carrinho->adicionar()
 3 SYSTEMPATH\CodeIgniter.php(457): CodeIgniter\CodeIgniter->runController(Object(App\Controllers\Carrinho))
 4 SYSTEMPATH\CodeIgniter.php(340): CodeIgniter\CodeIgniter->handleRequest(null, Object(Config\Cache), false)
 5 FCPATH\index.php(67): CodeIgniter\CodeIgniter->run()
 6 SYSTEMPATH\Commands\Server\rewrite.php(43): require_once('FCPATH\\index.php')
CRITICAL - 2022-09-20 15:23:31 --> Undefined index: extra_id
in APPPATH\Controllers\Carrinho.php on line 62.
 1 APPPATH\Controllers\Carrinho.php(62): CodeIgniter\Debug\Exceptions->errorHandler(8, 'Undefined index: extra_id', 'APPPATH\\Controllers\\Carrinho.php', 62, [...])
 2 SYSTEMPATH\CodeIgniter.php(898): App\Controllers\Carrinho->adicionar()
 3 SYSTEMPATH\CodeIgniter.php(457): CodeIgniter\CodeIgniter->runController(Object(App\Controllers\Carrinho))
 4 SYSTEMPATH\CodeIgniter.php(340): CodeIgniter\CodeIgniter->handleRequest(null, Object(Config\Cache), false)
 5 FCPATH\index.php(67): CodeIgniter\CodeIgniter->run()
 6 SYSTEMPATH\Commands\Server\rewrite.php(43): require_once('FCPATH\\index.php')
CRITICAL - 2022-09-20 15:24:18 --> Undefined index: extra_id
in APPPATH\Controllers\Carrinho.php on line 62.
 1 APPPATH\Controllers\Carrinho.php(62): CodeIgniter\Debug\Exceptions->errorHandler(8, 'Undefined index: extra_id', 'APPPATH\\Controllers\\Carrinho.php', 62, [...])
 2 SYSTEMPATH\CodeIgniter.php(898): App\Controllers\Carrinho->adicionar()
 3 SYSTEMPATH\CodeIgniter.php(457): CodeIgniter\CodeIgniter->runController(Object(App\Controllers\Carrinho))
 4 SYSTEMPATH\CodeIgniter.php(340): CodeIgniter\CodeIgniter->handleRequest(null, Object(Config\Cache), false)
 5 FCPATH\index.php(67): CodeIgniter\CodeIgniter->run()
 6 SYSTEMPATH\Commands\Server\rewrite.php(43): require_once('FCPATH\\index.php')
CRITICAL - 2022-09-20 15:31:55 --> Undefined index: extra_id
in APPPATH\Controllers\Carrinho.php on line 62.
 1 APPPATH\Controllers\Carrinho.php(62): CodeIgniter\Debug\Exceptions->errorHandler(8, 'Undefined index: extra_id', 'APPPATH\\Controllers\\Carrinho.php', 62, [...])
 2 SYSTEMPATH\CodeIgniter.php(898): App\Controllers\Carrinho->adicionar()
 3 SYSTEMPATH\CodeIgniter.php(457): CodeIgniter\CodeIgniter->runController(Object(App\Controllers\Carrinho))
 4 SYSTEMPATH\CodeIgniter.php(340): CodeIgniter\CodeIgniter->handleRequest(null, Object(Config\Cache), false)
 5 FCPATH\index.php(67): CodeIgniter\CodeIgniter->run()
 6 SYSTEMPATH\Commands\Server\rewrite.php(43): require_once('FCPATH\\index.php')
CRITICAL - 2022-09-20 15:32:20 --> Undefined index: extra_id
in APPPATH\Controllers\Carrinho.php on line 62.
 1 APPPATH\Controllers\Carrinho.php(62): CodeIgniter\Debug\Exceptions->errorHandler(8, 'Undefined index: extra_id', 'APPPATH\\Controllers\\Carrinho.php', 62, [...])
 2 SYSTEMPATH\CodeIgniter.php(898): App\Controllers\Carrinho->adicionar()
 3 SYSTEMPATH\CodeIgniter.php(457): CodeIgniter\CodeIgniter->runController(Object(App\Controllers\Carrinho))
 4 SYSTEMPATH\CodeIgniter.php(340): CodeIgniter\CodeIgniter->handleRequest(null, Object(Config\Cache), false)
 5 FCPATH\index.php(67): CodeIgniter\CodeIgniter->run()
 6 SYSTEMPATH\Commands\Server\rewrite.php(43): require_once('FCPATH\\index.php')
CRITICAL - 2022-09-20 15:32:38 --> Undefined index: extra_id
in APPPATH\Controllers\Carrinho.php on line 62.
 1 APPPATH\Controllers\Carrinho.php(62): CodeIgniter\Debug\Exceptions->errorHandler(8, 'Undefined index: extra_id', 'APPPATH\\Controllers\\Carrinho.php', 62, [...])
 2 SYSTEMPATH\CodeIgniter.php(898): App\Controllers\Carrinho->adicionar()
 3 SYSTEMPATH\CodeIgniter.php(457): CodeIgniter\CodeIgniter->runController(Object(App\Controllers\Carrinho))
 4 SYSTEMPATH\CodeIgniter.php(340): CodeIgniter\CodeIgniter->handleRequest(null, Object(Config\Cache), false)
 5 FCPATH\index.php(67): CodeIgniter\CodeIgniter->run()
 6 SYSTEMPATH\Commands\Server\rewrite.php(43): require_once('FCPATH\\index.php')
CRITICAL - 2022-09-20 15:36:12 --> Undefined index: extra_id
in APPPATH\Controllers\Carrinho.php on line 62.
 1 APPPATH\Controllers\Carrinho.php(62): CodeIgniter\Debug\Exceptions->errorHandler(8, 'Undefined index: extra_id', 'APPPATH\\Controllers\\Carrinho.php', 62, [...])
 2 SYSTEMPATH\CodeIgniter.php(898): App\Controllers\Carrinho->adicionar()
 3 SYSTEMPATH\CodeIgniter.php(457): CodeIgniter\CodeIgniter->runController(Object(App\Controllers\Carrinho))
 4 SYSTEMPATH\CodeIgniter.php(340): CodeIgniter\CodeIgniter->handleRequest(null, Object(Config\Cache), false)
 5 FCPATH\index.php(67): CodeIgniter\CodeIgniter->run()
 6 SYSTEMPATH\Commands\Server\rewrite.php(43): require_once('FCPATH\\index.php')
CRITICAL - 2022-09-20 15:37:14 --> Undefined index: extra_id
in APPPATH\Controllers\Carrinho.php on line 62.
 1 APPPATH\Controllers\Carrinho.php(62): CodeIgniter\Debug\Exceptions->errorHandler(8, 'Undefined index: extra_id', 'APPPATH\\Controllers\\Carrinho.php', 62, [...])
 2 SYSTEMPATH\CodeIgniter.php(898): App\Controllers\Carrinho->adicionar()
 3 SYSTEMPATH\CodeIgniter.php(457): CodeIgniter\CodeIgniter->runController(Object(App\Controllers\Carrinho))
 4 SYSTEMPATH\CodeIgniter.php(340): CodeIgniter\CodeIgniter->handleRequest(null, Object(Config\Cache), false)
 5 FCPATH\index.php(67): CodeIgniter\CodeIgniter->run()
 6 SYSTEMPATH\Commands\Server\rewrite.php(43): require_once('FCPATH\\index.php')
CRITICAL - 2022-09-20 15:39:51 --> Undefined index: extra_id
in APPPATH\Controllers\Carrinho.php on line 62.
 1 APPPATH\Controllers\Carrinho.php(62): CodeIgniter\Debug\Exceptions->errorHandler(8, 'Undefined index: extra_id', 'APPPATH\\Controllers\\Carrinho.php', 62, [...])
 2 SYSTEMPATH\CodeIgniter.php(898): App\Controllers\Carrinho->adicionar()
 3 SYSTEMPATH\CodeIgniter.php(457): CodeIgniter\CodeIgniter->runController(Object(App\Controllers\Carrinho))
 4 SYSTEMPATH\CodeIgniter.php(340): CodeIgniter\CodeIgniter->handleRequest(null, Object(Config\Cache), false)
 5 FCPATH\index.php(67): CodeIgniter\CodeIgniter->run()
 6 SYSTEMPATH\Commands\Server\rewrite.php(43): require_once('FCPATH\\index.php')
CRITICAL - 2022-09-20 15:40:01 --> Undefined index: extra_id
in APPPATH\Controllers\Carrinho.php on line 62.
 1 APPPATH\Controllers\Carrinho.php(62): CodeIgniter\Debug\Exceptions->errorHandler(8, 'Undefined index: extra_id', 'APPPATH\\Controllers\\Carrinho.php', 62, [...])
 2 SYSTEMPATH\CodeIgniter.php(898): App\Controllers\Carrinho->adicionar()
 3 SYSTEMPATH\CodeIgniter.php(457): CodeIgniter\CodeIgniter->runController(Object(App\Controllers\Carrinho))
 4 SYSTEMPATH\CodeIgniter.php(340): CodeIgniter\CodeIgniter->handleRequest(null, Object(Config\Cache), false)
 5 FCPATH\index.php(67): CodeIgniter\CodeIgniter->run()
 6 SYSTEMPATH\Commands\Server\rewrite.php(43): require_once('FCPATH\\index.php')
CRITICAL - 2022-09-20 15:43:02 --> Undefined index: extra_id
in APPPATH\Controllers\Carrinho.php on line 62.
 1 APPPATH\Controllers\Carrinho.php(62): CodeIgniter\Debug\Exceptions->errorHandler(8, 'Undefined index: extra_id', 'APPPATH\\Controllers\\Carrinho.php', 62, [...])
 2 SYSTEMPATH\CodeIgniter.php(898): App\Controllers\Carrinho->adicionar()
 3 SYSTEMPATH\CodeIgniter.php(457): CodeIgniter\CodeIgniter->runController(Object(App\Controllers\Carrinho))
 4 SYSTEMPATH\CodeIgniter.php(340): CodeIgniter\CodeIgniter->handleRequest(null, Object(Config\Cache), false)
 5 FCPATH\index.php(67): CodeIgniter\CodeIgniter->run()
 6 SYSTEMPATH\Commands\Server\rewrite.php(43): require_once('FCPATH\\index.php')
CRITICAL - 2022-09-20 15:58:01 --> Undefined index: extra_id
in APPPATH\Controllers\Carrinho.php on line 62.
 1 APPPATH\Controllers\Carrinho.php(62): CodeIgniter\Debug\Exceptions->errorHandler(8, 'Undefined index: extra_id', 'APPPATH\\Controllers\\Carrinho.php', 62, [...])
 2 SYSTEMPATH\CodeIgniter.php(898): App\Controllers\Carrinho->adicionar()
 3 SYSTEMPATH\CodeIgniter.php(457): CodeIgniter\CodeIgniter->runController(Object(App\Controllers\Carrinho))
 4 SYSTEMPATH\CodeIgniter.php(340): CodeIgniter\CodeIgniter->handleRequest(null, Object(Config\Cache), false)
 5 FCPATH\index.php(67): CodeIgniter\CodeIgniter->run()
 6 SYSTEMPATH\Commands\Server\rewrite.php(43): require_once('FCPATH\\index.php')
CRITICAL - 2022-09-20 16:02:40 --> Undefined index: extra_id
in APPPATH\Controllers\Carrinho.php on line 62.
 1 APPPATH\Controllers\Carrinho.php(62): CodeIgniter\Debug\Exceptions->errorHandler(8, 'Undefined index: extra_id', 'APPPATH\\Controllers\\Carrinho.php', 62, [...])
 2 SYSTEMPATH\CodeIgniter.php(898): App\Controllers\Carrinho->adicionar()
 3 SYSTEMPATH\CodeIgniter.php(457): CodeIgniter\CodeIgniter->runController(Object(App\Controllers\Carrinho))
 4 SYSTEMPATH\CodeIgniter.php(340): CodeIgniter\CodeIgniter->handleRequest(null, Object(Config\Cache), false)
 5 FCPATH\index.php(67): CodeIgniter\CodeIgniter->run()
 6 SYSTEMPATH\Commands\Server\rewrite.php(43): require_once('FCPATH\\index.php')
CRITICAL - 2022-09-20 16:04:41 --> Undefined index: extra_id
in APPPATH\Controllers\Carrinho.php on line 62.
 1 APPPATH\Controllers\Carrinho.php(62): CodeIgniter\Debug\Exceptions->errorHandler(8, 'Undefined index: extra_id', 'APPPATH\\Controllers\\Carrinho.php', 62, [...])
 2 SYSTEMPATH\CodeIgniter.php(898): App\Controllers\Carrinho->adicionar()
 3 SYSTEMPATH\CodeIgniter.php(457): CodeIgniter\CodeIgniter->runController(Object(App\Controllers\Carrinho))
 4 SYSTEMPATH\CodeIgniter.php(340): CodeIgniter\CodeIgniter->handleRequest(null, Object(Config\Cache), false)
 5 FCPATH\index.php(67): CodeIgniter\CodeIgniter->run()
 6 SYSTEMPATH\Commands\Server\rewrite.php(43): require_once('FCPATH\\index.php')
CRITICAL - 2022-09-20 16:05:28 --> Undefined index: extra_id
in APPPATH\Controllers\Carrinho.php on line 62.
 1 APPPATH\Controllers\Carrinho.php(62): CodeIgniter\Debug\Exceptions->errorHandler(8, 'Undefined index: extra_id', 'APPPATH\\Controllers\\Carrinho.php', 62, [...])
 2 SYSTEMPATH\CodeIgniter.php(898): App\Controllers\Carrinho->adicionar()
 3 SYSTEMPATH\CodeIgniter.php(457): CodeIgniter\CodeIgniter->runController(Object(App\Controllers\Carrinho))
 4 SYSTEMPATH\CodeIgniter.php(340): CodeIgniter\CodeIgniter->handleRequest(null, Object(Config\Cache), false)
 5 FCPATH\index.php(67): CodeIgniter\CodeIgniter->run()
 6 SYSTEMPATH\Commands\Server\rewrite.php(43): require_once('FCPATH\\index.php')
CRITICAL - 2022-09-20 17:53:20 --> Undefined index: extra_id
in APPPATH\Controllers\Carrinho.php on line 62.
 1 APPPATH\Controllers\Carrinho.php(62): CodeIgniter\Debug\Exceptions->errorHandler(8, 'Undefined index: extra_id', 'APPPATH\\Controllers\\Carrinho.php', 62, [...])
 2 SYSTEMPATH\CodeIgniter.php(898): App\Controllers\Carrinho->adicionar()
 3 SYSTEMPATH\CodeIgniter.php(457): CodeIgniter\CodeIgniter->runController(Object(App\Controllers\Carrinho))
 4 SYSTEMPATH\CodeIgniter.php(340): CodeIgniter\CodeIgniter->handleRequest(null, Object(Config\Cache), false)
 5 FCPATH\index.php(67): CodeIgniter\CodeIgniter->run()
 6 SYSTEMPATH\Commands\Server\rewrite.php(43): require_once('FCPATH\\index.php')
