CRITICAL - 2022-09-02 09:03:28 --> Undefined variable: consulta
in APPPATH\Controllers\Admin\Bairros.php on line 167.
 1 APPPATH\Controllers\Admin\Bairros.php(167): CodeIgniter\Debug\Exceptions->errorHandler(8, 'Undefined variable: consulta', 'APPPATH\\Controllers\\Admin\\Bairros.php', 167, [...])
 2 SYSTEMPATH\CodeIgniter.php(898): App\Controllers\Admin\Bairros->consultaCep()
 3 SYSTEMPATH\CodeIgniter.php(457): CodeIgniter\CodeIgniter->runController(Object(App\Controllers\Admin\Bairros))
 4 SYSTEMPATH\CodeIgniter.php(340): CodeIgniter\CodeIgniter->handleRequest(null, Object(Config\Cache), false)
 5 FCPATH\index.php(67): CodeIgniter\CodeIgniter->run()
 6 SYSTEMPATH\Commands\Server\rewrite.php(43): require_once('FCPATH\\index.php')
CRITICAL - 2022-09-02 09:03:34 --> Undefined variable: consulta
in APPPATH\Controllers\Admin\Bairros.php on line 167.
 1 APPPATH\Controllers\Admin\Bairros.php(167): CodeIgniter\Debug\Exceptions->errorHandler(8, 'Undefined variable: consulta', 'APPPATH\\Controllers\\Admin\\Bairros.php', 167, [...])
 2 SYSTEMPATH\CodeIgniter.php(898): App\Controllers\Admin\Bairros->consultaCep()
 3 SYSTEMPATH\CodeIgniter.php(457): CodeIgniter\CodeIgniter->runController(Object(App\Controllers\Admin\Bairros))
 4 SYSTEMPATH\CodeIgniter.php(340): CodeIgniter\CodeIgniter->handleRequest(null, Object(Config\Cache), false)
 5 FCPATH\index.php(67): CodeIgniter\CodeIgniter->run()
 6 SYSTEMPATH\Commands\Server\rewrite.php(43): require_once('FCPATH\\index.php')
CRITICAL - 2022-09-02 09:03:39 --> Undefined variable: consulta
in APPPATH\Controllers\Admin\Bairros.php on line 167.
 1 APPPATH\Controllers\Admin\Bairros.php(167): CodeIgniter\Debug\Exceptions->errorHandler(8, 'Undefined variable: consulta', 'APPPATH\\Controllers\\Admin\\Bairros.php', 167, [...])
 2 SYSTEMPATH\CodeIgniter.php(898): App\Controllers\Admin\Bairros->consultaCep()
 3 SYSTEMPATH\CodeIgniter.php(457): CodeIgniter\CodeIgniter->runController(Object(App\Controllers\Admin\Bairros))
 4 SYSTEMPATH\CodeIgniter.php(340): CodeIgniter\CodeIgniter->handleRequest(null, Object(Config\Cache), false)
 5 FCPATH\index.php(67): CodeIgniter\CodeIgniter->run()
 6 SYSTEMPATH\Commands\Server\rewrite.php(43): require_once('FCPATH\\index.php')
CRITICAL - 2022-09-02 13:10:23 --> Undefined property: App\Controllers\Admin\Bairros::$load
in APPPATH\Controllers\Admin\Bairros.php on line 153.
 1 APPPATH\Controllers\Admin\Bairros.php(153): CodeIgniter\Debug\Exceptions->errorHandler(8, 'Undefined property: App\\Controllers\\Admin\\Bairros::$load', 'APPPATH\\Controllers\\Admin\\Bairros.php', 153, [...])
 2 SYSTEMPATH\CodeIgniter.php(898): App\Controllers\Admin\Bairros->consultaCep()
 3 SYSTEMPATH\CodeIgniter.php(457): CodeIgniter\CodeIgniter->runController(Object(App\Controllers\Admin\Bairros))
 4 SYSTEMPATH\CodeIgniter.php(340): CodeIgniter\CodeIgniter->handleRequest(null, Object(Config\Cache), false)
 5 FCPATH\index.php(67): CodeIgniter\CodeIgniter->run()
 6 SYSTEMPATH\Commands\Server\rewrite.php(43): require_once('FCPATH\\index.php')
CRITICAL - 2022-09-02 13:10:27 --> Undefined property: App\Controllers\Admin\Bairros::$load
in APPPATH\Controllers\Admin\Bairros.php on line 153.
 1 APPPATH\Controllers\Admin\Bairros.php(153): CodeIgniter\Debug\Exceptions->errorHandler(8, 'Undefined property: App\\Controllers\\Admin\\Bairros::$load', 'APPPATH\\Controllers\\Admin\\Bairros.php', 153, [...])
 2 SYSTEMPATH\CodeIgniter.php(898): App\Controllers\Admin\Bairros->consultaCep()
 3 SYSTEMPATH\CodeIgniter.php(457): CodeIgniter\CodeIgniter->runController(Object(App\Controllers\Admin\Bairros))
 4 SYSTEMPATH\CodeIgniter.php(340): CodeIgniter\CodeIgniter->handleRequest(null, Object(Config\Cache), false)
 5 FCPATH\index.php(67): CodeIgniter\CodeIgniter->run()
 6 SYSTEMPATH\Commands\Server\rewrite.php(43): require_once('FCPATH\\index.php')
CRITICAL - 2022-09-02 13:12:30 --> Call to undefined method App\Controllers\Admin\Bairros::helper()
in APPPATH\Controllers\Admin\Bairros.php on line 153.
 1 SYSTEMPATH\CodeIgniter.php(898): App\Controllers\Admin\Bairros->consultaCep()
 2 SYSTEMPATH\CodeIgniter.php(457): CodeIgniter\CodeIgniter->runController(Object(App\Controllers\Admin\Bairros))
 3 SYSTEMPATH\CodeIgniter.php(340): CodeIgniter\CodeIgniter->handleRequest(null, Object(Config\Cache), false)
 4 FCPATH\index.php(67): CodeIgniter\CodeIgniter->run()
 5 SYSTEMPATH\Commands\Server\rewrite.php(43): require_once('FCPATH\\index.php')
CRITICAL - 2022-09-02 13:12:34 --> Call to undefined method App\Controllers\Admin\Bairros::helper()
in APPPATH\Controllers\Admin\Bairros.php on line 153.
 1 SYSTEMPATH\CodeIgniter.php(898): App\Controllers\Admin\Bairros->consultaCep()
 2 SYSTEMPATH\CodeIgniter.php(457): CodeIgniter\CodeIgniter->runController(Object(App\Controllers\Admin\Bairros))
 3 SYSTEMPATH\CodeIgniter.php(340): CodeIgniter\CodeIgniter->handleRequest(null, Object(Config\Cache), false)
 4 FCPATH\index.php(67): CodeIgniter\CodeIgniter->run()
 5 SYSTEMPATH\Commands\Server\rewrite.php(43): require_once('FCPATH\\index.php')
CRITICAL - 2022-09-02 13:12:36 --> Call to undefined method App\Controllers\Admin\Bairros::helper()
in APPPATH\Controllers\Admin\Bairros.php on line 153.
 1 SYSTEMPATH\CodeIgniter.php(898): App\Controllers\Admin\Bairros->consultaCep()
 2 SYSTEMPATH\CodeIgniter.php(457): CodeIgniter\CodeIgniter->runController(Object(App\Controllers\Admin\Bairros))
 3 SYSTEMPATH\CodeIgniter.php(340): CodeIgniter\CodeIgniter->handleRequest(null, Object(Config\Cache), false)
 4 FCPATH\index.php(67): CodeIgniter\CodeIgniter->run()
 5 SYSTEMPATH\Commands\Server\rewrite.php(43): require_once('FCPATH\\index.php')
CRITICAL - 2022-09-02 13:17:21 --> Call to undefined function App\Controllers\Admin\consultaCep()
in APPPATH\Controllers\Admin\Bairros.php on line 155.
 1 SYSTEMPATH\CodeIgniter.php(898): App\Controllers\Admin\Bairros->consultaCep()
 2 SYSTEMPATH\CodeIgniter.php(457): CodeIgniter\CodeIgniter->runController(Object(App\Controllers\Admin\Bairros))
 3 SYSTEMPATH\CodeIgniter.php(340): CodeIgniter\CodeIgniter->handleRequest(null, Object(Config\Cache), false)
 4 FCPATH\index.php(67): CodeIgniter\CodeIgniter->run()
 5 SYSTEMPATH\Commands\Server\rewrite.php(43): require_once('FCPATH\\index.php')
CRITICAL - 2022-09-02 13:17:24 --> Call to undefined function App\Controllers\Admin\consultaCep()
in APPPATH\Controllers\Admin\Bairros.php on line 155.
 1 SYSTEMPATH\CodeIgniter.php(898): App\Controllers\Admin\Bairros->consultaCep()
 2 SYSTEMPATH\CodeIgniter.php(457): CodeIgniter\CodeIgniter->runController(Object(App\Controllers\Admin\Bairros))
 3 SYSTEMPATH\CodeIgniter.php(340): CodeIgniter\CodeIgniter->handleRequest(null, Object(Config\Cache), false)
 4 FCPATH\index.php(67): CodeIgniter\CodeIgniter->run()
 5 SYSTEMPATH\Commands\Server\rewrite.php(43): require_once('FCPATH\\index.php')
